{"C:\\Rohan\\AdminNAgent\\lib\\accessoryIdGenerator.js": {"path":"C:\\Rohan\\AdminNAgent\\lib\\accessoryIdGenerator.js","statementMap":{"0":{"start":{"line":17,"column":2},"end":{"line":17,"column":23}},"1":{"start":{"line":17,"column":13},"end":{"line":17,"column":23}},"2":{"start":{"line":19,"column":2},"end":{"line":28,"column":24}},"3":{"start":{"line":35,"column":2},"end":{"line":35,"column":33}},"4":{"start":{"line":35,"column":20},"end":{"line":35,"column":33}},"5":{"start":{"line":36,"column":18},"end":{"line":36,"column":72}},"6":{"start":{"line":37,"column":2},"end":{"line":37,"column":42}},"7":{"start":{"line":44,"column":2},"end":{"line":44,"column":23}},"8":{"start":{"line":44,"column":13},"end":{"line":44,"column":23}},"9":{"start":{"line":47,"column":18},"end":{"line":47,"column":74}},"10":{"start":{"line":48,"column":16},"end":{"line":48,"column":62}},"11":{"start":{"line":48,"column":49},"end":{"line":48,"column":61}},"12":{"start":{"line":50,"column":2},"end":{"line":50,"column":36}},"13":{"start":{"line":50,"column":26},"end":{"line":50,"column":36}},"14":{"start":{"line":53,"column":2},"end":{"line":55,"column":3}},"15":{"start":{"line":54,"column":4},"end":{"line":54,"column":44}},"16":{"start":{"line":58,"column":2},"end":{"line":60,"column":3}},"17":{"start":{"line":59,"column":4},"end":{"line":59,"column":20}},"18":{"start":{"line":63,"column":15},"end":{"line":63,"column":17}},"19":{"start":{"line":64,"column":2},"end":{"line":66,"column":3}},"20":{"start":{"line":64,"column":15},"end":{"line":64,"column":16}},"21":{"start":{"line":65,"column":4},"end":{"line":65,"column":26}},"22":{"start":{"line":69,"column":2},"end":{"line":71,"column":3}},"23":{"start":{"line":70,"column":4},"end":{"line":70,"column":67}},"24":{"start":{"line":73,"column":2},"end":{"line":73,"column":40}},"25":{"start":{"line":88,"column":2},"end":{"line":90,"column":3}},"26":{"start":{"line":89,"column":4},"end":{"line":89,"column":50}},"27":{"start":{"line":93,"column":19},"end":{"line":93,"column":46}},"28":{"start":{"line":96,"column":21},"end":{"line":96,"column":44}},"29":{"start":{"line":99,"column":20},"end":{"line":99,"column":51}},"30":{"start":{"line":102,"column":2},"end":{"line":120,"column":3}},"31":{"start":{"line":103,"column":18},"end":{"line":103,"column":19}},"32":{"start":{"line":104,"column":19},"end":{"line":104,"column":24}},"33":{"start":{"line":106,"column":4},"end":{"line":119,"column":5}},"34":{"start":{"line":107,"column":23},"end":{"line":109,"column":8}},"35":{"start":{"line":111,"column":6},"end":{"line":118,"column":7}},"36":{"start":{"line":112,"column":8},"end":{"line":112,"column":24}},"37":{"start":{"line":115,"column":20},"end":{"line":115,"column":52}},"38":{"start":{"line":116,"column":8},"end":{"line":116,"column":60}},"39":{"start":{"line":117,"column":8},"end":{"line":117,"column":18}},"40":{"start":{"line":122,"column":2},"end":{"line":122,"column":21}},"41":{"start":{"line":134,"column":2},"end":{"line":136,"column":3}},"42":{"start":{"line":135,"column":4},"end":{"line":135,"column":50}},"43":{"start":{"line":138,"column":19},"end":{"line":138,"column":46}},"44":{"start":{"line":139,"column":21},"end":{"line":139,"column":44}},"45":{"start":{"line":141,"column":2},"end":{"line":141,"column":41}}},"fnMap":{"0":{"name":"generateSlug","decl":{"start":{"line":16,"column":9},"end":{"line":16,"column":21}},"loc":{"start":{"line":16,"column":28},"end":{"line":29,"column":1}},"line":16},"1":{"name":"getProductCode","decl":{"start":{"line":34,"column":9},"end":{"line":34,"column":23}},"loc":{"start":{"line":34,"column":37},"end":{"line":38,"column":1}},"line":34},"2":{"name":"getSmartAbbrev","decl":{"start":{"line":43,"column":9},"end":{"line":43,"column":23}},"loc":{"start":{"line":43,"column":45},"end":{"line":74,"column":1}},"line":43},"3":{"name":"(anonymous_3)","decl":{"start":{"line":48,"column":44},"end":{"line":48,"column":45}},"loc":{"start":{"line":48,"column":49},"end":{"line":48,"column":61}},"line":48},"4":{"name":"generateAccessoryId","decl":{"start":{"line":87,"column":22},"end":{"line":87,"column":41}},"loc":{"start":{"line":87,"column":80},"end":{"line":123,"column":1}},"line":87},"5":{"name":"generateAccessoryIdSimple","decl":{"start":{"line":133,"column":16},"end":{"line":133,"column":41}},"loc":{"start":{"line":133,"column":61},"end":{"line":142,"column":1}},"line":133}},"branchMap":{"0":{"loc":{"start":{"line":17,"column":2},"end":{"line":17,"column":23}},"type":"if","locations":[{"start":{"line":17,"column":2},"end":{"line":17,"column":23}},{"start":{},"end":{}}],"line":17},"1":{"loc":{"start":{"line":35,"column":2},"end":{"line":35,"column":33}},"type":"if","locations":[{"start":{"line":35,"column":2},"end":{"line":35,"column":33}},{"start":{},"end":{}}],"line":35},"2":{"loc":{"start":{"line":37,"column":9},"end":{"line":37,"column":41}},"type":"binary-expr","locations":[{"start":{"line":37,"column":9},"end":{"line":37,"column":32}},{"start":{"line":37,"column":36},"end":{"line":37,"column":41}}],"line":37},"3":{"loc":{"start":{"line":43,"column":30},"end":{"line":43,"column":43}},"type":"default-arg","locations":[{"start":{"line":43,"column":42},"end":{"line":43,"column":43}}],"line":43},"4":{"loc":{"start":{"line":44,"column":2},"end":{"line":44,"column":23}},"type":"if","locations":[{"start":{"line":44,"column":2},"end":{"line":44,"column":23}},{"start":{},"end":{}}],"line":44},"5":{"loc":{"start":{"line":50,"column":2},"end":{"line":50,"column":36}},"type":"if","locations":[{"start":{"line":50,"column":2},"end":{"line":50,"column":36}},{"start":{},"end":{}}],"line":50},"6":{"loc":{"start":{"line":53,"column":2},"end":{"line":55,"column":3}},"type":"if","locations":[{"start":{"line":53,"column":2},"end":{"line":55,"column":3}},{"start":{},"end":{}}],"line":53},"7":{"loc":{"start":{"line":58,"column":2},"end":{"line":60,"column":3}},"type":"if","locations":[{"start":{"line":58,"column":2},"end":{"line":60,"column":3}},{"start":{},"end":{}}],"line":58},"8":{"loc":{"start":{"line":64,"column":18},"end":{"line":64,"column":63}},"type":"binary-expr","locations":[{"start":{"line":64,"column":18},"end":{"line":64,"column":34}},{"start":{"line":64,"column":38},"end":{"line":64,"column":63}}],"line":64},"9":{"loc":{"start":{"line":69,"column":2},"end":{"line":71,"column":3}},"type":"if","locations":[{"start":{"line":69,"column":2},"end":{"line":71,"column":3}},{"start":{},"end":{}}],"line":69},"10":{"loc":{"start":{"line":87,"column":63},"end":{"line":87,"column":76}},"type":"default-arg","locations":[{"start":{"line":87,"column":72},"end":{"line":87,"column":76}}],"line":87},"11":{"loc":{"start":{"line":88,"column":2},"end":{"line":90,"column":3}},"type":"if","locations":[{"start":{"line":88,"column":2},"end":{"line":90,"column":3}},{"start":{},"end":{}}],"line":88},"12":{"loc":{"start":{"line":102,"column":2},"end":{"line":120,"column":3}},"type":"if","locations":[{"start":{"line":102,"column":2},"end":{"line":120,"column":3}},{"start":{},"end":{}}],"line":102},"13":{"loc":{"start":{"line":106,"column":11},"end":{"line":106,"column":38}},"type":"binary-expr","locations":[{"start":{"line":106,"column":11},"end":{"line":106,"column":20}},{"start":{"line":106,"column":24},"end":{"line":106,"column":38}}],"line":106},"14":{"loc":{"start":{"line":111,"column":6},"end":{"line":118,"column":7}},"type":"if","locations":[{"start":{"line":111,"column":6},"end":{"line":118,"column":7}},{"start":{"line":113,"column":13},"end":{"line":118,"column":7}}],"line":111},"15":{"loc":{"start":{"line":134,"column":2},"end":{"line":136,"column":3}},"type":"if","locations":[{"start":{"line":134,"column":2},"end":{"line":136,"column":3}},{"start":{},"end":{}}],"line":134}},"s":{"0":0,"1":0,"2":0,"3":0,"4":0,"5":0,"6":0,"7":0,"8":0,"9":0,"10":0,"11":0,"12":0,"13":0,"14":0,"15":0,"16":0,"17":0,"18":0,"19":0,"20":0,"21":0,"22":0,"23":0,"24":0,"25":0,"26":0,"27":0,"28":0,"29":0,"30":0,"31":0,"32":0,"33":0,"34":0,"35":0,"36":0,"37":0,"38":0,"39":0,"40":0,"41":0,"42":0,"43":0,"44":0,"45":0},"f":{"0":0,"1":0,"2":0,"3":0,"4":0,"5":0},"b":{"0":[0,0],"1":[0,0],"2":[0,0],"3":[0],"4":[0,0],"5":[0,0],"6":[0,0],"7":[0,0],"8":[0,0],"9":[0,0],"10":[0],"11":[0,0],"12":[0,0],"13":[0,0],"14":[0,0],"15":[0,0]}}
,"C:\\Rohan\\AdminNAgent\\lib\\agentSocket.js": {"path":"C:\\Rohan\\AdminNAgent\\lib\\agentSocket.js","statementMap":{"0":{"start":{"line":15,"column":30},"end":{"line":49,"column":1}},"1":{"start":{"line":17,"column":2},"end":{"line":19,"column":3}},"2":{"start":{"line":18,"column":4},"end":{"line":18,"column":16}},"3":{"start":{"line":21,"column":2},"end":{"line":47,"column":3}},"4":{"start":{"line":23,"column":23},"end":{"line":23,"column":95}},"5":{"start":{"line":24,"column":23},"end":{"line":24,"column":100}},"6":{"start":{"line":25,"column":18},"end":{"line":25,"column":42}},"7":{"start":{"line":27,"column":4},"end":{"line":41,"column":7}},"8":{"start":{"line":43,"column":4},"end":{"line":43,"column":81}},"9":{"start":{"line":44,"column":4},"end":{"line":44,"column":70}},"10":{"start":{"line":45,"column":4},"end":{"line":45,"column":70}},"11":{"start":{"line":46,"column":4},"end":{"line":46,"column":81}},"12":{"start":{"line":48,"column":2},"end":{"line":48,"column":16}},"13":{"start":{"line":55,"column":34},"end":{"line":74,"column":1}},"14":{"start":{"line":56,"column":2},"end":{"line":56,"column":44}},"15":{"start":{"line":56,"column":37},"end":{"line":56,"column":44}},"16":{"start":{"line":58,"column":17},"end":{"line":58,"column":33}},"17":{"start":{"line":59,"column":2},"end":{"line":59,"column":22}},"18":{"start":{"line":59,"column":15},"end":{"line":59,"column":22}},"19":{"start":{"line":61,"column":2},"end":{"line":61,"column":93}},"20":{"start":{"line":64,"column":2},"end":{"line":64,"column":26}},"21":{"start":{"line":67,"column":2},"end":{"line":71,"column":3}},"22":{"start":{"line":68,"column":4},"end":{"line":68,"column":66}},"23":{"start":{"line":69,"column":4},"end":{"line":69,"column":24}},"24":{"start":{"line":70,"column":4},"end":{"line":70,"column":21}},"25":{"start":{"line":73,"column":2},"end":{"line":73,"column":51}},"26":{"start":{"line":80,"column":4},"end":{"line":80,"column":23}},"27":{"start":{"line":81,"column":4},"end":{"line":81,"column":29}},"28":{"start":{"line":82,"column":4},"end":{"line":82,"column":31}},"29":{"start":{"line":83,"column":4},"end":{"line":83,"column":41}},"30":{"start":{"line":84,"column":4},"end":{"line":84,"column":31}},"31":{"start":{"line":85,"column":4},"end":{"line":85,"column":35}},"32":{"start":{"line":86,"column":4},"end":{"line":86,"column":25}},"33":{"start":{"line":87,"column":4},"end":{"line":87,"column":31}},"34":{"start":{"line":88,"column":4},"end":{"line":88,"column":47}},"35":{"start":{"line":89,"column":4},"end":{"line":89,"column":22}},"36":{"start":{"line":90,"column":4},"end":{"line":92,"column":68}},"37":{"start":{"line":100,"column":4},"end":{"line":103,"column":5}},"38":{"start":{"line":101,"column":6},"end":{"line":101,"column":53}},"39":{"start":{"line":102,"column":6},"end":{"line":102,"column":13}},"40":{"start":{"line":105,"column":4},"end":{"line":108,"column":5}},"41":{"start":{"line":106,"column":6},"end":{"line":106,"column":54}},"42":{"start":{"line":107,"column":6},"end":{"line":107,"column":13}},"43":{"start":{"line":110,"column":4},"end":{"line":110,"column":23}},"44":{"start":{"line":113,"column":4},"end":{"line":116,"column":5}},"45":{"start":{"line":114,"column":6},"end":{"line":114,"column":31}},"46":{"start":{"line":115,"column":6},"end":{"line":115,"column":39}},"47":{"start":{"line":118,"column":4},"end":{"line":118,"column":93}},"48":{"start":{"line":120,"column":4},"end":{"line":140,"column":5}},"49":{"start":{"line":121,"column":6},"end":{"line":134,"column":9}},"50":{"start":{"line":136,"column":6},"end":{"line":136,"column":32}},"51":{"start":{"line":138,"column":6},"end":{"line":138,"column":79}},"52":{"start":{"line":139,"column":6},"end":{"line":139,"column":43}},"53":{"start":{"line":147,"column":4},"end":{"line":147,"column":29}},"54":{"start":{"line":147,"column":22},"end":{"line":147,"column":29}},"55":{"start":{"line":150,"column":4},"end":{"line":158,"column":7}},"56":{"start":{"line":151,"column":6},"end":{"line":151,"column":63}},"57":{"start":{"line":152,"column":6},"end":{"line":152,"column":30}},"58":{"start":{"line":153,"column":6},"end":{"line":153,"column":33}},"59":{"start":{"line":154,"column":6},"end":{"line":154,"column":47}},"60":{"start":{"line":157,"column":6},"end":{"line":157,"column":31}},"61":{"start":{"line":160,"column":4},"end":{"line":164,"column":7}},"62":{"start":{"line":161,"column":6},"end":{"line":161,"column":58}},"63":{"start":{"line":162,"column":6},"end":{"line":162,"column":31}},"64":{"start":{"line":163,"column":6},"end":{"line":163,"column":50}},"65":{"start":{"line":166,"column":4},"end":{"line":171,"column":7}},"66":{"start":{"line":167,"column":6},"end":{"line":167,"column":80}},"67":{"start":{"line":168,"column":6},"end":{"line":168,"column":31}},"68":{"start":{"line":169,"column":6},"end":{"line":169,"column":31}},"69":{"start":{"line":170,"column":6},"end":{"line":170,"column":43}},"70":{"start":{"line":173,"column":4},"end":{"line":176,"column":7}},"71":{"start":{"line":174,"column":6},"end":{"line":174,"column":59}},"72":{"start":{"line":175,"column":6},"end":{"line":175,"column":43}},"73":{"start":{"line":178,"column":4},"end":{"line":184,"column":7}},"74":{"start":{"line":179,"column":6},"end":{"line":179,"column":82}},"75":{"start":{"line":180,"column":6},"end":{"line":180,"column":30}},"76":{"start":{"line":181,"column":6},"end":{"line":181,"column":33}},"77":{"start":{"line":182,"column":6},"end":{"line":182,"column":47}},"78":{"start":{"line":183,"column":6},"end":{"line":183,"column":31}},"79":{"start":{"line":186,"column":4},"end":{"line":189,"column":7}},"80":{"start":{"line":187,"column":6},"end":{"line":187,"column":74}},"81":{"start":{"line":188,"column":6},"end":{"line":188,"column":50}},"82":{"start":{"line":191,"column":4},"end":{"line":194,"column":7}},"83":{"start":{"line":192,"column":6},"end":{"line":192,"column":59}},"84":{"start":{"line":193,"column":6},"end":{"line":193,"column":44}},"85":{"start":{"line":197,"column":4},"end":{"line":199,"column":7}},"86":{"start":{"line":198,"column":6},"end":{"line":198,"column":69}},"87":{"start":{"line":201,"column":4},"end":{"line":203,"column":7}},"88":{"start":{"line":202,"column":6},"end":{"line":202,"column":67}},"89":{"start":{"line":206,"column":4},"end":{"line":209,"column":7}},"90":{"start":{"line":207,"column":6},"end":{"line":207,"column":68}},"91":{"start":{"line":208,"column":6},"end":{"line":208,"column":49}},"92":{"start":{"line":211,"column":4},"end":{"line":214,"column":7}},"93":{"start":{"line":212,"column":6},"end":{"line":212,"column":65}},"94":{"start":{"line":213,"column":6},"end":{"line":213,"column":46}},"95":{"start":{"line":216,"column":4},"end":{"line":219,"column":7}},"96":{"start":{"line":217,"column":6},"end":{"line":217,"column":70}},"97":{"start":{"line":218,"column":6},"end":{"line":218,"column":51}},"98":{"start":{"line":221,"column":4},"end":{"line":224,"column":7}},"99":{"start":{"line":222,"column":6},"end":{"line":222,"column":72}},"100":{"start":{"line":223,"column":6},"end":{"line":223,"column":53}},"101":{"start":{"line":227,"column":4},"end":{"line":229,"column":7}},"102":{"start":{"line":228,"column":6},"end":{"line":228,"column":38}},"103":{"start":{"line":231,"column":4},"end":{"line":233,"column":7}},"104":{"start":{"line":232,"column":6},"end":{"line":232,"column":37}},"105":{"start":{"line":236,"column":4},"end":{"line":238,"column":7}},"106":{"start":{"line":237,"column":6},"end":{"line":237,"column":47}},"107":{"start":{"line":241,"column":4},"end":{"line":244,"column":7}},"108":{"start":{"line":242,"column":6},"end":{"line":242,"column":78}},"109":{"start":{"line":243,"column":6},"end":{"line":243,"column":50}},"110":{"start":{"line":247,"column":4},"end":{"line":250,"column":7}},"111":{"start":{"line":249,"column":6},"end":{"line":249,"column":38}},"112":{"start":{"line":257,"column":4},"end":{"line":262,"column":5}},"113":{"start":{"line":258,"column":6},"end":{"line":258,"column":31}},"114":{"start":{"line":259,"column":6},"end":{"line":259,"column":25}},"115":{"start":{"line":260,"column":6},"end":{"line":260,"column":31}},"116":{"start":{"line":261,"column":6},"end":{"line":261,"column":50}},"117":{"start":{"line":270,"column":4},"end":{"line":274,"column":5}},"118":{"start":{"line":271,"column":6},"end":{"line":271,"column":77}},"119":{"start":{"line":272,"column":6},"end":{"line":272,"column":63}},"120":{"start":{"line":273,"column":6},"end":{"line":273,"column":13}},"121":{"start":{"line":276,"column":4},"end":{"line":282,"column":7}},"122":{"start":{"line":277,"column":6},"end":{"line":281,"column":7}},"123":{"start":{"line":278,"column":8},"end":{"line":278,"column":75}},"124":{"start":{"line":280,"column":8},"end":{"line":280,"column":74}},"125":{"start":{"line":290,"column":4},"end":{"line":292,"column":5}},"126":{"start":{"line":291,"column":6},"end":{"line":291,"column":13}},"127":{"start":{"line":294,"column":4},"end":{"line":298,"column":7}},"128":{"start":{"line":295,"column":6},"end":{"line":297,"column":7}},"129":{"start":{"line":296,"column":8},"end":{"line":296,"column":73}},"130":{"start":{"line":308,"column":4},"end":{"line":312,"column":5}},"131":{"start":{"line":309,"column":6},"end":{"line":309,"column":72}},"132":{"start":{"line":310,"column":6},"end":{"line":310,"column":77}},"133":{"start":{"line":311,"column":6},"end":{"line":311,"column":13}},"134":{"start":{"line":314,"column":4},"end":{"line":326,"column":7}},"135":{"start":{"line":319,"column":6},"end":{"line":325,"column":7}},"136":{"start":{"line":320,"column":8},"end":{"line":320,"column":67}},"137":{"start":{"line":321,"column":8},"end":{"line":321,"column":89}},"138":{"start":{"line":323,"column":8},"end":{"line":323,"column":69}},"139":{"start":{"line":324,"column":8},"end":{"line":324,"column":88}},"140":{"start":{"line":334,"column":4},"end":{"line":336,"column":5}},"141":{"start":{"line":335,"column":6},"end":{"line":335,"column":13}},"142":{"start":{"line":338,"column":4},"end":{"line":338,"column":57}},"143":{"start":{"line":346,"column":4},"end":{"line":348,"column":5}},"144":{"start":{"line":347,"column":6},"end":{"line":347,"column":13}},"145":{"start":{"line":350,"column":4},"end":{"line":350,"column":56}},"146":{"start":{"line":358,"column":4},"end":{"line":360,"column":5}},"147":{"start":{"line":359,"column":6},"end":{"line":359,"column":13}},"148":{"start":{"line":362,"column":4},"end":{"line":366,"column":7}},"149":{"start":{"line":363,"column":6},"end":{"line":365,"column":7}},"150":{"start":{"line":364,"column":8},"end":{"line":364,"column":64}},"151":{"start":{"line":374,"column":4},"end":{"line":376,"column":5}},"152":{"start":{"line":375,"column":6},"end":{"line":375,"column":13}},"153":{"start":{"line":378,"column":4},"end":{"line":382,"column":7}},"154":{"start":{"line":379,"column":6},"end":{"line":381,"column":7}},"155":{"start":{"line":380,"column":8},"end":{"line":380,"column":70}},"156":{"start":{"line":391,"column":4},"end":{"line":393,"column":5}},"157":{"start":{"line":392,"column":6},"end":{"line":392,"column":43}},"158":{"start":{"line":394,"column":4},"end":{"line":394,"column":44}},"159":{"start":{"line":403,"column":4},"end":{"line":405,"column":5}},"160":{"start":{"line":404,"column":6},"end":{"line":404,"column":49}},"161":{"start":{"line":414,"column":4},"end":{"line":422,"column":5}},"162":{"start":{"line":415,"column":6},"end":{"line":421,"column":9}},"163":{"start":{"line":416,"column":8},"end":{"line":420,"column":9}},"164":{"start":{"line":417,"column":10},"end":{"line":417,"column":25}},"165":{"start":{"line":419,"column":10},"end":{"line":419,"column":72}},"166":{"start":{"line":431,"column":4},"end":{"line":431,"column":65}},"167":{"start":{"line":432,"column":4},"end":{"line":432,"column":96}},"168":{"start":{"line":439,"column":4},"end":{"line":439,"column":45}},"169":{"start":{"line":439,"column":38},"end":{"line":439,"column":45}},"170":{"start":{"line":441,"column":4},"end":{"line":441,"column":85}},"171":{"start":{"line":443,"column":4},"end":{"line":462,"column":5}},"172":{"start":{"line":444,"column":30},"end":{"line":444,"column":53}},"173":{"start":{"line":446,"column":6},"end":{"line":461,"column":7}},"174":{"start":{"line":447,"column":8},"end":{"line":458,"column":9}},"175":{"start":{"line":449,"column":12},"end":{"line":449,"column":55}},"176":{"start":{"line":450,"column":12},"end":{"line":450,"column":18}},"177":{"start":{"line":452,"column":12},"end":{"line":452,"column":79}},"178":{"start":{"line":453,"column":12},"end":{"line":453,"column":18}},"179":{"start":{"line":455,"column":12},"end":{"line":457,"column":13}},"180":{"start":{"line":456,"column":14},"end":{"line":456,"column":44}},"181":{"start":{"line":460,"column":8},"end":{"line":460,"column":72}},"182":{"start":{"line":470,"column":4},"end":{"line":470,"column":49}},"183":{"start":{"line":478,"column":4},"end":{"line":478,"column":52}},"184":{"start":{"line":486,"column":4},"end":{"line":492,"column":7}},"185":{"start":{"line":487,"column":6},"end":{"line":491,"column":7}},"186":{"start":{"line":488,"column":8},"end":{"line":488,"column":25}},"187":{"start":{"line":490,"column":8},"end":{"line":490,"column":69}},"188":{"start":{"line":500,"column":4},"end":{"line":500,"column":44}},"189":{"start":{"line":500,"column":22},"end":{"line":500,"column":44}},"190":{"start":{"line":501,"column":4},"end":{"line":501,"column":50}},"191":{"start":{"line":501,"column":31},"end":{"line":501,"column":50}},"192":{"start":{"line":502,"column":4},"end":{"line":502,"column":52}},"193":{"start":{"line":502,"column":32},"end":{"line":502,"column":52}},"194":{"start":{"line":503,"column":4},"end":{"line":503,"column":26}},"195":{"start":{"line":510,"column":4},"end":{"line":512,"column":5}},"196":{"start":{"line":511,"column":6},"end":{"line":511,"column":44}},"197":{"start":{"line":514,"column":4},"end":{"line":518,"column":17}},"198":{"start":{"line":515,"column":6},"end":{"line":517,"column":7}},"199":{"start":{"line":516,"column":8},"end":{"line":516,"column":33}},"200":{"start":{"line":525,"column":4},"end":{"line":528,"column":5}},"201":{"start":{"line":526,"column":6},"end":{"line":526,"column":44}},"202":{"start":{"line":527,"column":6},"end":{"line":527,"column":36}},"203":{"start":{"line":533,"column":26},"end":{"line":533,"column":30}},"204":{"start":{"line":541,"column":2},"end":{"line":543,"column":3}},"205":{"start":{"line":542,"column":4},"end":{"line":542,"column":44}},"206":{"start":{"line":544,"column":2},"end":{"line":544,"column":29}}},"fnMap":{"0":{"name":"(anonymous_0)","decl":{"start":{"line":15,"column":30},"end":{"line":15,"column":31}},"loc":{"start":{"line":15,"column":36},"end":{"line":49,"column":1}},"line":15},"1":{"name":"(anonymous_1)","decl":{"start":{"line":55,"column":34},"end":{"line":55,"column":35}},"loc":{"start":{"line":55,"column":45},"end":{"line":74,"column":1}},"line":55},"2":{"name":"(anonymous_2)","decl":{"start":{"line":79,"column":2},"end":{"line":79,"column":3}},"loc":{"start":{"line":79,"column":16},"end":{"line":93,"column":3}},"line":79},"3":{"name":"(anonymous_3)","decl":{"start":{"line":99,"column":2},"end":{"line":99,"column":3}},"loc":{"start":{"line":99,"column":17},"end":{"line":141,"column":3}},"line":99},"4":{"name":"(anonymous_4)","decl":{"start":{"line":146,"column":2},"end":{"line":146,"column":3}},"loc":{"start":{"line":146,"column":23},"end":{"line":251,"column":3}},"line":146},"5":{"name":"(anonymous_5)","decl":{"start":{"line":150,"column":30},"end":{"line":150,"column":31}},"loc":{"start":{"line":150,"column":36},"end":{"line":158,"column":5}},"line":150},"6":{"name":"(anonymous_6)","decl":{"start":{"line":160,"column":33},"end":{"line":160,"column":34}},"loc":{"start":{"line":160,"column":45},"end":{"line":164,"column":5}},"line":160},"7":{"name":"(anonymous_7)","decl":{"start":{"line":166,"column":36},"end":{"line":166,"column":37}},"loc":{"start":{"line":166,"column":47},"end":{"line":171,"column":5}},"line":166},"8":{"name":"(anonymous_8)","decl":{"start":{"line":173,"column":28},"end":{"line":173,"column":29}},"loc":{"start":{"line":173,"column":39},"end":{"line":176,"column":5}},"line":173},"9":{"name":"(anonymous_9)","decl":{"start":{"line":178,"column":32},"end":{"line":178,"column":33}},"loc":{"start":{"line":178,"column":51},"end":{"line":184,"column":5}},"line":178},"10":{"name":"(anonymous_10)","decl":{"start":{"line":186,"column":40},"end":{"line":186,"column":41}},"loc":{"start":{"line":186,"column":59},"end":{"line":189,"column":5}},"line":186},"11":{"name":"(anonymous_11)","decl":{"start":{"line":191,"column":39},"end":{"line":191,"column":40}},"loc":{"start":{"line":191,"column":45},"end":{"line":194,"column":5}},"line":191},"12":{"name":"(anonymous_12)","decl":{"start":{"line":197,"column":35},"end":{"line":197,"column":36}},"loc":{"start":{"line":197,"column":45},"end":{"line":199,"column":5}},"line":197},"13":{"name":"(anonymous_13)","decl":{"start":{"line":201,"column":33},"end":{"line":201,"column":34}},"loc":{"start":{"line":201,"column":44},"end":{"line":203,"column":5}},"line":201},"14":{"name":"(anonymous_14)","decl":{"start":{"line":206,"column":38},"end":{"line":206,"column":39}},"loc":{"start":{"line":206,"column":55},"end":{"line":209,"column":5}},"line":206},"15":{"name":"(anonymous_15)","decl":{"start":{"line":211,"column":37},"end":{"line":211,"column":38}},"loc":{"start":{"line":211,"column":53},"end":{"line":214,"column":5}},"line":211},"16":{"name":"(anonymous_16)","decl":{"start":{"line":216,"column":38},"end":{"line":216,"column":39}},"loc":{"start":{"line":216,"column":58},"end":{"line":219,"column":5}},"line":216},"17":{"name":"(anonymous_17)","decl":{"start":{"line":221,"column":44},"end":{"line":221,"column":45}},"loc":{"start":{"line":221,"column":60},"end":{"line":224,"column":5}},"line":221},"18":{"name":"(anonymous_18)","decl":{"start":{"line":227,"column":35},"end":{"line":227,"column":36}},"loc":{"start":{"line":227,"column":45},"end":{"line":229,"column":5}},"line":227},"19":{"name":"(anonymous_19)","decl":{"start":{"line":231,"column":34},"end":{"line":231,"column":35}},"loc":{"start":{"line":231,"column":44},"end":{"line":233,"column":5}},"line":231},"20":{"name":"(anonymous_20)","decl":{"start":{"line":236,"column":44},"end":{"line":236,"column":45}},"loc":{"start":{"line":236,"column":54},"end":{"line":238,"column":5}},"line":236},"21":{"name":"(anonymous_21)","decl":{"start":{"line":241,"column":35},"end":{"line":241,"column":36}},"loc":{"start":{"line":241,"column":57},"end":{"line":244,"column":5}},"line":241},"22":{"name":"(anonymous_22)","decl":{"start":{"line":247,"column":27},"end":{"line":247,"column":28}},"loc":{"start":{"line":247,"column":33},"end":{"line":250,"column":5}},"line":247},"23":{"name":"(anonymous_23)","decl":{"start":{"line":256,"column":2},"end":{"line":256,"column":3}},"loc":{"start":{"line":256,"column":15},"end":{"line":263,"column":3}},"line":256},"24":{"name":"(anonymous_24)","decl":{"start":{"line":269,"column":2},"end":{"line":269,"column":3}},"loc":{"start":{"line":269,"column":35},"end":{"line":283,"column":3}},"line":269},"25":{"name":"(anonymous_25)","decl":{"start":{"line":276,"column":62},"end":{"line":276,"column":63}},"loc":{"start":{"line":276,"column":71},"end":{"line":282,"column":5}},"line":276},"26":{"name":"(anonymous_26)","decl":{"start":{"line":289,"column":2},"end":{"line":289,"column":3}},"loc":{"start":{"line":289,"column":36},"end":{"line":299,"column":3}},"line":289},"27":{"name":"(anonymous_27)","decl":{"start":{"line":294,"column":57},"end":{"line":294,"column":58}},"loc":{"start":{"line":294,"column":66},"end":{"line":298,"column":5}},"line":294},"28":{"name":"(anonymous_28)","decl":{"start":{"line":307,"column":2},"end":{"line":307,"column":3}},"loc":{"start":{"line":307,"column":54},"end":{"line":327,"column":3}},"line":307},"29":{"name":"(anonymous_29)","decl":{"start":{"line":318,"column":7},"end":{"line":318,"column":8}},"loc":{"start":{"line":318,"column":16},"end":{"line":326,"column":5}},"line":318},"30":{"name":"(anonymous_30)","decl":{"start":{"line":333,"column":2},"end":{"line":333,"column":3}},"loc":{"start":{"line":333,"column":30},"end":{"line":339,"column":3}},"line":333},"31":{"name":"(anonymous_31)","decl":{"start":{"line":345,"column":2},"end":{"line":345,"column":3}},"loc":{"start":{"line":345,"column":29},"end":{"line":351,"column":3}},"line":345},"32":{"name":"(anonymous_32)","decl":{"start":{"line":357,"column":2},"end":{"line":357,"column":3}},"loc":{"start":{"line":357,"column":25},"end":{"line":367,"column":3}},"line":357},"33":{"name":"(anonymous_33)","decl":{"start":{"line":362,"column":52},"end":{"line":362,"column":53}},"loc":{"start":{"line":362,"column":61},"end":{"line":366,"column":5}},"line":362},"34":{"name":"(anonymous_34)","decl":{"start":{"line":373,"column":2},"end":{"line":373,"column":3}},"loc":{"start":{"line":373,"column":29},"end":{"line":383,"column":3}},"line":373},"35":{"name":"(anonymous_35)","decl":{"start":{"line":378,"column":56},"end":{"line":378,"column":57}},"loc":{"start":{"line":378,"column":65},"end":{"line":382,"column":5}},"line":378},"36":{"name":"(anonymous_36)","decl":{"start":{"line":390,"column":2},"end":{"line":390,"column":3}},"loc":{"start":{"line":390,"column":22},"end":{"line":395,"column":3}},"line":390},"37":{"name":"(anonymous_37)","decl":{"start":{"line":402,"column":2},"end":{"line":402,"column":3}},"loc":{"start":{"line":402,"column":23},"end":{"line":406,"column":3}},"line":402},"38":{"name":"(anonymous_38)","decl":{"start":{"line":413,"column":2},"end":{"line":413,"column":3}},"loc":{"start":{"line":413,"column":20},"end":{"line":423,"column":3}},"line":413},"39":{"name":"(anonymous_39)","decl":{"start":{"line":415,"column":40},"end":{"line":415,"column":41}},"loc":{"start":{"line":415,"column":52},"end":{"line":421,"column":7}},"line":415},"40":{"name":"(anonymous_40)","decl":{"start":{"line":430,"column":2},"end":{"line":430,"column":3}},"loc":{"start":{"line":430,"column":26},"end":{"line":433,"column":3}},"line":430},"41":{"name":"(anonymous_41)","decl":{"start":{"line":438,"column":2},"end":{"line":438,"column":3}},"loc":{"start":{"line":438,"column":22},"end":{"line":463,"column":3}},"line":438},"42":{"name":"(anonymous_42)","decl":{"start":{"line":469,"column":2},"end":{"line":469,"column":3}},"loc":{"start":{"line":469,"column":37},"end":{"line":471,"column":3}},"line":469},"43":{"name":"(anonymous_43)","decl":{"start":{"line":477,"column":2},"end":{"line":477,"column":3}},"loc":{"start":{"line":477,"column":38},"end":{"line":479,"column":3}},"line":477},"44":{"name":"(anonymous_44)","decl":{"start":{"line":485,"column":2},"end":{"line":485,"column":3}},"loc":{"start":{"line":485,"column":33},"end":{"line":493,"column":3}},"line":485},"45":{"name":"(anonymous_45)","decl":{"start":{"line":486,"column":43},"end":{"line":486,"column":44}},"loc":{"start":{"line":486,"column":55},"end":{"line":492,"column":5}},"line":486},"46":{"name":"(anonymous_46)","decl":{"start":{"line":499,"column":2},"end":{"line":499,"column":3}},"loc":{"start":{"line":499,"column":24},"end":{"line":504,"column":3}},"line":499},"47":{"name":"(anonymous_47)","decl":{"start":{"line":509,"column":2},"end":{"line":509,"column":3}},"loc":{"start":{"line":509,"column":35},"end":{"line":519,"column":3}},"line":509},"48":{"name":"(anonymous_48)","decl":{"start":{"line":514,"column":41},"end":{"line":514,"column":42}},"loc":{"start":{"line":514,"column":47},"end":{"line":518,"column":5}},"line":514},"49":{"name":"(anonymous_49)","decl":{"start":{"line":524,"column":2},"end":{"line":524,"column":3}},"loc":{"start":{"line":524,"column":18},"end":{"line":529,"column":3}},"line":524},"50":{"name":"getAgentSocketLegacy","decl":{"start":{"line":540,"column":16},"end":{"line":540,"column":36}},"loc":{"start":{"line":540,"column":39},"end":{"line":545,"column":1}},"line":540}},"branchMap":{"0":{"loc":{"start":{"line":17,"column":2},"end":{"line":19,"column":3}},"type":"if","locations":[{"start":{"line":17,"column":2},"end":{"line":19,"column":3}},{"start":{},"end":{}}],"line":17},"1":{"loc":{"start":{"line":21,"column":2},"end":{"line":47,"column":3}},"type":"if","locations":[{"start":{"line":21,"column":2},"end":{"line":47,"column":3}},{"start":{},"end":{}}],"line":21},"2":{"loc":{"start":{"line":23,"column":23},"end":{"line":23,"column":95}},"type":"cond-expr","locations":[{"start":{"line":23,"column":55},"end":{"line":23,"column":88}},{"start":{"line":23,"column":91},"end":{"line":23,"column":95}}],"line":23},"3":{"loc":{"start":{"line":24,"column":23},"end":{"line":24,"column":100}},"type":"cond-expr","locations":[{"start":{"line":24,"column":55},"end":{"line":24,"column":93}},{"start":{"line":24,"column":96},"end":{"line":24,"column":100}}],"line":24},"4":{"loc":{"start":{"line":25,"column":18},"end":{"line":25,"column":42}},"type":"binary-expr","locations":[{"start":{"line":25,"column":18},"end":{"line":25,"column":28}},{"start":{"line":25,"column":32},"end":{"line":25,"column":42}}],"line":25},"5":{"loc":{"start":{"line":46,"column":55},"end":{"line":46,"column":79}},"type":"cond-expr","locations":[{"start":{"line":46,"column":63},"end":{"line":46,"column":75}},{"start":{"line":46,"column":78},"end":{"line":46,"column":79}}],"line":46},"6":{"loc":{"start":{"line":56,"column":2},"end":{"line":56,"column":44}},"type":"if","locations":[{"start":{"line":56,"column":2},"end":{"line":56,"column":44}},{"start":{},"end":{}}],"line":56},"7":{"loc":{"start":{"line":59,"column":2},"end":{"line":59,"column":22}},"type":"if","locations":[{"start":{"line":59,"column":2},"end":{"line":59,"column":22}},{"start":{},"end":{}}],"line":59},"8":{"loc":{"start":{"line":61,"column":62},"end":{"line":61,"column":86}},"type":"cond-expr","locations":[{"start":{"line":61,"column":70},"end":{"line":61,"column":82}},{"start":{"line":61,"column":85},"end":{"line":61,"column":86}}],"line":61},"9":{"loc":{"start":{"line":67,"column":2},"end":{"line":71,"column":3}},"type":"if","locations":[{"start":{"line":67,"column":2},"end":{"line":71,"column":3}},{"start":{},"end":{}}],"line":67},"10":{"loc":{"start":{"line":90,"column":19},"end":{"line":92,"column":67}},"type":"cond-expr","locations":[{"start":{"line":91,"column":8},"end":{"line":91,"column":30}},{"start":{"line":92,"column":8},"end":{"line":92,"column":67}}],"line":90},"11":{"loc":{"start":{"line":92,"column":8},"end":{"line":92,"column":67}},"type":"binary-expr","locations":[{"start":{"line":92,"column":8},"end":{"line":92,"column":40}},{"start":{"line":92,"column":44},"end":{"line":92,"column":67}}],"line":92},"12":{"loc":{"start":{"line":100,"column":4},"end":{"line":103,"column":5}},"type":"if","locations":[{"start":{"line":100,"column":4},"end":{"line":103,"column":5}},{"start":{},"end":{}}],"line":100},"13":{"loc":{"start":{"line":105,"column":4},"end":{"line":108,"column":5}},"type":"if","locations":[{"start":{"line":105,"column":4},"end":{"line":108,"column":5}},{"start":{},"end":{}}],"line":105},"14":{"loc":{"start":{"line":113,"column":4},"end":{"line":116,"column":5}},"type":"if","locations":[{"start":{"line":113,"column":4},"end":{"line":116,"column":5}},{"start":{},"end":{}}],"line":113},"15":{"loc":{"start":{"line":147,"column":4},"end":{"line":147,"column":29}},"type":"if","locations":[{"start":{"line":147,"column":4},"end":{"line":147,"column":29}},{"start":{},"end":{}}],"line":147},"16":{"loc":{"start":{"line":167,"column":56},"end":{"line":167,"column":78}},"type":"binary-expr","locations":[{"start":{"line":167,"column":56},"end":{"line":167,"column":69}},{"start":{"line":167,"column":73},"end":{"line":167,"column":78}}],"line":167},"17":{"loc":{"start":{"line":257,"column":4},"end":{"line":262,"column":5}},"type":"if","locations":[{"start":{"line":257,"column":4},"end":{"line":262,"column":5}},{"start":{},"end":{}}],"line":257},"18":{"loc":{"start":{"line":270,"column":4},"end":{"line":274,"column":5}},"type":"if","locations":[{"start":{"line":270,"column":4},"end":{"line":274,"column":5}},{"start":{},"end":{}}],"line":270},"19":{"loc":{"start":{"line":270,"column":8},"end":{"line":270,"column":41}},"type":"binary-expr","locations":[{"start":{"line":270,"column":8},"end":{"line":270,"column":20}},{"start":{"line":270,"column":24},"end":{"line":270,"column":41}}],"line":270},"20":{"loc":{"start":{"line":277,"column":6},"end":{"line":281,"column":7}},"type":"if","locations":[{"start":{"line":277,"column":6},"end":{"line":281,"column":7}},{"start":{"line":279,"column":13},"end":{"line":281,"column":7}}],"line":277},"21":{"loc":{"start":{"line":290,"column":4},"end":{"line":292,"column":5}},"type":"if","locations":[{"start":{"line":290,"column":4},"end":{"line":292,"column":5}},{"start":{},"end":{}}],"line":290},"22":{"loc":{"start":{"line":290,"column":8},"end":{"line":290,"column":41}},"type":"binary-expr","locations":[{"start":{"line":290,"column":8},"end":{"line":290,"column":20}},{"start":{"line":290,"column":24},"end":{"line":290,"column":41}}],"line":290},"23":{"loc":{"start":{"line":295,"column":6},"end":{"line":297,"column":7}},"type":"if","locations":[{"start":{"line":295,"column":6},"end":{"line":297,"column":7}},{"start":{},"end":{}}],"line":295},"24":{"loc":{"start":{"line":307,"column":39},"end":{"line":307,"column":52}},"type":"default-arg","locations":[{"start":{"line":307,"column":50},"end":{"line":307,"column":52}}],"line":307},"25":{"loc":{"start":{"line":308,"column":4},"end":{"line":312,"column":5}},"type":"if","locations":[{"start":{"line":308,"column":4},"end":{"line":312,"column":5}},{"start":{},"end":{}}],"line":308},"26":{"loc":{"start":{"line":308,"column":8},"end":{"line":308,"column":41}},"type":"binary-expr","locations":[{"start":{"line":308,"column":8},"end":{"line":308,"column":20}},{"start":{"line":308,"column":24},"end":{"line":308,"column":41}}],"line":308},"27":{"loc":{"start":{"line":319,"column":6},"end":{"line":325,"column":7}},"type":"if","locations":[{"start":{"line":319,"column":6},"end":{"line":325,"column":7}},{"start":{"line":322,"column":13},"end":{"line":325,"column":7}}],"line":319},"28":{"loc":{"start":{"line":324,"column":44},"end":{"line":324,"column":84}},"type":"binary-expr","locations":[{"start":{"line":324,"column":44},"end":{"line":324,"column":56}},{"start":{"line":324,"column":60},"end":{"line":324,"column":84}}],"line":324},"29":{"loc":{"start":{"line":334,"column":4},"end":{"line":336,"column":5}},"type":"if","locations":[{"start":{"line":334,"column":4},"end":{"line":336,"column":5}},{"start":{},"end":{}}],"line":334},"30":{"loc":{"start":{"line":334,"column":8},"end":{"line":334,"column":41}},"type":"binary-expr","locations":[{"start":{"line":334,"column":8},"end":{"line":334,"column":20}},{"start":{"line":334,"column":24},"end":{"line":334,"column":41}}],"line":334},"31":{"loc":{"start":{"line":346,"column":4},"end":{"line":348,"column":5}},"type":"if","locations":[{"start":{"line":346,"column":4},"end":{"line":348,"column":5}},{"start":{},"end":{}}],"line":346},"32":{"loc":{"start":{"line":346,"column":8},"end":{"line":346,"column":41}},"type":"binary-expr","locations":[{"start":{"line":346,"column":8},"end":{"line":346,"column":20}},{"start":{"line":346,"column":24},"end":{"line":346,"column":41}}],"line":346},"33":{"loc":{"start":{"line":358,"column":4},"end":{"line":360,"column":5}},"type":"if","locations":[{"start":{"line":358,"column":4},"end":{"line":360,"column":5}},{"start":{},"end":{}}],"line":358},"34":{"loc":{"start":{"line":358,"column":8},"end":{"line":358,"column":41}},"type":"binary-expr","locations":[{"start":{"line":358,"column":8},"end":{"line":358,"column":20}},{"start":{"line":358,"column":24},"end":{"line":358,"column":41}}],"line":358},"35":{"loc":{"start":{"line":363,"column":6},"end":{"line":365,"column":7}},"type":"if","locations":[{"start":{"line":363,"column":6},"end":{"line":365,"column":7}},{"start":{},"end":{}}],"line":363},"36":{"loc":{"start":{"line":374,"column":4},"end":{"line":376,"column":5}},"type":"if","locations":[{"start":{"line":374,"column":4},"end":{"line":376,"column":5}},{"start":{},"end":{}}],"line":374},"37":{"loc":{"start":{"line":374,"column":8},"end":{"line":374,"column":41}},"type":"binary-expr","locations":[{"start":{"line":374,"column":8},"end":{"line":374,"column":20}},{"start":{"line":374,"column":24},"end":{"line":374,"column":41}}],"line":374},"38":{"loc":{"start":{"line":379,"column":6},"end":{"line":381,"column":7}},"type":"if","locations":[{"start":{"line":379,"column":6},"end":{"line":381,"column":7}},{"start":{},"end":{}}],"line":379},"39":{"loc":{"start":{"line":391,"column":4},"end":{"line":393,"column":5}},"type":"if","locations":[{"start":{"line":391,"column":4},"end":{"line":393,"column":5}},{"start":{},"end":{}}],"line":391},"40":{"loc":{"start":{"line":403,"column":4},"end":{"line":405,"column":5}},"type":"if","locations":[{"start":{"line":403,"column":4},"end":{"line":405,"column":5}},{"start":{},"end":{}}],"line":403},"41":{"loc":{"start":{"line":414,"column":4},"end":{"line":422,"column":5}},"type":"if","locations":[{"start":{"line":414,"column":4},"end":{"line":422,"column":5}},{"start":{},"end":{}}],"line":414},"42":{"loc":{"start":{"line":439,"column":4},"end":{"line":439,"column":45}},"type":"if","locations":[{"start":{"line":439,"column":4},"end":{"line":439,"column":45}},{"start":{},"end":{}}],"line":439},"43":{"loc":{"start":{"line":447,"column":8},"end":{"line":458,"column":9}},"type":"switch","locations":[{"start":{"line":448,"column":10},"end":{"line":450,"column":18}},{"start":{"line":451,"column":10},"end":{"line":453,"column":18}},{"start":{"line":454,"column":10},"end":{"line":457,"column":13}}],"line":447},"44":{"loc":{"start":{"line":455,"column":12},"end":{"line":457,"column":13}},"type":"if","locations":[{"start":{"line":455,"column":12},"end":{"line":457,"column":13}},{"start":{},"end":{}}],"line":455},"45":{"loc":{"start":{"line":500,"column":4},"end":{"line":500,"column":44}},"type":"if","locations":[{"start":{"line":500,"column":4},"end":{"line":500,"column":44}},{"start":{},"end":{}}],"line":500},"46":{"loc":{"start":{"line":501,"column":4},"end":{"line":501,"column":50}},"type":"if","locations":[{"start":{"line":501,"column":4},"end":{"line":501,"column":50}},{"start":{},"end":{}}],"line":501},"47":{"loc":{"start":{"line":502,"column":4},"end":{"line":502,"column":52}},"type":"if","locations":[{"start":{"line":502,"column":4},"end":{"line":502,"column":52}},{"start":{},"end":{}}],"line":502},"48":{"loc":{"start":{"line":509,"column":17},"end":{"line":509,"column":33}},"type":"default-arg","locations":[{"start":{"line":509,"column":28},"end":{"line":509,"column":33}}],"line":509},"49":{"loc":{"start":{"line":510,"column":4},"end":{"line":512,"column":5}},"type":"if","locations":[{"start":{"line":510,"column":4},"end":{"line":512,"column":5}},{"start":{},"end":{}}],"line":510},"50":{"loc":{"start":{"line":515,"column":6},"end":{"line":517,"column":7}},"type":"if","locations":[{"start":{"line":515,"column":6},"end":{"line":517,"column":7}},{"start":{},"end":{}}],"line":515},"51":{"loc":{"start":{"line":515,"column":10},"end":{"line":515,"column":41}},"type":"binary-expr","locations":[{"start":{"line":515,"column":10},"end":{"line":515,"column":21}},{"start":{"line":515,"column":25},"end":{"line":515,"column":41}}],"line":515},"52":{"loc":{"start":{"line":525,"column":4},"end":{"line":528,"column":5}},"type":"if","locations":[{"start":{"line":525,"column":4},"end":{"line":528,"column":5}},{"start":{},"end":{}}],"line":525},"53":{"loc":{"start":{"line":541,"column":2},"end":{"line":543,"column":3}},"type":"if","locations":[{"start":{"line":541,"column":2},"end":{"line":543,"column":3}},{"start":{},"end":{}}],"line":541}},"s":{"0":0,"1":0,"2":0,"3":0,"4":0,"5":0,"6":0,"7":0,"8":0,"9":0,"10":0,"11":0,"12":0,"13":0,"14":0,"15":0,"16":0,"17":0,"18":0,"19":0,"20":0,"21":0,"22":0,"23":0,"24":0,"25":0,"26":0,"27":0,"28":0,"29":0,"30":0,"31":0,"32":0,"33":0,"34":0,"35":0,"36":0,"37":0,"38":0,"39":0,"40":0,"41":0,"42":0,"43":0,"44":0,"45":0,"46":0,"47":0,"48":0,"49":0,"50":0,"51":0,"52":0,"53":0,"54":0,"55":0,"56":0,"57":0,"58":0,"59":0,"60":0,"61":0,"62":0,"63":0,"64":0,"65":0,"66":0,"67":0,"68":0,"69":0,"70":0,"71":0,"72":0,"73":0,"74":0,"75":0,"76":0,"77":0,"78":0,"79":0,"80":0,"81":0,"82":0,"83":0,"84":0,"85":0,"86":0,"87":0,"88":0,"89":0,"90":0,"91":0,"92":0,"93":0,"94":0,"95":0,"96":0,"97":0,"98":0,"99":0,"100":0,"101":0,"102":0,"103":0,"104":0,"105":0,"106":0,"107":0,"108":0,"109":0,"110":0,"111":0,"112":0,"113":0,"114":0,"115":0,"116":0,"117":0,"118":0,"119":0,"120":0,"121":0,"122":0,"123":0,"124":0,"125":0,"126":0,"127":0,"128":0,"129":0,"130":0,"131":0,"132":0,"133":0,"134":0,"135":0,"136":0,"137":0,"138":0,"139":0,"140":0,"141":0,"142":0,"143":0,"144":0,"145":0,"146":0,"147":0,"148":0,"149":0,"150":0,"151":0,"152":0,"153":0,"154":0,"155":0,"156":0,"157":0,"158":0,"159":0,"160":0,"161":0,"162":0,"163":0,"164":0,"165":0,"166":0,"167":0,"168":0,"169":0,"170":0,"171":0,"172":0,"173":0,"174":0,"175":0,"176":0,"177":0,"178":0,"179":0,"180":0,"181":0,"182":0,"183":0,"184":0,"185":0,"186":0,"187":0,"188":0,"189":0,"190":0,"191":0,"192":0,"193":0,"194":0,"195":0,"196":0,"197":0,"198":0,"199":0,"200":0,"201":0,"202":0,"203":0,"204":0,"205":0,"206":0},"f":{"0":0,"1":0,"2":0,"3":0,"4":0,"5":0,"6":0,"7":0,"8":0,"9":0,"10":0,"11":0,"12":0,"13":0,"14":0,"15":0,"16":0,"17":0,"18":0,"19":0,"20":0,"21":0,"22":0,"23":0,"24":0,"25":0,"26":0,"27":0,"28":0,"29":0,"30":0,"31":0,"32":0,"33":0,"34":0,"35":0,"36":0,"37":0,"38":0,"39":0,"40":0,"41":0,"42":0,"43":0,"44":0,"45":0,"46":0,"47":0,"48":0,"49":0,"50":0},"b":{"0":[0,0],"1":[0,0],"2":[0,0],"3":[0,0],"4":[0,0],"5":[0,0],"6":[0,0],"7":[0,0],"8":[0,0],"9":[0,0],"10":[0,0],"11":[0,0],"12":[0,0],"13":[0,0],"14":[0,0],"15":[0,0],"16":[0,0],"17":[0,0],"18":[0,0],"19":[0,0],"20":[0,0],"21":[0,0],"22":[0,0],"23":[0,0],"24":[0],"25":[0,0],"26":[0,0],"27":[0,0],"28":[0,0],"29":[0,0],"30":[0,0],"31":[0,0],"32":[0,0],"33":[0,0],"34":[0,0],"35":[0,0],"36":[0,0],"37":[0,0],"38":[0,0],"39":[0,0],"40":[0,0],"41":[0,0],"42":[0,0],"43":[0,0,0],"44":[0,0],"45":[0,0],"46":[0,0],"47":[0,0],"48":[0],"49":[0,0],"50":[0,0],"51":[0,0],"52":[0,0],"53":[0,0]}}
,"C:\\Rohan\\AdminNAgent\\lib\\articleSlugGenerator.js": {"path":"C:\\Rohan\\AdminNAgent\\lib\\articleSlugGenerator.js","statementMap":{"0":{"start":{"line":2,"column":2},"end":{"line":7,"column":29}},"1":{"start":{"line":11,"column":17},"end":{"line":11,"column":36}},"2":{"start":{"line":12,"column":13},"end":{"line":12,"column":21}},"3":{"start":{"line":13,"column":16},"end":{"line":13,"column":17}},"4":{"start":{"line":15,"column":2},"end":{"line":18,"column":3}},"5":{"start":{"line":16,"column":4},"end":{"line":16,"column":36}},"6":{"start":{"line":17,"column":4},"end":{"line":17,"column":14}},"7":{"start":{"line":20,"column":2},"end":{"line":20,"column":14}}},"fnMap":{"0":{"name":"generateSlug","decl":{"start":{"line":1,"column":16},"end":{"line":1,"column":28}},"loc":{"start":{"line":1,"column":35},"end":{"line":8,"column":1}},"line":1},"1":{"name":"generateUniqueSlug","decl":{"start":{"line":10,"column":16},"end":{"line":10,"column":34}},"loc":{"start":{"line":10,"column":62},"end":{"line":21,"column":1}},"line":10}},"branchMap":{"0":{"loc":{"start":{"line":10,"column":42},"end":{"line":10,"column":60}},"type":"default-arg","locations":[{"start":{"line":10,"column":58},"end":{"line":10,"column":60}}],"line":10}},"s":{"0":0,"1":0,"2":0,"3":0,"4":0,"5":0,"6":0,"7":0},"f":{"0":0,"1":0},"b":{"0":[0]}}
,"C:\\Rohan\\AdminNAgent\\lib\\assignmentEngine.js": {"path":"C:\\Rohan\\AdminNAgent\\lib\\assignmentEngine.js","statementMap":{"0":{"start":{"line":12,"column":2},"end":{"line":15,"column":5}},"1":{"start":{"line":23,"column":2},"end":{"line":57,"column":3}},"2":{"start":{"line":25,"column":19},"end":{"line":31,"column":6}},"3":{"start":{"line":33,"column":4},"end":{"line":35,"column":5}},"4":{"start":{"line":34,"column":6},"end":{"line":34,"column":18}},"5":{"start":{"line":38,"column":27},"end":{"line":41,"column":6}},"6":{"start":{"line":44,"column":20},"end":{"line":44,"column":21}},"7":{"start":{"line":45,"column":4},"end":{"line":50,"column":5}},"8":{"start":{"line":46,"column":24},"end":{"line":46,"column":83}},"9":{"start":{"line":46,"column":46},"end":{"line":46,"column":82}},"10":{"start":{"line":47,"column":6},"end":{"line":49,"column":7}},"11":{"start":{"line":48,"column":8},"end":{"line":48,"column":52}},"12":{"start":{"line":52,"column":26},"end":{"line":52,"column":43}},"13":{"start":{"line":53,"column":4},"end":{"line":53,"column":25}},"14":{"start":{"line":55,"column":4},"end":{"line":55,"column":61}},"15":{"start":{"line":56,"column":4},"end":{"line":56,"column":16}},"16":{"start":{"line":65,"column":2},"end":{"line":109,"column":3}},"17":{"start":{"line":67,"column":19},"end":{"line":81,"column":6}},"18":{"start":{"line":83,"column":4},"end":{"line":85,"column":5}},"19":{"start":{"line":84,"column":6},"end":{"line":84,"column":18}},"20":{"start":{"line":88,"column":27},"end":{"line":92,"column":7}},"21":{"start":{"line":88,"column":48},"end":{"line":92,"column":5}},"22":{"start":{"line":95,"column":28},"end":{"line":95,"column":81}},"23":{"start":{"line":95,"column":55},"end":{"line":95,"column":80}},"24":{"start":{"line":97,"column":4},"end":{"line":101,"column":5}},"25":{"start":{"line":99,"column":21},"end":{"line":99,"column":81}},"26":{"start":{"line":99,"column":51},"end":{"line":99,"column":80}},"27":{"start":{"line":100,"column":6},"end":{"line":100,"column":23}},"28":{"start":{"line":104,"column":19},"end":{"line":104,"column":80}},"29":{"start":{"line":104,"column":50},"end":{"line":104,"column":79}},"30":{"start":{"line":105,"column":4},"end":{"line":105,"column":21}},"31":{"start":{"line":107,"column":4},"end":{"line":107,"column":60}},"32":{"start":{"line":108,"column":4},"end":{"line":108,"column":16}},"33":{"start":{"line":117,"column":2},"end":{"line":164,"column":3}},"34":{"start":{"line":119,"column":35},"end":{"line":119,"column":68}},"35":{"start":{"line":122,"column":19},"end":{"line":137,"column":6}},"36":{"start":{"line":139,"column":4},"end":{"line":156,"column":5}},"37":{"start":{"line":141,"column":29},"end":{"line":152,"column":8}},"38":{"start":{"line":153,"column":6},"end":{"line":153,"column":51}},"39":{"start":{"line":153,"column":39},"end":{"line":153,"column":51}},"40":{"start":{"line":154,"column":21},"end":{"line":154,"column":115}},"41":{"start":{"line":154,"column":51},"end":{"line":154,"column":114}},"42":{"start":{"line":155,"column":6},"end":{"line":155,"column":23}},"43":{"start":{"line":159,"column":19},"end":{"line":159,"column":105}},"44":{"start":{"line":159,"column":41},"end":{"line":159,"column":104}},"45":{"start":{"line":160,"column":4},"end":{"line":160,"column":21}},"46":{"start":{"line":162,"column":4},"end":{"line":162,"column":66}},"47":{"start":{"line":163,"column":4},"end":{"line":163,"column":16}},"48":{"start":{"line":172,"column":2},"end":{"line":220,"column":3}},"49":{"start":{"line":174,"column":33},"end":{"line":174,"column":66}},"50":{"start":{"line":177,"column":19},"end":{"line":191,"column":6}},"51":{"start":{"line":193,"column":4},"end":{"line":195,"column":5}},"52":{"start":{"line":194,"column":6},"end":{"line":194,"column":18}},"53":{"start":{"line":198,"column":27},"end":{"line":206,"column":6}},"54":{"start":{"line":199,"column":6},"end":{"line":199,"column":38}},"55":{"start":{"line":199,"column":25},"end":{"line":199,"column":38}},"56":{"start":{"line":200,"column":6},"end":{"line":205,"column":7}},"57":{"start":{"line":201,"column":23},"end":{"line":201,"column":47}},"58":{"start":{"line":202,"column":8},"end":{"line":202,"column":78}},"59":{"start":{"line":204,"column":8},"end":{"line":204,"column":21}},"60":{"start":{"line":208,"column":4},"end":{"line":212,"column":5}},"61":{"start":{"line":210,"column":21},"end":{"line":210,"column":107}},"62":{"start":{"line":210,"column":43},"end":{"line":210,"column":106}},"63":{"start":{"line":211,"column":6},"end":{"line":211,"column":23}},"64":{"start":{"line":215,"column":19},"end":{"line":215,"column":113}},"65":{"start":{"line":215,"column":49},"end":{"line":215,"column":112}},"66":{"start":{"line":216,"column":4},"end":{"line":216,"column":21}},"67":{"start":{"line":218,"column":4},"end":{"line":218,"column":61}},"68":{"start":{"line":219,"column":4},"end":{"line":219,"column":16}},"69":{"start":{"line":228,"column":2},"end":{"line":337,"column":3}},"70":{"start":{"line":230,"column":25},"end":{"line":232,"column":6}},"71":{"start":{"line":234,"column":4},"end":{"line":236,"column":5}},"72":{"start":{"line":235,"column":6},"end":{"line":235,"column":48}},"73":{"start":{"line":239,"column":4},"end":{"line":241,"column":5}},"74":{"start":{"line":240,"column":6},"end":{"line":240,"column":61}},"75":{"start":{"line":244,"column":18},"end":{"line":244,"column":41}},"76":{"start":{"line":246,"column":4},"end":{"line":248,"column":5}},"77":{"start":{"line":247,"column":6},"end":{"line":247,"column":75}},"78":{"start":{"line":251,"column":4},"end":{"line":331,"column":5}},"79":{"start":{"line":252,"column":26},"end":{"line":252,"column":30}},"80":{"start":{"line":253,"column":19},"end":{"line":253,"column":21}},"81":{"start":{"line":255,"column":6},"end":{"line":261,"column":7}},"82":{"start":{"line":256,"column":8},"end":{"line":258,"column":9}},"83":{"start":{"line":257,"column":10},"end":{"line":257,"column":43}},"84":{"start":{"line":263,"column":6},"end":{"line":279,"column":7}},"85":{"start":{"line":265,"column":10},"end":{"line":265,"column":71}},"86":{"start":{"line":266,"column":10},"end":{"line":266,"column":16}},"87":{"start":{"line":268,"column":10},"end":{"line":268,"column":70}},"88":{"start":{"line":269,"column":10},"end":{"line":269,"column":16}},"89":{"start":{"line":271,"column":10},"end":{"line":271,"column":76}},"90":{"start":{"line":272,"column":10},"end":{"line":272,"column":16}},"91":{"start":{"line":274,"column":10},"end":{"line":274,"column":71}},"92":{"start":{"line":275,"column":10},"end":{"line":275,"column":16}},"93":{"start":{"line":277,"column":10},"end":{"line":277,"column":62}},"94":{"start":{"line":278,"column":10},"end":{"line":278,"column":19}},"95":{"start":{"line":282,"column":6},"end":{"line":330,"column":7}},"96":{"start":{"line":284,"column":8},"end":{"line":287,"column":11}},"97":{"start":{"line":290,"column":26},"end":{"line":295,"column":10}},"98":{"start":{"line":298,"column":8},"end":{"line":309,"column":11}},"99":{"start":{"line":312,"column":8},"end":{"line":320,"column":11}},"100":{"start":{"line":322,"column":8},"end":{"line":329,"column":10}},"101":{"start":{"line":333,"column":4},"end":{"line":333,"column":84}},"102":{"start":{"line":335,"column":4},"end":{"line":335,"column":51}},"103":{"start":{"line":336,"column":4},"end":{"line":336,"column":16}},"104":{"start":{"line":345,"column":2},"end":{"line":404,"column":3}},"105":{"start":{"line":346,"column":18},"end":{"line":346,"column":41}},"106":{"start":{"line":348,"column":4},"end":{"line":350,"column":5}},"107":{"start":{"line":349,"column":6},"end":{"line":349,"column":75}},"108":{"start":{"line":352,"column":20},"end":{"line":352,"column":22}},"109":{"start":{"line":354,"column":4},"end":{"line":398,"column":5}},"110":{"start":{"line":355,"column":26},"end":{"line":355,"column":30}},"111":{"start":{"line":356,"column":19},"end":{"line":356,"column":21}},"112":{"start":{"line":358,"column":6},"end":{"line":364,"column":7}},"113":{"start":{"line":359,"column":8},"end":{"line":361,"column":9}},"114":{"start":{"line":360,"column":10},"end":{"line":360,"column":43}},"115":{"start":{"line":366,"column":6},"end":{"line":379,"column":7}},"116":{"start":{"line":368,"column":10},"end":{"line":368,"column":71}},"117":{"start":{"line":369,"column":10},"end":{"line":369,"column":16}},"118":{"start":{"line":371,"column":10},"end":{"line":371,"column":70}},"119":{"start":{"line":372,"column":10},"end":{"line":372,"column":16}},"120":{"start":{"line":374,"column":10},"end":{"line":374,"column":76}},"121":{"start":{"line":375,"column":10},"end":{"line":375,"column":16}},"122":{"start":{"line":377,"column":10},"end":{"line":377,"column":71}},"123":{"start":{"line":378,"column":10},"end":{"line":378,"column":16}},"124":{"start":{"line":381,"column":6},"end":{"line":392,"column":9}},"125":{"start":{"line":395,"column":6},"end":{"line":397,"column":7}},"126":{"start":{"line":396,"column":8},"end":{"line":396,"column":14}},"127":{"start":{"line":400,"column":4},"end":{"line":400,"column":73}},"128":{"start":{"line":400,"column":52},"end":{"line":400,"column":61}},"129":{"start":{"line":402,"column":4},"end":{"line":402,"column":56}},"130":{"start":{"line":403,"column":4},"end":{"line":403,"column":16}}},"fnMap":{"0":{"name":"getEnabledRules","decl":{"start":{"line":11,"column":15},"end":{"line":11,"column":30}},"loc":{"start":{"line":11,"column":33},"end":{"line":16,"column":1}},"line":11},"1":{"name":"assignRoundRobin","decl":{"start":{"line":22,"column":15},"end":{"line":22,"column":31}},"loc":{"start":{"line":22,"column":63},"end":{"line":58,"column":1}},"line":22},"2":{"name":"(anonymous_2)","decl":{"start":{"line":46,"column":41},"end":{"line":46,"column":42}},"loc":{"start":{"line":46,"column":46},"end":{"line":46,"column":82}},"line":46},"3":{"name":"assignLoadBased","decl":{"start":{"line":64,"column":15},"end":{"line":64,"column":30}},"loc":{"start":{"line":64,"column":62},"end":{"line":110,"column":1}},"line":64},"4":{"name":"(anonymous_4)","decl":{"start":{"line":88,"column":38},"end":{"line":88,"column":39}},"loc":{"start":{"line":88,"column":48},"end":{"line":92,"column":5}},"line":88},"5":{"name":"(anonymous_5)","decl":{"start":{"line":95,"column":50},"end":{"line":95,"column":51}},"loc":{"start":{"line":95,"column":55},"end":{"line":95,"column":80}},"line":95},"6":{"name":"(anonymous_6)","decl":{"start":{"line":99,"column":41},"end":{"line":99,"column":42}},"loc":{"start":{"line":99,"column":51},"end":{"line":99,"column":80}},"line":99},"7":{"name":"(anonymous_7)","decl":{"start":{"line":104,"column":40},"end":{"line":104,"column":41}},"loc":{"start":{"line":104,"column":50},"end":{"line":104,"column":79}},"line":104},"8":{"name":"assignDepartmentMatch","decl":{"start":{"line":116,"column":15},"end":{"line":116,"column":36}},"loc":{"start":{"line":116,"column":68},"end":{"line":165,"column":1}},"line":116},"9":{"name":"(anonymous_9)","decl":{"start":{"line":154,"column":41},"end":{"line":154,"column":42}},"loc":{"start":{"line":154,"column":51},"end":{"line":154,"column":114}},"line":154},"10":{"name":"(anonymous_10)","decl":{"start":{"line":159,"column":31},"end":{"line":159,"column":32}},"loc":{"start":{"line":159,"column":41},"end":{"line":159,"column":104}},"line":159},"11":{"name":"assignSkillMatch","decl":{"start":{"line":171,"column":15},"end":{"line":171,"column":31}},"loc":{"start":{"line":171,"column":63},"end":{"line":221,"column":1}},"line":171},"12":{"name":"(anonymous_12)","decl":{"start":{"line":198,"column":41},"end":{"line":198,"column":42}},"loc":{"start":{"line":198,"column":50},"end":{"line":206,"column":5}},"line":198},"13":{"name":"(anonymous_13)","decl":{"start":{"line":210,"column":33},"end":{"line":210,"column":34}},"loc":{"start":{"line":210,"column":43},"end":{"line":210,"column":106}},"line":210},"14":{"name":"(anonymous_14)","decl":{"start":{"line":215,"column":39},"end":{"line":215,"column":40}},"loc":{"start":{"line":215,"column":49},"end":{"line":215,"column":112}},"line":215},"15":{"name":"assignTicket","decl":{"start":{"line":227,"column":22},"end":{"line":227,"column":34}},"loc":{"start":{"line":227,"column":51},"end":{"line":338,"column":1}},"line":227},"16":{"name":"previewAssignment","decl":{"start":{"line":344,"column":22},"end":{"line":344,"column":39}},"loc":{"start":{"line":344,"column":54},"end":{"line":405,"column":1}},"line":344},"17":{"name":"(anonymous_17)","decl":{"start":{"line":400,"column":47},"end":{"line":400,"column":48}},"loc":{"start":{"line":400,"column":52},"end":{"line":400,"column":61}},"line":400}},"branchMap":{"0":{"loc":{"start":{"line":22,"column":46},"end":{"line":22,"column":61}},"type":"default-arg","locations":[{"start":{"line":22,"column":59},"end":{"line":22,"column":61}}],"line":22},"1":{"loc":{"start":{"line":33,"column":4},"end":{"line":35,"column":5}},"type":"if","locations":[{"start":{"line":33,"column":4},"end":{"line":35,"column":5}},{"start":{},"end":{}}],"line":33},"2":{"loc":{"start":{"line":45,"column":4},"end":{"line":50,"column":5}},"type":"if","locations":[{"start":{"line":45,"column":4},"end":{"line":50,"column":5}},{"start":{},"end":{}}],"line":45},"3":{"loc":{"start":{"line":47,"column":6},"end":{"line":49,"column":7}},"type":"if","locations":[{"start":{"line":47,"column":6},"end":{"line":49,"column":7}},{"start":{},"end":{}}],"line":47},"4":{"loc":{"start":{"line":64,"column":45},"end":{"line":64,"column":60}},"type":"default-arg","locations":[{"start":{"line":64,"column":58},"end":{"line":64,"column":60}}],"line":64},"5":{"loc":{"start":{"line":83,"column":4},"end":{"line":85,"column":5}},"type":"if","locations":[{"start":{"line":83,"column":4},"end":{"line":85,"column":5}},{"start":{},"end":{}}],"line":83},"6":{"loc":{"start":{"line":91,"column":15},"end":{"line":91,"column":35}},"type":"binary-expr","locations":[{"start":{"line":91,"column":15},"end":{"line":91,"column":28}},{"start":{"line":91,"column":32},"end":{"line":91,"column":35}}],"line":91},"7":{"loc":{"start":{"line":97,"column":4},"end":{"line":101,"column":5}},"type":"if","locations":[{"start":{"line":97,"column":4},"end":{"line":101,"column":5}},{"start":{},"end":{}}],"line":97},"8":{"loc":{"start":{"line":116,"column":51},"end":{"line":116,"column":66}},"type":"default-arg","locations":[{"start":{"line":116,"column":64},"end":{"line":116,"column":66}}],"line":116},"9":{"loc":{"start":{"line":119,"column":35},"end":{"line":119,"column":68}},"type":"binary-expr","locations":[{"start":{"line":119,"column":35},"end":{"line":119,"column":56}},{"start":{"line":119,"column":60},"end":{"line":119,"column":68}}],"line":119},"10":{"loc":{"start":{"line":139,"column":4},"end":{"line":156,"column":5}},"type":"if","locations":[{"start":{"line":139,"column":4},"end":{"line":156,"column":5}},{"start":{},"end":{}}],"line":139},"11":{"loc":{"start":{"line":153,"column":6},"end":{"line":153,"column":51}},"type":"if","locations":[{"start":{"line":153,"column":6},"end":{"line":153,"column":51}},{"start":{},"end":{}}],"line":153},"12":{"loc":{"start":{"line":171,"column":46},"end":{"line":171,"column":61}},"type":"default-arg","locations":[{"start":{"line":171,"column":59},"end":{"line":171,"column":61}}],"line":171},"13":{"loc":{"start":{"line":174,"column":33},"end":{"line":174,"column":66}},"type":"binary-expr","locations":[{"start":{"line":174,"column":33},"end":{"line":174,"column":54}},{"start":{"line":174,"column":58},"end":{"line":174,"column":66}}],"line":174},"14":{"loc":{"start":{"line":193,"column":4},"end":{"line":195,"column":5}},"type":"if","locations":[{"start":{"line":193,"column":4},"end":{"line":195,"column":5}},{"start":{},"end":{}}],"line":193},"15":{"loc":{"start":{"line":199,"column":6},"end":{"line":199,"column":38}},"type":"if","locations":[{"start":{"line":199,"column":6},"end":{"line":199,"column":38}},{"start":{},"end":{}}],"line":199},"16":{"loc":{"start":{"line":202,"column":15},"end":{"line":202,"column":77}},"type":"binary-expr","locations":[{"start":{"line":202,"column":15},"end":{"line":202,"column":36}},{"start":{"line":202,"column":40},"end":{"line":202,"column":77}}],"line":202},"17":{"loc":{"start":{"line":208,"column":4},"end":{"line":212,"column":5}},"type":"if","locations":[{"start":{"line":208,"column":4},"end":{"line":212,"column":5}},{"start":{},"end":{}}],"line":208},"18":{"loc":{"start":{"line":234,"column":4},"end":{"line":236,"column":5}},"type":"if","locations":[{"start":{"line":234,"column":4},"end":{"line":236,"column":5}},{"start":{},"end":{}}],"line":234},"19":{"loc":{"start":{"line":239,"column":4},"end":{"line":241,"column":5}},"type":"if","locations":[{"start":{"line":239,"column":4},"end":{"line":241,"column":5}},{"start":{},"end":{}}],"line":239},"20":{"loc":{"start":{"line":246,"column":4},"end":{"line":248,"column":5}},"type":"if","locations":[{"start":{"line":246,"column":4},"end":{"line":248,"column":5}},{"start":{},"end":{}}],"line":246},"21":{"loc":{"start":{"line":256,"column":8},"end":{"line":258,"column":9}},"type":"if","locations":[{"start":{"line":256,"column":8},"end":{"line":258,"column":9}},{"start":{},"end":{}}],"line":256},"22":{"loc":{"start":{"line":263,"column":6},"end":{"line":279,"column":7}},"type":"switch","locations":[{"start":{"line":264,"column":8},"end":{"line":266,"column":16}},{"start":{"line":267,"column":8},"end":{"line":269,"column":16}},{"start":{"line":270,"column":8},"end":{"line":272,"column":16}},{"start":{"line":273,"column":8},"end":{"line":275,"column":16}},{"start":{"line":276,"column":8},"end":{"line":278,"column":19}}],"line":263},"23":{"loc":{"start":{"line":282,"column":6},"end":{"line":330,"column":7}},"type":"if","locations":[{"start":{"line":282,"column":6},"end":{"line":330,"column":7}},{"start":{},"end":{}}],"line":282},"24":{"loc":{"start":{"line":348,"column":4},"end":{"line":350,"column":5}},"type":"if","locations":[{"start":{"line":348,"column":4},"end":{"line":350,"column":5}},{"start":{},"end":{}}],"line":348},"25":{"loc":{"start":{"line":359,"column":8},"end":{"line":361,"column":9}},"type":"if","locations":[{"start":{"line":359,"column":8},"end":{"line":361,"column":9}},{"start":{},"end":{}}],"line":359},"26":{"loc":{"start":{"line":366,"column":6},"end":{"line":379,"column":7}},"type":"switch","locations":[{"start":{"line":367,"column":8},"end":{"line":369,"column":16}},{"start":{"line":370,"column":8},"end":{"line":372,"column":16}},{"start":{"line":373,"column":8},"end":{"line":375,"column":16}},{"start":{"line":376,"column":8},"end":{"line":378,"column":16}}],"line":366},"27":{"loc":{"start":{"line":387,"column":15},"end":{"line":391,"column":16}},"type":"cond-expr","locations":[{"start":{"line":387,"column":31},"end":{"line":391,"column":9}},{"start":{"line":391,"column":12},"end":{"line":391,"column":16}}],"line":387},"28":{"loc":{"start":{"line":395,"column":6},"end":{"line":397,"column":7}},"type":"if","locations":[{"start":{"line":395,"column":6},"end":{"line":397,"column":7}},{"start":{},"end":{}}],"line":395},"29":{"loc":{"start":{"line":400,"column":34},"end":{"line":400,"column":70}},"type":"binary-expr","locations":[{"start":{"line":400,"column":34},"end":{"line":400,"column":62}},{"start":{"line":400,"column":66},"end":{"line":400,"column":70}}],"line":400}},"s":{"0":0,"1":0,"2":0,"3":0,"4":0,"5":0,"6":0,"7":0,"8":0,"9":0,"10":0,"11":0,"12":0,"13":0,"14":0,"15":0,"16":0,"17":0,"18":0,"19":0,"20":0,"21":0,"22":0,"23":0,"24":0,"25":0,"26":0,"27":0,"28":0,"29":0,"30":0,"31":0,"32":0,"33":0,"34":0,"35":0,"36":0,"37":0,"38":0,"39":0,"40":0,"41":0,"42":0,"43":0,"44":0,"45":0,"46":0,"47":0,"48":0,"49":0,"50":0,"51":0,"52":0,"53":0,"54":0,"55":0,"56":0,"57":0,"58":0,"59":0,"60":0,"61":0,"62":0,"63":0,"64":0,"65":0,"66":0,"67":0,"68":0,"69":0,"70":0,"71":0,"72":0,"73":0,"74":0,"75":0,"76":0,"77":0,"78":0,"79":0,"80":0,"81":0,"82":0,"83":0,"84":0,"85":0,"86":0,"87":0,"88":0,"89":0,"90":0,"91":0,"92":0,"93":0,"94":0,"95":0,"96":0,"97":0,"98":0,"99":0,"100":0,"101":0,"102":0,"103":0,"104":0,"105":0,"106":0,"107":0,"108":0,"109":0,"110":0,"111":0,"112":0,"113":0,"114":0,"115":0,"116":0,"117":0,"118":0,"119":0,"120":0,"121":0,"122":0,"123":0,"124":0,"125":0,"126":0,"127":0,"128":0,"129":0,"130":0},"f":{"0":0,"1":0,"2":0,"3":0,"4":0,"5":0,"6":0,"7":0,"8":0,"9":0,"10":0,"11":0,"12":0,"13":0,"14":0,"15":0,"16":0,"17":0},"b":{"0":[0],"1":[0,0],"2":[0,0],"3":[0,0],"4":[0],"5":[0,0],"6":[0,0],"7":[0,0],"8":[0],"9":[0,0],"10":[0,0],"11":[0,0],"12":[0],"13":[0,0],"14":[0,0],"15":[0,0],"16":[0,0],"17":[0,0],"18":[0,0],"19":[0,0],"20":[0,0],"21":[0,0],"22":[0,0,0,0,0],"23":[0,0],"24":[0,0],"25":[0,0],"26":[0,0,0,0],"27":[0,0],"28":[0,0],"29":[0,0]}}
,"C:\\Rohan\\AdminNAgent\\lib\\auth.js": {"path":"C:\\Rohan\\AdminNAgent\\lib\\auth.js","statementMap":{"0":{"start":{"line":9,"column":19},"end":{"line":9,"column":83}},"1":{"start":{"line":17,"column":2},"end":{"line":34,"column":3}},"2":{"start":{"line":19,"column":23},"end":{"line":19,"column":77}},"3":{"start":{"line":20,"column":18},"end":{"line":23,"column":36}},"4":{"start":{"line":25,"column":4},"end":{"line":27,"column":5}},"5":{"start":{"line":26,"column":6},"end":{"line":26,"column":18}},"6":{"start":{"line":29,"column":20},"end":{"line":29,"column":49}},"7":{"start":{"line":30,"column":4},"end":{"line":30,"column":19}},"8":{"start":{"line":32,"column":4},"end":{"line":32,"column":62}},"9":{"start":{"line":33,"column":4},"end":{"line":33,"column":16}},"10":{"start":{"line":44,"column":18},"end":{"line":44,"column":34}},"11":{"start":{"line":45,"column":2},"end":{"line":47,"column":3}},"12":{"start":{"line":46,"column":4},"end":{"line":46,"column":26}},"13":{"start":{"line":50,"column":2},"end":{"line":50,"column":42}},"14":{"start":{"line":59,"column":2},"end":{"line":83,"column":3}},"15":{"start":{"line":60,"column":19},"end":{"line":60,"column":40}},"16":{"start":{"line":61,"column":4},"end":{"line":63,"column":5}},"17":{"start":{"line":62,"column":6},"end":{"line":62,"column":18}},"18":{"start":{"line":65,"column":17},"end":{"line":77,"column":6}},"19":{"start":{"line":79,"column":4},"end":{"line":79,"column":16}},"20":{"start":{"line":81,"column":4},"end":{"line":81,"column":57}},"21":{"start":{"line":82,"column":4},"end":{"line":82,"column":16}},"22":{"start":{"line":93,"column":2},"end":{"line":107,"column":4}},"23":{"start":{"line":94,"column":19},"end":{"line":94,"column":40}},"24":{"start":{"line":96,"column":4},"end":{"line":101,"column":5}},"25":{"start":{"line":97,"column":6},"end":{"line":100,"column":9}},"26":{"start":{"line":104,"column":4},"end":{"line":104,"column":24}},"27":{"start":{"line":106,"column":4},"end":{"line":106,"column":29}},"28":{"start":{"line":117,"column":2},"end":{"line":139,"column":4}},"29":{"start":{"line":118,"column":19},"end":{"line":118,"column":40}},"30":{"start":{"line":120,"column":4},"end":{"line":125,"column":5}},"31":{"start":{"line":121,"column":6},"end":{"line":124,"column":9}},"32":{"start":{"line":128,"column":38},"end":{"line":128,"column":70}},"33":{"start":{"line":130,"column":22},"end":{"line":130,"column":83}},"34":{"start":{"line":131,"column":4},"end":{"line":133,"column":5}},"35":{"start":{"line":132,"column":6},"end":{"line":132,"column":13}},"36":{"start":{"line":136,"column":4},"end":{"line":136,"column":24}},"37":{"start":{"line":138,"column":4},"end":{"line":138,"column":29}},"38":{"start":{"line":148,"column":2},"end":{"line":157,"column":4}}},"fnMap":{"0":{"name":"verifyToken","decl":{"start":{"line":16,"column":16},"end":{"line":16,"column":27}},"loc":{"start":{"line":16,"column":33},"end":{"line":35,"column":1}},"line":16},"1":{"name":"getCurrentUserId","decl":{"start":{"line":42,"column":16},"end":{"line":42,"column":32}},"loc":{"start":{"line":42,"column":38},"end":{"line":51,"column":1}},"line":42},"2":{"name":"getCurrentUser","decl":{"start":{"line":58,"column":22},"end":{"line":58,"column":36}},"loc":{"start":{"line":58,"column":42},"end":{"line":85,"column":1}},"line":58},"3":{"name":"requireAuth","decl":{"start":{"line":92,"column":16},"end":{"line":92,"column":27}},"loc":{"start":{"line":92,"column":37},"end":{"line":108,"column":1}},"line":92},"4":{"name":"(anonymous_4)","decl":{"start":{"line":93,"column":9},"end":{"line":93,"column":10}},"loc":{"start":{"line":93,"column":29},"end":{"line":107,"column":3}},"line":93},"5":{"name":"requireAuthAndPermission","decl":{"start":{"line":116,"column":16},"end":{"line":116,"column":40}},"loc":{"start":{"line":116,"column":71},"end":{"line":140,"column":1}},"line":116},"6":{"name":"(anonymous_6)","decl":{"start":{"line":117,"column":9},"end":{"line":117,"column":10}},"loc":{"start":{"line":117,"column":29},"end":{"line":139,"column":3}},"line":117},"7":{"name":"generateToken","decl":{"start":{"line":147,"column":16},"end":{"line":147,"column":29}},"loc":{"start":{"line":147,"column":36},"end":{"line":158,"column":1}},"line":147}},"branchMap":{"0":{"loc":{"start":{"line":9,"column":19},"end":{"line":9,"column":83}},"type":"binary-expr","locations":[{"start":{"line":9,"column":19},"end":{"line":9,"column":41}},{"start":{"line":9,"column":45},"end":{"line":9,"column":83}}],"line":9},"1":{"loc":{"start":{"line":19,"column":23},"end":{"line":19,"column":77}},"type":"binary-expr","locations":[{"start":{"line":19,"column":23},"end":{"line":19,"column":48}},{"start":{"line":19,"column":52},"end":{"line":19,"column":77}}],"line":19},"2":{"loc":{"start":{"line":20,"column":18},"end":{"line":23,"column":36}},"type":"binary-expr","locations":[{"start":{"line":20,"column":18},"end":{"line":20,"column":52}},{"start":{"line":21,"column":18},"end":{"line":21,"column":45}},{"start":{"line":22,"column":18},"end":{"line":22,"column":40}},{"start":{"line":23,"column":18},"end":{"line":23,"column":36}}],"line":20},"3":{"loc":{"start":{"line":25,"column":4},"end":{"line":27,"column":5}},"type":"if","locations":[{"start":{"line":25,"column":4},"end":{"line":27,"column":5}},{"start":{},"end":{}}],"line":25},"4":{"loc":{"start":{"line":45,"column":2},"end":{"line":47,"column":3}},"type":"if","locations":[{"start":{"line":45,"column":2},"end":{"line":47,"column":3}},{"start":{},"end":{}}],"line":45},"5":{"loc":{"start":{"line":50,"column":9},"end":{"line":50,"column":41}},"type":"binary-expr","locations":[{"start":{"line":50,"column":9},"end":{"line":50,"column":33}},{"start":{"line":50,"column":37},"end":{"line":50,"column":41}}],"line":50},"6":{"loc":{"start":{"line":61,"column":4},"end":{"line":63,"column":5}},"type":"if","locations":[{"start":{"line":61,"column":4},"end":{"line":63,"column":5}},{"start":{},"end":{}}],"line":61},"7":{"loc":{"start":{"line":96,"column":4},"end":{"line":101,"column":5}},"type":"if","locations":[{"start":{"line":96,"column":4},"end":{"line":101,"column":5}},{"start":{},"end":{}}],"line":96},"8":{"loc":{"start":{"line":120,"column":4},"end":{"line":125,"column":5}},"type":"if","locations":[{"start":{"line":120,"column":4},"end":{"line":125,"column":5}},{"start":{},"end":{}}],"line":120},"9":{"loc":{"start":{"line":131,"column":4},"end":{"line":133,"column":5}},"type":"if","locations":[{"start":{"line":131,"column":4},"end":{"line":133,"column":5}},{"start":{},"end":{}}],"line":131}},"s":{"0":0,"1":0,"2":0,"3":0,"4":0,"5":0,"6":0,"7":0,"8":0,"9":0,"10":0,"11":0,"12":0,"13":0,"14":0,"15":0,"16":0,"17":0,"18":0,"19":0,"20":0,"21":0,"22":0,"23":0,"24":0,"25":0,"26":0,"27":0,"28":0,"29":0,"30":0,"31":0,"32":0,"33":0,"34":0,"35":0,"36":0,"37":0,"38":0},"f":{"0":0,"1":0,"2":0,"3":0,"4":0,"5":0,"6":0,"7":0},"b":{"0":[0,0],"1":[0,0],"2":[0,0,0,0],"3":[0,0],"4":[0,0],"5":[0,0],"6":[0,0],"7":[0,0],"8":[0,0],"9":[0,0]}}
,"C:\\Rohan\\AdminNAgent\\lib\\captcha.js": {"path":"C:\\Rohan\\AdminNAgent\\lib\\captcha.js","statementMap":{"0":{"start":{"line":3,"column":22},"end":{"line":6,"column":1}},"1":{"start":{"line":16,"column":2},"end":{"line":70,"column":3}},"2":{"start":{"line":18,"column":25},"end":{"line":18,"column":49}},"3":{"start":{"line":19,"column":19},"end":{"line":19,"column":39}},"4":{"start":{"line":21,"column":4},"end":{"line":56,"column":5}},"5":{"start":{"line":22,"column":23},"end":{"line":26,"column":8}},"6":{"start":{"line":28,"column":26},"end":{"line":28,"column":28}},"7":{"start":{"line":29,"column":6},"end":{"line":31,"column":9}},"8":{"start":{"line":30,"column":8},"end":{"line":30,"column":49}},"9":{"start":{"line":33,"column":21},"end":{"line":33,"column":101}},"10":{"start":{"line":34,"column":19},"end":{"line":34,"column":92}},"11":{"start":{"line":37,"column":26},"end":{"line":37,"column":59}},"12":{"start":{"line":39,"column":23},"end":{"line":39,"column":25}},"13":{"start":{"line":40,"column":6},"end":{"line":45,"column":7}},"14":{"start":{"line":41,"column":8},"end":{"line":41,"column":34}},"15":{"start":{"line":44,"column":8},"end":{"line":44,"column":56}},"16":{"start":{"line":48,"column":20},"end":{"line":48,"column":22}},"17":{"start":{"line":49,"column":6},"end":{"line":51,"column":7}},"18":{"start":{"line":49,"column":19},"end":{"line":49,"column":20}},"19":{"start":{"line":50,"column":8},"end":{"line":50,"column":84}},"20":{"start":{"line":53,"column":6},"end":{"line":53,"column":21}},"21":{"start":{"line":55,"column":6},"end":{"line":55,"column":33}},"22":{"start":{"line":58,"column":4},"end":{"line":58,"column":54}},"23":{"start":{"line":60,"column":19},"end":{"line":60,"column":38}},"24":{"start":{"line":61,"column":17},"end":{"line":61,"column":47}},"25":{"start":{"line":62,"column":24},"end":{"line":62,"column":57}},"26":{"start":{"line":64,"column":21},"end":{"line":64,"column":91}},"27":{"start":{"line":65,"column":18},"end":{"line":65,"column":20}},"28":{"start":{"line":66,"column":4},"end":{"line":68,"column":5}},"29":{"start":{"line":66,"column":17},"end":{"line":66,"column":18}},"30":{"start":{"line":67,"column":6},"end":{"line":67,"column":82}},"31":{"start":{"line":69,"column":4},"end":{"line":69,"column":19}},"32":{"start":{"line":80,"column":2},"end":{"line":80,"column":47}},"33":{"start":{"line":80,"column":34},"end":{"line":80,"column":47}},"34":{"start":{"line":81,"column":2},"end":{"line":81,"column":70}},"35":{"start":{"line":89,"column":2},"end":{"line":118,"column":3}},"36":{"start":{"line":90,"column":25},"end":{"line":90,"column":49}},"37":{"start":{"line":91,"column":19},"end":{"line":91,"column":39}},"38":{"start":{"line":93,"column":4},"end":{"line":111,"column":5}},"39":{"start":{"line":94,"column":23},"end":{"line":98,"column":8}},"40":{"start":{"line":100,"column":26},"end":{"line":100,"column":28}},"41":{"start":{"line":101,"column":6},"end":{"line":103,"column":9}},"42":{"start":{"line":102,"column":8},"end":{"line":102,"column":49}},"43":{"start":{"line":105,"column":6},"end":{"line":108,"column":8}},"44":{"start":{"line":110,"column":6},"end":{"line":110,"column":33}},"45":{"start":{"line":113,"column":4},"end":{"line":113,"column":61}},"46":{"start":{"line":114,"column":4},"end":{"line":117,"column":6}}},"fnMap":{"0":{"name":"generateCaptcha","decl":{"start":{"line":15,"column":22},"end":{"line":15,"column":37}},"loc":{"start":{"line":15,"column":52},"end":{"line":71,"column":1}},"line":15},"1":{"name":"(anonymous_1)","decl":{"start":{"line":29,"column":23},"end":{"line":29,"column":24}},"loc":{"start":{"line":29,"column":34},"end":{"line":31,"column":7}},"line":29},"2":{"name":"validateCaptcha","decl":{"start":{"line":79,"column":16},"end":{"line":79,"column":31}},"loc":{"start":{"line":79,"column":56},"end":{"line":82,"column":1}},"line":79},"3":{"name":"getCaptchaSettings","decl":{"start":{"line":88,"column":22},"end":{"line":88,"column":40}},"loc":{"start":{"line":88,"column":43},"end":{"line":119,"column":1}},"line":88},"4":{"name":"(anonymous_4)","decl":{"start":{"line":101,"column":23},"end":{"line":101,"column":24}},"loc":{"start":{"line":101,"column":34},"end":{"line":103,"column":7}},"line":101}},"branchMap":{"0":{"loc":{"start":{"line":15,"column":38},"end":{"line":15,"column"
[...]
,"C:\\Rohan\\AdminNAgent\\lib\\utils\\slug.js": {"path":"C:\\Rohan\\AdminNAgent\\lib\\utils\\slug.js","statementMap":{"0":{"start":{"line":7,"column":2},"end":{"line":7,"column":23}},"1":{"start":{"line":7,"column":13},"end":{"line":7,"column":23}},"2":{"start":{"line":9,"column":2},"end":{"line":22,"column":24}},"3":{"start":{"line":32,"column":13},"end":{"line":32,"column":21}},"4":{"start":{"line":33,"column":16},"end":{"line":33,"column":17}},"5":{"start":{"line":35,"column":2},"end":{"line":38,"column":3}},"6":{"start":{"line":36,"column":4},"end":{"line":36,"column":36}},"7":{"start":{"line":37,"column":4},"end":{"line":37,"column":14}},"8":{"start":{"line":40,"column":2},"end":{"line":40,"column":14}}},"fnMap":{"0":{"name":"generateSlug","decl":{"start":{"line":6,"column":16},"end":{"line":6,"column":28}},"loc":{"start":{"line":6,"column":35},"end":{"line":23,"column":1}},"line":6},"1":{"name":"generateUniqueSlug","decl":{"start":{"line":31,"column":22},"end":{"line":31,"column":40}},"loc":{"start":{"line":31,"column":64},"end":{"line":41,"column":1}},"line":31}},"branchMap":{"0":{"loc":{"start":{"line":7,"column":2},"end":{"line":7,"column":23}},"type":"if","locations":[{"start":{"line":7,"column":2},"end":{"line":7,"column":23}},{"start":{},"end":{}}],"line":7}},"s":{"0":0,"1":0,"2":0,"3":0,"4":0,"5":0,"6":0,"7":0,"8":0},"f":{"0":0,"1":0},"b":{"0":[0,0]}}
,"C:\\Rohan\\AdminNAgent\\lib\\utils\\tat.js": {"path":"C:\\Rohan\\AdminNAgent\\lib\\utils\\tat.js","statementMap":{"0":{"start":{"line":6,"column":2},"end":{"line":42,"column":3}},"1":{"start":{"line":7,"column":21},"end":{"line":14,"column":6}},"2":{"start":{"line":17,"column":26},"end":{"line":17,"column":27}},"3":{"start":{"line":19,"column":4},"end":{"line":36,"column":7}},"4":{"start":{"line":20,"column":6},"end":{"line":35,"column":7}},"5":{"start":{"line":22,"column":8},"end":{"line":22,"column":51}},"6":{"start":{"line":23,"column":13},"end":{"line":35,"column":7}},"7":{"start":{"line":25,"column":25},"end":{"line":27,"column":9}},"8":{"start":{"line":28,"column":8},"end":{"line":28,"column":36}},"9":{"start":{"line":31,"column":25},"end":{"line":33,"column":9}},"10":{"start":{"line":34,"column":8},"end":{"line":34,"column":36}},"11":{"start":{"line":38,"column":4},"end":{"line":38,"column":27}},"12":{"start":{"line":40,"column":4},"end":{"line":40,"column":57}},"13":{"start":{"line":41,"column":4},"end":{"line":41,"column":13}},"14":{"start":{"line":50,"column":2},"end":{"line":79,"column":3}},"15":{"start":{"line":51,"column":46},"end":{"line":64,"column":6}},"16":{"start":{"line":66,"column":4},"end":{"line":68,"column":5}},"17":{"start":{"line":67,"column":6},"end":{"line":67,"column":71}},"18":{"start":{"line":70,"column":28},"end":{"line":70,"column":55}},"19":{"start":{"line":71,"column":37},"end":{"line":73,"column":5}},"20":{"start":{"line":75,"column":4},"end":{"line":75,"column":57}},"21":{"start":{"line":77,"column":4},"end":{"line":77,"column":67}},"22":{"start":{"line":78,"column":4},"end":{"line":78,"column":69}},"23":{"start":{"line":87,"column":2},"end":{"line":126,"column":3}},"24":{"start":{"line":88,"column":25},"end":{"line":95,"column":6}},"25":{"start":{"line":97,"column":4},"end":{"line":99,"column":5}},"26":{"start":{"line":98,"column":6},"end":{"line":98,"column":18}},"27":{"start":{"line":102,"column":4},"end":{"line":104,"column":5}},"28":{"start":{"line":103,"column":6},"end":{"line":103,"column":18}},"29":{"start":{"line":107,"column":31},"end":{"line":115,"column":6}},"30":{"start":{"line":117,"column":23},"end":{"line":117,"column":78}},"31":{"start":{"line":118,"column":34},"end":{"line":120,"column":5}},"32":{"start":{"line":122,"column":4},"end":{"line":122,"column":33}},"33":{"start":{"line":124,"column":4},"end":{"line":124,"column":63}},"34":{"start":{"line":125,"column":4},"end":{"line":125,"column":16}},"35":{"start":{"line":133,"column":2},"end":{"line":159,"column":3}},"36":{"start":{"line":134,"column":54},"end":{"line":138,"column":6}},"37":{"start":{"line":140,"column":4},"end":{"line":148,"column":7}},"38":{"start":{"line":150,"column":4},"end":{"line":155,"column":6}},"39":{"start":{"line":157,"column":4},"end":{"line":157,"column":56}},"40":{"start":{"line":158,"column":4},"end":{"line":158,"column":16}},"41":{"start":{"line":166,"column":2},"end":{"line":166,"column":43}},"42":{"start":{"line":166,"column":31},"end":{"line":166,"column":43}},"43":{"start":{"line":168,"column":15},"end":{"line":168,"column":42}},"44":{"start":{"line":169,"column":16},"end":{"line":169,"column":52}},"45":{"start":{"line":170,"column":18},"end":{"line":170,"column":51}},"46":{"start":{"line":171,"column":15},"end":{"line":171,"column":27}},"47":{"start":{"line":173,"column":2},"end":{"line":181,"column":3}},"48":{"start":{"line":174,"column":4},"end":{"line":174,"column":44}},"49":{"start":{"line":175,"column":9},"end":{"line":181,"column":3}},"50":{"start":{"line":176,"column":4},"end":{"line":176,"column":35}},"51":{"start":{"line":177,"column":9},"end":{"line":181,"column":3}},"52":{"start":{"line":178,"column":4},"end":{"line":178,"column":34}},"53":{"start":{"line":180,"column":4},"end":{"line":180,"column":22}}},"fnMap":{"0":{"name":"calculateAgentTAT","decl":{"start":{"line":5,"column":22},"end":{"line":5,"column":39}},"loc":{"start":{"line":5,"column":62},"end":{"line":43,"column":1}},"line":5},"1":{"name":"(anonymous_1)","decl":{"start":{"line":19,"column":21},"end":{"line":19,"column":22}},"loc":{"start":{"line":19,"column":32},"end":{"line":36,"column":5}},"line":19},"2":{"name":"calculateFirstResponseTime","decl":{"start":{"line":49,"column":22},"end":{"line":49,"column":48}},"loc":{"start":{"line":49,"column":73},"end":{"line":80,"column":1}},"line":49},"3":{"name":"calculateResolutionTime","decl":{"start":{"line":86,"column":22},"end":{"line":86,"column":45}},"loc":{"start":{"line":86,"column":70},"end":{"line":127,"column":1}},"line":86},"4":{"name":"updateTATMetrics","decl":{"start":{"line":132,"column":22},"end":{"line":132,"column":38}},"loc":{"start":{"line":132,"column":61},"end":{"line":160,"column":1}},"line":132},"5":{"name":"formatTAT","decl":{"start":{"line":165,"column":16},"end":{"line":165,"column":25}},"loc":{"start":{"line":165,"column":35},"end":{"line":182,"column":1}},"line":165}},"branchMap":{"0":{"loc":{"start":{"line":20,"column":6},"end":{"line":35,"column":7}},"type":"if","locations":[{"start":{"line":20,"column":6},"end":{"line":35,"column":7}},{"start":{"line":23,"column":13},"end":{"line":35,"column":7}}],"line":20},"1":{"loc":{"start":{"line":23,"column":13},"end":{"line":35,"column":7}},"type":"if","locations":[{"start":{"line":23,"column":13},"end":{"line":35,"column":7}},{"start":{"line":29,"column":13},"end":{"line":35,"column":7}}],"line":23},"2":{"loc":{"start":{"line":66,"column":4},"end":{"line":68,"column":5}},"type":"if","locations":[{"start":{"line":66,"column":4},"end":{"line":68,"column":5}},{"start":{},"end":{}}],"line":66},"3":{"loc":{"start":{"line":66,"column":8},"end":{"line":66,"column":43}},"type":"binary-expr","locations":[{"start":{"line":66,"column":8},"end":{"line":66,"column":21}},{"start":{"line":66,"column":25},"end":{"line":66,"column":43}}],"line":66},"4":{"loc":{"start":{"line":97,"column":4},"end":{"line":99,"column":5}},"type":"if","locations":[{"start":{"line":97,"column":4},"end":{"line":99,"column":5}},{"start":{},"end":{}}],"line":97},"5":{"loc":{"start":{"line":102,"column":4},"end":{"line":104,"column":5}},"type":"if","locations":[{"start":{"line":102,"column":4},"end":{"line":104,"column":5}},{"start":{},"end":{}}],"line":102},"6":{"loc":{"start":{"line":102,"column":8},"end":{"line":102,"column":78}},"type":"binary-expr","locations":[{"start":{"line":102,"column":8},"end":{"line":102,"column":42}},{"start":{"line":102,"column":46},"end":{"line":102,"column":78}}],"line":102},"7":{"loc":{"start":{"line":117,"column":23},"end":{"line":117,"column":78}},"type":"binary-expr","locations":[{"start":{"line":117,"column":23},"end":{"line":117,"column":52}},{"start":{"line":117,"column":56},"end":{"line":117,"column":78}}],"line":117},"8":{"loc":{"start":{"line":143,"column":25},"end":{"line":143,"column":55}},"type":"cond-expr","locations":[{"start":{"line":143,"column":40},"end":{"line":143,"column":48}},{"start":{"line":143,"column":51},"end":{"line":143,"column":55}}],"line":143},"9":{"loc":{"start":{"line":166,"column":2},"end":{"line":166,"column":43}},"type":"if","locations":[{"start":{"line":166,"column":2},"end":{"line":166,"column":43}},{"start":{},"end":{}}],"line":166},"10":{"loc":{"start":{"line":166,"column":6},"end":{"line":166,"column":29}},"type":"binary-expr","locations":[{"start":{"line":166,"column":6},"end":{"line":166,"column":14}},{"start":{"line":166,"column":18},"end":{"line":166,"column":29}}],"line":166},"11":{"loc":{"start":{"line":173,"column":2},"end":{"line":181,"column":3}},"type":"if","locations":[{"start":{"line":173,"column":2},"end":{"line":181,"column":3}},{"start":{"line":175,"column":9},"end":{"line":181,"column":3}}],"line":173},"12":{"loc":{"start":{"line":175,"column":9},"end":{"line":181,"column":3}},"type":"if","locations":[{"start":{"line":175,"column":9},"end":{"line":181,"column":3}},{"start":{"line":177,"column":9},"end":{"line":181,"column":3}}],"line":175},"13":{"loc":{"start":{"line":177,"column":9},"end":{"line":181,"column":3}},"type":"if","locations":[{"start":{"line":177,"column":9},"end":{"line":181,"column":3}},{"start":{"line":179,"column":9},"end":{"line":181,"column":3}}],"line":177}},"s":{"0":0,"1":0,"2":0,"3":0,"4":0,"5":0,"6":0,"7":0,"8":0,"9":0,"10":0,"11":0,"12":0,"13":0,"14":0,"15":0,"16":0,"17":0,"18":0,"19":0,"20":0,"21":0,"22":0,"23":0,"24":0,"25":0,"26":0,"27":0,"28":0,"29":0,"30":0,"31":0,"32":0,"33":0,"34":0,"35":0,"36":0,"37":0,"38":0,"39":0,"40":0,"41":0,"42":0,"43":0,"44":0,"45":0,"46":0,"47":0,"48":0,"49":0,"50":0,"51":0,"52":0,"53":0},"f":{"0":0,"1":0,"2":0,"3":0,"4":0,"5":0},"b":{"0":[0,0],"1":[0,0],"2":[0,0],"3":[0,0],"4":[0,0],"5":[0,0],"6":[0,0],"7":[0,0],"8":[0,0],"9":[0,0],"10":[0,0],"11":[0,0],"12":[0,0],"13":[0,0]}}
,"C:\\Rohan\\AdminNAgent\\lib\\utils\\webhooks.js": {"path":"C:\\Rohan\\AdminNAgent\\lib\\utils\\webhooks.js","statementMap":{"0":{"start":{"line":10,"column":2},"end":{"line":53,"column":3}},"1":{"start":{"line":12,"column":21},"end":{"line":16,"column":6}},"2":{"start":{"line":18,"column":4},"end":{"line":20,"column":5}},"3":{"start":{"line":19,"column":6},"end":{"line":19,"column":36}},"4":{"start":{"line":22,"column":15},"end":{"line":22,"column":16}},"5":{"start":{"line":23,"column":17},"end":{"line":23,"column":18}},"6":{"start":{"line":26,"column":4},"end":{"line":47,"column":5}},"7":{"start":{"line":27,"column":6},"end":{"line":46,"column":7}},"8":{"start":{"line":28,"column":23},"end":{"line":28,"column":49}},"9":{"start":{"line":31,"column":8},"end":{"line":33,"column":9}},"10":{"start":{"line":32,"column":10},"end":{"line":32,"column":19}},"11":{"start":{"line":36,"column":23},"end":{"line":36,"column":74}},"12":{"start":{"line":38,"column":8},"end":{"line":42,"column":9}},"13":{"start":{"line":39,"column":10},"end":{"line":39,"column":17}},"14":{"start":{"line":41,"column":10},"end":{"line":41,"column":19}},"15":{"start":{"line":44,"column":8},"end":{"line":44,"column":72}},"16":{"start":{"line":45,"column":8},"end":{"line":45,"column":17}},"17":{"start":{"line":49,"column":4},"end":{"line":49,"column":28}},"18":{"start":{"line":51,"column":4},"end":{"line":51,"column":55}},"19":{"start":{"line":52,"column":4},"end":{"line":52,"column":56}},"20":{"start":{"line":63,"column":21},"end":{"line":63,"column":44}},"21":{"start":{"line":64,"column":18},"end":{"line":64,"column":22}},"22":{"start":{"line":66,"column":2},"end":{"line":88,"column":3}},"23":{"start":{"line":66,"column":21},"end":{"line":66,"column":22}},"24":{"start":{"line":67,"column":4},"end":{"line":87,"column":5}},"25":{"start":{"line":68,"column":21},"end":{"line":68,"column":72}},"26":{"start":{"line":70,"column":6},"end":{"line":72,"column":7}},"27":{"start":{"line":71,"column":8},"end":{"line":71,"column":22}},"28":{"start":{"line":74,"column":6},"end":{"line":74,"column":31}},"29":{"start":{"line":77,"column":6},"end":{"line":80,"column":7}},"30":{"start":{"line":78,"column":22},"end":{"line":78,"column":70}},"31":{"start":{"line":79,"column":8},"end":{"line":79,"column":65}},"32":{"start":{"line":79,"column":37},"end":{"line":79,"column":63}},"33":{"start":{"line":82,"column":6},"end":{"line":82,"column":32}},"34":{"start":{"line":83,"column":6},"end":{"line":86,"column":7}},"35":{"start":{"line":84,"column":22},"end":{"line":84,"column":70}},"36":{"start":{"line":85,"column":8},"end":{"line":85,"column":65}},"37":{"start":{"line":85,"column":37},"end":{"line":85,"column":63}},"38":{"start":{"line":90,"column":2},"end":{"line":94,"column":4}},"39":{"start":{"line":105,"column":20},"end":{"line":105,"column":30}},"40":{"start":{"line":108,"column":25},"end":{"line":112,"column":3}},"41":{"start":{"line":115,"column":18},"end":{"line":115,"column":68}},"42":{"start":{"line":116,"column":2},"end":{"line":116,"column":47}},"43":{"start":{"line":117,"column":2},"end":{"line":117,"column":49}},"44":{"start":{"line":120,"column":2},"end":{"line":126,"column":3}},"45":{"start":{"line":121,"column":22},"end":{"line":124,"column":20}},"46":{"start":{"line":125,"column":4},"end":{"line":125,"column":59}},"47":{"start":{"line":128,"column":2},"end":{"line":184,"column":3}},"48":{"start":{"line":129,"column":21},"end":{"line":134,"column":6}},"49":{"start":{"line":136,"column":21},"end":{"line":136,"column":43}},"50":{"start":{"line":137,"column":25},"end":{"line":137,"column":46}},"51":{"start":{"line":139,"column":20},"end":{"line":139,"column":31}},"52":{"start":{"line":142,"column":4},"end":{"line":154,"column":7}},"53":{"start":{"line":156,"column":4},"end":{"line":160,"column":6}},"54":{"start":{"line":162,"column":21},"end":{"line":162,"column":43}},"55":{"start":{"line":165,"column":4},"end":{"line":177,"column":7}},"56":{"start":{"line":179,"column":4},"end":{"line":183,"column":6}}},"fnMap":{"0":{"name":"triggerWebhook","decl":{"start":{"line":9,"column":22},"end":{"line":9,"column":36}},"loc":{"start":{"line":9,"column":53},"end":{"line":54,"column":1}},"line":9},"1":{"name":"sendWebhookWithRetry","decl":{"start":{"line":62,"column":15},"end":{"line":62,"column":35}},"loc":{"start":{"line":62,"column":61},"end":{"line":95,"column":1}},"line":62},"2":{"name":"(anonymous_2)","decl":{"start":{"line":79,"column":26},"end":{"line":79,"column":27}},"loc":{"start":{"line":79,"column":37},"end":{"line":79,"column":63}},"line":79},"3":{"name":"(anonymous_3)","decl":{"start":{"line":85,"column":26},"end":{"line":85,"column":27}},"loc":{"start":{"line":85,"column":37},"end":{"line":85,"column":63}},"line":85},"4":{"name":"sendWebhook","decl":{"start":{"line":104,"column":15},"end":{"line":104,"column":26}},"loc":{"start":{"line":104,"column":71},"end":{"line":185,"column":1}},"line":104}},"branchMap":{"0":{"loc":{"start":{"line":18,"column":4},"end":{"line":20,"column":5}},"type":"if","locations":[{"start":{"line":18,"column":4},"end":{"line":20,"column":5}},{"start":{},"end":{}}],"line":18},"1":{"loc":{"start":{"line":31,"column":8},"end":{"line":33,"column":9}},"type":"if","locations":[{"start":{"line":31,"column":8},"end":{"line":33,"column":9}},{"start":{},"end":{}}],"line":31},"2":{"loc":{"start":{"line":31,"column":12},"end":{"line":31,"column":60}},"type":"binary-expr","locations":[{"start":{"line":31,"column":12},"end":{"line":31,"column":35}},{"start":{"line":31,"column":39},"end":{"line":31,"column":60}}],"line":31},"3":{"loc":{"start":{"line":38,"column":8},"end":{"line":42,"column":9}},"type":"if","locations":[{"start":{"line":38,"column":8},"end":{"line":42,"column":9}},{"start":{"line":40,"column":15},"end":{"line":42,"column":9}}],"line":38},"4":{"loc":{"start":{"line":63,"column":21},"end":{"line":63,"column":44}},"type":"binary-expr","locations":[{"start":{"line":63,"column":21},"end":{"line":63,"column":39}},{"start":{"line":63,"column":43},"end":{"line":63,"column":44}}],"line":63},"5":{"loc":{"start":{"line":70,"column":6},"end":{"line":72,"column":7}},"type":"if","locations":[{"start":{"line":70,"column":6},"end":{"line":72,"column":7}},{"start":{},"end":{}}],"line":70},"6":{"loc":{"start":{"line":77,"column":6},"end":{"line":80,"column":7}},"type":"if","locations":[{"start":{"line":77,"column":6},"end":{"line":80,"column":7}},{"start":{},"end":{}}],"line":77},"7":{"loc":{"start":{"line":83,"column":6},"end":{"line":86,"column":7}},"type":"if","locations":[{"start":{"line":83,"column":6},"end":{"line":86,"column":7}},{"start":{},"end":{}}],"line":83},"8":{"loc":{"start":{"line":92,"column":11},"end":{"line":92,"column":46}},"type":"binary-expr","locations":[{"start":{"line":92,"column":11},"end":{"line":92,"column":20}},{"start":{"line":92,"column":24},"end":{"line":92,"column":46}}],"line":92},"9":{"loc":{"start":{"line":104,"column":52},"end":{"line":104,"column":69}},"type":"default-arg","locations":[{"start":{"line":104,"column":68},"end":{"line":104,"column":69}}],"line":104},"10":{"loc":{"start":{"line":115,"column":18},"end":{"line":115,"column":68}},"type":"cond-expr","locations":[{"start":{"line":115,"column":36},"end":{"line":115,"column":63}},{"start":{"line":115,"column":66},"end":{"line":115,"column":68}}],"line":115},"11":{"loc":{"start":{"line":120,"column":2},"end":{"line":126,"column":3}},"type":"if","locations":[{"start":{"line":120,"column":2},"end":{"line":126,"column":3}},{"start":{},"end":{}}],"line":120},"12":{"loc":{"start":{"line":130,"column":14},"end":{"line":130,"column":38}},"type":"binary-expr","locations":[{"start":{"line":130,"column":14},"end":{"line":130,"column":28}},{"start":{"line":130,"column":32},"end":{"line":130,"column":38}}],"line":130},"13":{"loc":{"start":{"line":133,"column":34},"end":{"line":133,"column":58}},"type":"binary-expr","locations":[{"start":{"line":133,"column":34},"end":{"line":133,"column":49}},{"start":{"line":133,"column":53},"end":{"line":133,"column":58}}],"line":133},"14":{"loc":{"start":{"line":150,"column":22},"end":{"line":150,"column":88}},"type":"cond-expr","locations":[{"start":{"line":150,"column":32},"end":{"line":150,"column":36}},{"start":{"line":150,"column":39},"end":{"line":150,"column":88}}],"line":150}},"s":{"0":0,"1":0,"2":0,"3":0,"4":0,"5":0,"6":0,"7":0,"8":0,"9":0,"10":0,"11":0,"12":0,"13":0,"14":0,"15":0,"16":0,"17":0,"18":0,"19":0,"20":0,"21":0,"22":0,"23":0,"24":0,"25":0,"26":0,"27":0,"28":0,"29":0,"30":0,"31":0,"32":0,"33":0,"34":0,"35":0,"36":0,"37":0,"38":0,"39":0,"40":0,"41":0,"42":0,"43":0,"44":0,"45":0,"46":0,"47":0,"48":0,"49":0,"50":0,"51":0,"52":0,"53":0,"54":0,"55":0,"56":0},"f":{"0":0,"1":0,"2":0,"3":0,"4":0},"b":{"0":[0,0],"1":[0,0],"2":[0,0],"3":[0,0],"4":[0,0],"5":[0,0],"6":[0,0],"7":[0,0],"8":[0,0],"9":[0],"10":[0,0],"11":[0,0],"12":[0,0],"13":[0,0],"14":[0,0]}}
}
