TN:
SF:lib\accessoryIdGenerator.js
FN:16,generateSlug
FN:34,getProductCode
FN:43,getSmartAbbrev
FN:48,(anonymous_3)
FN:87,generateAccessoryId
FN:133,generateAccessoryIdSimple
FNF:6
FNH:0
FNDA:0,generateSlug
FNDA:0,getProductCode
FNDA:0,getSmartAbbrev
FNDA:0,(anonymous_3)
FNDA:0,generateAccessoryId
FNDA:0,generateAccessoryIdSimple
DA:17,0
DA:19,0
DA:35,0
DA:36,0
DA:37,0
DA:44,0
DA:47,0
DA:48,0
DA:50,0
DA:53,0
DA:54,0
DA:58,0
DA:59,0
DA:63,0
DA:64,0
DA:65,0
DA:69,0
DA:70,0
DA:73,0
DA:88,0
DA:89,0
DA:93,0
DA:96,0
DA:99,0
DA:102,0
DA:103,0
DA:104,0
DA:106,0
DA:107,0
DA:111,0
DA:112,0
DA:115,0
DA:116,0
DA:117,0
DA:122,0
DA:134,0
DA:135,0
DA:138,0
DA:139,0
DA:141,0
LF:40
LH:0
BRDA:17,0,0,0
BRDA:17,0,1,0
BRDA:35,1,0,0
BRDA:35,1,1,0
BRDA:37,2,0,0
BRDA:37,2,1,0
BRDA:43,3,0,0
BRDA:44,4,0,0
BRDA:44,4,1,0
BRDA:50,5,0,0
BRDA:50,5,1,0
BRDA:53,6,0,0
BRDA:53,6,1,0
BRDA:58,7,0,0
BRDA:58,7,1,0
BRDA:64,8,0,0
BRDA:64,8,1,0
BRDA:69,9,0,0
BRDA:69,9,1,0
BRDA:87,10,0,0
BRDA:88,11,0,0
BRDA:88,11,1,0
BRDA:102,12,0,0
BRDA:102,12,1,0
BRDA:106,13,0,0
BRDA:106,13,1,0
BRDA:111,14,0,0
BRDA:111,14,1,0
BRDA:134,15,0,0
BRDA:134,15,1,0
BRF:30
BRH:0
end_of_record
TN:
SF:lib\agentSocket.js
FN:15,(anonymous_0)
FN:55,(anonymous_1)
FN:79,(anonymous_2)
FN:99,(anonymous_3)
FN:146,(anonymous_4)
FN:150,(anonymous_5)
FN:160,(anonymous_6)
FN:166,(anonymous_7)
FN:173,(anonymous_8)
FN:178,(anonymous_9)
FN:186,(anonymous_10)
FN:191,(anonymous_11)
FN:197,(anonymous_12)
FN:201,(anonymous_13)
FN:206,(anonymous_14)
FN:211,(anonymous_15)
FN:216,(anonymous_16)
FN:221,(anonymous_17)
FN:227,(anonymous_18)
FN:231,(anonymous_19)
FN:236,(anonymous_20)
FN:241,(anonymous_21)
FN:247,(anonymous_22)
FN:256,(anonymous_23)
FN:269,(anonymous_24)
FN:276,(anonymous_25)
FN:289,(anonymous_26)
FN:294,(anonymous_27)
FN:307,(anonymous_28)
FN:318,(anonymous_29)
FN:333,(anonymous_30)
FN:345,(anonymous_31)
FN:357,(anonymous_32)
FN:362,(anonymous_33)
FN:373,(anonymous_34)
FN:378,(anonymous_35)
FN:390,(anonymous_36)
FN:402,(anonymous_37)
FN:413,(anonymous_38)
FN:415,(anonymous_39)
FN:430,(anonymous_40)
FN:438,(anonymous_41)
FN:469,(anonymous_42)
FN:477,(anonymous_43)
FN:485,(anonymous_44)
FN:486,(anonymous_45)
FN:499,(anonymous_46)
FN:509,(anonymous_47)
FN:514,(anonymous_48)
FN:524,(anonymous_49)
FN:540,getAgentSocketLegacy
FNF:51
FNH:0
FNDA:0,(anonymous_0)
FNDA:0,(anonymous_1)
FNDA:0,(anonymous_2)
FNDA:0,(anonymous_3)
FNDA:0,(anonymous_4)
FNDA:0,(anonymous_5)
FNDA:0,(anonymous_6)
FNDA:0,(anonymous_7)
FNDA:0,(anonymous_8)
FNDA:0,(anonymous_9)
FNDA:0,(anonymous_10)
FNDA:0,(anonymous_11)
FNDA:0,(anonymous_12)
FNDA:0,(anonymous_13)
FNDA:0,(anonymous_14)
FNDA:0,(anonymous_15)
FNDA:0,(anonymous_16)
FNDA:0,(anonymous_17)
FNDA:0,(anonymous_18)
FNDA:0,(anonymous_19)
FNDA:0,(anonymous_20)
FNDA:0,(anonymous_21)
FNDA:0,(anonymous_22)
FNDA:0,(anonymous_23)
FNDA:0,(anonymous_24)
FNDA:0,(anonymous_25)
FNDA:0,(anonymous_26)
FNDA:0,(anonymous_27)
FNDA:0,(anonymous_28)
FNDA:0,(anonymous_29)
FNDA:0,(anonymous_30)
FNDA:0,(anonymous_31)
FNDA:0,(anonymous_32)
FNDA:0,(anonymous_33)
FNDA:0,(anonymous_34)
FNDA:0,(anonymous_35)
FNDA:0,(anonymous_36)
FNDA:0,(anonymous_37)
FNDA:0,(anonymous_38)
FNDA:0,(anonymous_39)
FNDA:0,(anonymous_40)
FNDA:0,(anonymous_41)
FNDA:0,(anonymous_42)
FNDA:0,(anonymous_43)
FNDA:0,(anonymous_44)
FNDA:0,(anonymous_45)
FNDA:0,(anonymous_46)
FNDA:0,(anonymous_47)
FNDA:0,(anonymous_48)
FNDA:0,(anonymous_49)
FNDA:0,getAgentSocketLegacy
DA:15,0
DA:17,0
DA:18,0
DA:21,0
DA:23,0
DA:24,0
DA:25,0
DA:27,0
DA:43,0
DA:44,0
DA:45,0
DA:46,0
DA:48,0
DA:55,0
DA:56,0
DA:58,0
DA:59,0
DA:61,0
DA:64,0
DA:67,0
DA:68,0
DA:69,0
DA:70,0
DA:73,0
DA:80,0
DA:81,0
DA:82,0
DA:83,0
DA:84,0
DA:85,0
DA:86,0
DA:87,0
DA:88,0
DA:89,0
DA:90,0
DA:100,0
DA:101,0
DA:102,0
DA:105,0
DA:106,0
DA:107,0
DA:110,0
DA:113,0
DA:114,0
DA:115,0
DA:118,0
DA:120,0
DA:121,0
DA:136,0
DA:138,0
DA:139,0
DA:147,0
DA:150,0
DA:151,0
DA:152,0
DA:153,0
DA:154,0
DA:157,0
DA:160,0
DA:161,0
DA:162,0
DA:163,0
DA:166,0
DA:167,0
DA:168,0
DA:169,0
DA:170,0
DA:173,0
DA:174,0
DA:175,0
DA:178,0
DA:179,0
DA:180,0
DA:181,0
DA:182,0
DA:183,0
DA:186,0
DA:187,0
DA:188,0
DA:191,0
DA:192,0
DA:193,0
DA:197,0
DA:198,0
DA:201,0
DA:202,0
DA:206,0
DA:207,0
DA:208,0
DA:211,0
DA:212,0
DA:213,0
DA:216,0
DA:217,0
DA:218,0
DA:221,0
DA:222,0
DA:223,0
DA:227,0
DA:228,0
DA:231,0
DA:232,0
DA:236,0
DA:237,0
DA:241,0
DA:242,0
DA:243,0
DA:247,0
DA:249,0
DA:257,0
DA:258,0
DA:259,0
DA:260,0
DA:261,0
DA:270,0
DA:271,0
DA:272,0
DA:273,0
DA:276,0
DA:277,0
DA:278,0
DA:280,0
DA:290,0
DA:291,0
DA:294,0
DA:295,0
DA:296,0
DA:308,0
DA:309,0
DA:310,0
DA:311,0
DA:314,0
DA:319,0
DA:320,0
DA:321,0
DA:323,0
DA:324,0
DA:334,0
DA:335,0
DA:338,0
DA:346,0
DA:347,0
DA:350,0
DA:358,0
DA:359,0
DA:362,0
DA:363,0
DA:364,0
DA:374,0
DA:375,0
DA:378,0
DA:379,0
DA:380,0
DA:391,0
DA:392,0
DA:394,0
DA:403,0
DA:404,0
DA:414,0
DA:415,0
DA:416,0
DA:417,0
DA:419,0
DA:431,0
DA:432,0
DA:439,0
DA:441,0
DA:443,0
DA:444,0
DA:446,0
DA:447,0
DA:449,0
DA:450,0
DA:452,0
DA:453,0
DA:455,0
DA:456,0
DA:460,0
DA:470,0
DA:478,0
DA:486,0
DA:487,0
DA:488,0
DA:490,0
DA:500,0
DA:501,0
DA:502,0
DA:503,0
DA:510,0
DA:511,0
DA:514,0
DA:515,0
DA:516,0
DA:525,0
DA:526,0
DA:527,0
DA:533,0
DA:541,0
DA:542,0
DA:544,0
LF:200
LH:0
BRDA:17,0,0,0
BRDA:17,0,1,0
BRDA:21,1,0,0
BRDA:21,1,1,0
BRDA:23,2,0,0
BRDA:23,2,1,0
BRDA:24,3,0,0
BRDA:24,3,1,0
BRDA:25,4,0,0
BRDA:25,4,1,0
BRDA:46,5,0,0
BRDA:46,5,1,0
BRDA:56,6,0,0
BRDA:56,6,1,0
BRDA:59,7,0,0
BRDA:59,7,1,0
BRDA:61,8,0,0
BRDA:61,8,1,0
BRDA:67,9,0,0
BRDA:67,9,1,0
BRDA:90,10,0,0
BRDA:90,10,1,0
BRDA:92,11,0,0
BRDA:92,11,1,0
BRDA:100,12,0,0
BRDA:100,12,1,0
BRDA:105,13,0,0
BRDA:105,13,1,0
BRDA:113,14,0,0
BRDA:113,14,1,0
BRDA:147,15,0,0
BRDA:147,15,1,0
BRDA:167,16,0,0
BRDA:167,16,1,0
BRDA:257,17,0,0
BRDA:257,17,1,0
BRDA:270,18,0,0
BRDA:270,18,1,0
BRDA:270,19,0,0
BRDA:270,19,1,0
BRDA:277,20,0,0
BRDA:277,20,1,0
BRDA:290,21,0,0
BRDA:290,21,1,0
BRDA:290,22,0,0
BRDA:290,22,1,0
BRDA:295,23,0,0
BRDA:295,23,1,0
BRDA:307,24,0,0
BRDA:308,25,0,0
BRDA:308,25,1,0
BRDA:308,26,0,0
BRDA:308,26,1,0
BRDA:319,27,0,0
BRDA:319,27,1,0
BRDA:324,28,0,0
BRDA:324,28,1,0
BRDA:334,29,0,0
BRDA:334,29,1,0
BRDA:334,30,0,0
BRDA:334,30,1,0
BRDA:346,31,0,0
BRDA:346,31,1,0
BRDA:346,32,0,0
BRDA:346,32,1,0
BRDA:358,33,0,0
BRDA:358,33,1,0
BRDA:358,34,0,0
BRDA:358,34,1,0
BRDA:363,35,0,0
BRDA:363,35,1,0
BRDA:374,36,0,0
BRDA:374,36,1,0
BRDA:374,37,0,0
BRDA:374,37,1,0
BRDA:379,38,0,0
BRDA:379,38,1,0
BRDA:391,39,0,0
BRDA:391,39,1,0
BRDA:403,40,0,0
BRDA:403,40,1,0
BRDA:414,41,0,0
BRDA:414,41,1,0
BRDA:439,42,0,0
BRDA:439,42,1,0
BRDA:447,43,0,0
BRDA:447,43,1,0
BRDA:447,43,2,0
BRDA:455,44,0,0
BRDA:455,44,1,0
BRDA:500,45,0,0
BRDA:500,45,1,0
BRDA:501,46,0,0
BRDA:501,46,1,0
BRDA:502,47,0,0
BRDA:502,47,1,0
BRDA:509,48,0,0
BRDA:510,49,0,0
BRDA:510,49,1,0
BRDA:515,50,0,0
BRDA:515,50,1,0
BRDA:515,51,0,0
BRDA:515,51,1,0
BRDA:525,52,0,0
BRDA:525,52,1,0
BRDA:541,53,0,0
BRDA:541,53,1,0
BRF:107
BRH:0
end_of_record
TN:
SF:lib\articleSlugGenerator.js
FN:1,generateSlug
FN:10,generateUniqueSlug
FNF:2
FNH:0
FNDA:0,generateSlug
FNDA:0,generateUniqueSlug
DA:2,0
DA:11,0
DA:12,0
DA:13,0
DA:15,0
DA:16,0
DA:17,0
DA:20,0
LF:8
LH:0
BRDA:10,0,0,0
BRF:1
BRH:0
end_of_record
TN:
SF:lib\assignmentEngine.js
FN:11,getEnabledRules
FN:22,assignRoundRobin
FN:46,(anonymous_2)
FN:64,assignLoadBased
FN:88,(anonymous_4)
FN:95,(anonymous_5)
FN:99,(anonymous_6)
FN:104,(anonymous_7)
FN:116,assignDepartmentMatch
FN:154,(anonymous_9)
FN:159,(anonymous_10)
FN:171,assignSkillMatch
FN:198,(anonymous_12)
FN:210,(anonymous_13)
FN:215,(anonymous_14)
FN:227,assignTicket
FN:344,previewAssignment
FN:400,(anonymous_17)
FNF:18
FNH:0
FNDA:0,getEnabledRules
FNDA:0,assignRoundRobin
FNDA:0,(anonymous_2)
FNDA:0,assignLoadBased
FNDA:0,(anonymous_4)
FNDA:0,(anonymous_5)
FNDA:0,(anonymous_6)
FNDA:0,(anonymous_7)
FNDA:0,assignDepartmentMatch
FNDA:0,(anonymous_9)
FNDA:0,(anonymous_10)
FNDA:0,assignSkillMatch
FNDA:0,(anonymous_12)
FNDA:0,(anonymous_13)
FNDA:0,(anonymous_14)
FNDA:0,assignTicket
FNDA:0,previewAssignment
FNDA:0,(anonymous_17)
DA:12,0
DA:23,0
DA:25,0
DA:33,0
DA:34,0
DA:38,0
DA:44,0
DA:45,0
DA:46,0
DA:47,0
DA:48,0
DA:52,0
DA:53,0
DA:55,0
DA:56,0
DA:65,0
DA:67,0
DA:83,0
DA:84,0
DA:88,0
DA:95,0
DA:97,0
DA:99,0
DA:100,0
DA:104,0
DA:105,0
DA:107,0
DA:108,0
DA:117,0
DA:119,0
DA:122,0
DA:139,0
DA:141,0
DA:153,0
DA:154,0
DA:155,0
DA:159,0
DA:160,0
DA:162,0
DA:163,0
DA:172,0
DA:174,0
DA:177,0
DA:193,0
DA:194,0
DA:198,0
DA:199,0
DA:200,0
DA:201,0
DA:202,0
DA:204,0
DA:208,0
DA:210,0
DA:211,0
DA:215,0
DA:216,0
DA:218,0
DA:219,0
DA:228,0
DA:230,0
DA:234,0
DA:235,0
DA:239,0
DA:240,0
DA:244,0
DA:246,0
DA:247,0
DA:251,0
DA:252,0
DA:253,0
DA:255,0
DA:256,0
DA:257,0
DA:263,0
DA:265,0
DA:266,0
DA:268,0
DA:269,0
DA:271,0
DA:272,0
DA:274,0
DA:275,0
DA:277,0
DA:278,0
DA:282,0
DA:284,0
DA:290,0
DA:298,0
DA:312,0
DA:322,0
DA:333,0
DA:335,0
DA:336,0
DA:345,0
DA:346,0
DA:348,0
DA:349,0
DA:352,0
DA:354,0
DA:355,0
DA:356,0
DA:358,0
DA:359,0
DA:360,0
DA:366,0
DA:368,0
DA:369,0
DA:371,0
DA:372,0
DA:374,0
DA:375,0
DA:377,0
DA:378,0
DA:381,0
DA:395,0
DA:396,0
DA:400,0
DA:402,0
DA:403,0
LF:119
LH:0
BRDA:22,0,0,0
BRDA:33,1,0,0
BRDA:33,1,1,0
BRDA:45,2,0,0
BRDA:45,2,1,0
BRDA:47,3,0,0
BRDA:47,3,1,0
BRDA:64,4,0,0
BRDA:83,5,0,0
BRDA:83,5,1,0
BRDA:91,6,0,0
BRDA:91,6,1,0
BRDA:97,7,0,0
BRDA:97,7,1,0
BRDA:116,8,0,0
BRDA:119,9,0,0
BRDA:119,9,1,0
BRDA:139,10,0,0
BRDA:139,10,1,0
BRDA:153,11,0,0
BRDA:153,11,1,0
BRDA:171,12,0,0
BRDA:174,13,0,0
BRDA:174,13,1,0
BRDA:193,14,0,0
BRDA:193,14,1,0
BRDA:199,15,0,0
BRDA:199,15,1,0
BRDA:202,16,0,0
BRDA:202,16,1,0
BRDA:208,17,0,0
BRDA:208,17,1,0
BRDA:234,18,0,0
BRDA:234,18,1,0
BRDA:239,19,0,0
BRDA:239,19,1,0
BRDA:246,20,0,0
BRDA:246,20,1,0
BRDA:256,21,0,0
BRDA:256,21,1,0
BRDA:263,22,0,0
BRDA:263,22,1,0
BRDA:263,22,2,0
BRDA:263,22,3,0
BRDA:263,22,4,0
BRDA:282,23,0,0
BRDA:282,23,1,0
BRDA:348,24,0,0
BRDA:348,24,1,0
BRDA:359,25,0,0
BRDA:359,25,1,0
BRDA:366,26,0,0
BRDA:366,26,1,0
BRDA:366,26,2,0
BRDA:366,26,3,0
BRDA:387,27,0,0
BRDA:387,27,1,0
BRDA:395,28,0,0
BRDA:395,28,1,0
BRDA:400,29,0,0
BRDA:400,29,1,0
BRF:61
BRH:0
end_of_record
TN:
SF:lib\auth.js
FN:16,verifyToken
FN:42,getCurrentUserId
FN:58,getCurrentUser
FN:92,requireAuth
FN:93,(anonymous_4)
FN:116,requireAuthAndPermission
FN:117,(anonymous_6)
FN:147,generateToken
FNF:8
FNH:0
FNDA:0,verifyToken
FNDA:0,getCurrentUserId
FNDA:0,getCurrentUser
FNDA:0,requireAuth
FNDA:0,(anonymous_4)
FNDA:0,requireAuthAndPermission
FNDA:0,(anonymous_6)
FNDA:0,generateToken
DA:9,0
DA:17,0
DA:19,0
DA:20,0
DA:25,0
DA:26,0
DA:29,0
DA:30,0
DA:32,0
DA:33,0
DA:44,0
DA:45,0
DA:46,0
DA:50,0
DA:59,0
DA:60,0
DA:61,0
DA:62,0
DA:65,0
DA:79,0
DA:81,0
DA:82,0
DA:93,0
DA:94,0
DA:96,0
DA:97,0
DA:104,0
DA:106,0
DA:117,0
DA:118,0
DA:120,0
DA:121,0
DA:128,0
DA:130,0
DA:131,0
DA:132,0
DA:136,0
DA:138,0
DA:148,0
LF:39
LH:0
BRDA:9,0,0,0
BRDA:9,0,1,0
BRDA:19,1,0,0
BRDA:19,1,1,0
BRDA:20,2,0,0
BRDA:20,2,1,0
BRDA:20,2,2,0
BRDA:20,2,3,0
BRDA:25,3,0,0
BRDA:25,3,1,0
BRDA:45,4,0,0
BRDA:45,4,1,0
BRDA:50,5,0,0
BRDA:50,5,1,0
BRDA:61,6,0,0
BRDA:61,6,1,0
BRDA:96,7,0,0
BRDA:96,7,1,0
BRDA:120,8,0,0
BRDA:120,8,1,0
BRDA:131,9,0,0
BRDA:131,9,1,0
BRF:22
BRH:0
end_of_record
TN:
SF:lib\captcha.js
FN:15,generateCaptcha
FN:29,(anonymous_1)
FN:79,validateCaptcha
FN:88,getCaptchaSettings
FN:101,(anonymous_4)
FNF:5
FNH:0
FNDA:0,generateCaptcha
FNDA:0,(anonymous_1)
FNDA:0,validateCaptcha
FNDA:0,getCaptchaSettings
FNDA:0,(anonymous_4)
DA:3,0
DA:16,0
DA:18,0
DA:19,0
DA:21,0
DA:22,0
DA:28,0
DA:29,0
DA:30,0
DA:33,0
DA:34,0
DA:37,0
DA:39,0
DA:40,0
DA:41,0
DA:44,0
DA:48,0
DA:49,0
DA:50,0
DA:53,0
DA:55,0
DA:58,0
DA:60,0
DA:61,0
DA:62,0
DA:64,0
DA:65,0
DA:66,0
DA:67,0
DA:69,0
DA:80,0
DA:81,0
DA:89,0
DA:90,0
DA:91,0
DA:93,0
DA:94,0
DA:100,0
DA:101,0
DA:102,0
DA:105,0
DA:110,0
DA:113,0
DA:114,0
LF:44
LH:0
BRDA:15,0,0,0
BRDA:33,1,0,0
BRDA:33,1,1,0
BRDA:33,2,0,0
BRDA:33,2,1,0
BRDA:34,3,0,0
BRDA:34,3,1,0
BRDA:34,3,2,0
BRDA:40,4,0,0
BRDA:40,4,1,0
BRDA:60,5,0,0
BRDA:60,5,1,0
BRDA:61,6,0,0
BRDA:61,6,1,0
BRDA:64,7,0,0
BRDA:64,7,1,0
BRDA:80,8,0,0
BRDA:80,8,1,0
BRDA:80,9,0,0
BRDA:80,9,1,0
BRDA:106,10,0,0
BRDA:106,10,1,0
BRDA:107,11,0,0
BRDA:107,11,1,0
BRF:24
BRH:0
end_of_record
TN:
SF:lib\chat-service.js
FN:16,(anonymous_0)
FN:21,(anonymous_1)
FN:47,(anonymous_2)
FN:117,(anonymous_3)
FN:140,(anonymous_4)
FN:149,(anonymous_5)
FN:159,(anonymous_6)
FN:174,(anonymous_7)
FN:191,(anonymous_8)
FN:201,(anonymous_9)
FN:211,(anonymous_10)
FN:221,(anonymous_11)
FN:231,(anonymous_12)
FN:237,(anonymous_13)
FN:329,(anonymous_14)
FN:394,(anonymous_15)
FN:441,(anonymous_16)
FN:500,(anonymous_17)
FN:829,(anonymous_18)
FN:870,initialize
FNF:20
FNH:0
FNDA:0,(anonymous_0)
FNDA:0,(anonymous_1)
FNDA:0,(anonymous_2)
FNDA:0,(anonymous_3)
FNDA:0,(anonymous_4)
FNDA:0,(anonymous_5)
FNDA:0,(anonymous_6)
FNDA:0,(anonymous_7)
FNDA:0,(anonymous_8)
FNDA:0,(anonymous_9)
FNDA:0,(anonymous_10)
FNDA:0,(anonymous_11)
FNDA:0,(anonymous_12)
FNDA:0,(anonymous_13)
FNDA:0,(anonymous_14)
FNDA:0,(anonymous_15)
FNDA:0,(anonymous_16)
FNDA:0,(anonymous_17)
FNDA:0,(anonymous_18)
FNDA:0,initialize
DA:2,0
DA:6,0
DA:7,0
DA:8,0
DA:9,0
DA:11,0
DA:12,0
DA:18,0
DA:23,0
DA:24,0
DA:25,0
DA:28,0
DA:32,0
DA:33,0
DA:34,0
DA:38,0
DA:39,0
DA:40,0
DA:43,0
DA:47,0
DA:48,0
DA:51,0
DA:52,0
DA:53,0
DA:54,0
DA:57,0
DA:58,0
DA:59,0
DA:60,0
DA:62,0
DA:65,0
DA:66,0
DA:67,0
DA:74,0
DA:75,0
DA:79,0
DA:80,0
DA:81,0
DA:87,0
DA:88,0
DA:93,0
DA:94,0
DA:100,0
DA:101,0
DA:105,0
DA:106,0
DA:107,0
DA:111,0
DA:112,0
DA:113,0
DA:117,0
DA:118,0
DA:119,0
DA:120,0
DA:124,0
DA:125,0
DA:126,0
DA:127,0
DA:130,0
DA:131,0
DA:132,0
DA:133,0
DA:134,0
DA:136,0
DA:140,0
DA:141,0
DA:142,0
DA:143,0
DA:144,0
DA:149,0
DA:150,0
DA:151,0
DA:153,0
DA:154,0
DA:159,0
DA:160,0
DA:162,0
DA:163,0
DA:165,0
DA:168,0
DA:169,0
DA:174,0
DA:175,0
DA:176,0
DA:178,0
DA:179,0
DA:182,0
DA:183,0
DA:184,0
DA:185,0
DA:191,0
DA:192,0
DA:193,0
DA:195,0
DA:196,0
DA:201,0
DA:202,0
DA:203,0
DA:204,0
DA:205,0
DA:206,0
DA:211,0
DA:212,0
DA:213,0
DA:214,0
DA:215,0
DA:216,0
DA:221,0
DA:222,0
DA:223,0
DA:224,0
DA:225,0
DA:231,0
DA:232,0
DA:238,0
DA:240,0
DA:243,0
DA:251,0
DA:252,0
DA:255,0
DA:256,0
DA:268,0
DA:274,0
DA:275,0
DA:280,0
DA:284,0
DA:305,0
DA:307,0
DA:314,0
DA:315,0
DA:326,0
DA:330,0
DA:332,0
DA:336,0
DA:337,0
DA:338,0
DA:342,0
DA:356,0
DA:362,0
DA:363,0
DA:374,0
DA:376,0
DA:378,0
DA:382,0
DA:383,0
DA:391,0
DA:395,0
DA:397,0
DA:401,0
DA:402,0
DA:403,0
DA:407,0
DA:417,0
DA:420,0
DA:421,0
DA:429,0
DA:430,0
DA:438,0
DA:442,0
DA:444,0
DA:448,0
DA:449,0
DA:450,0
DA:454,0
DA:468,0
DA:474,0
DA:475,0
DA:486,0
DA:487,0
DA:490,0
DA:493,0
DA:501,0
DA:505,0
DA:506,0
DA:507,0
DA:511,0
DA:523,0
DA:524,0
DA:525,0
DA:529,0
DA:530,0
DA:531,0
DA:535,0
DA:536,0
DA:538,0
DA:541,0
DA:542,0
DA:548,0
DA:550,0
DA:551,0
DA:554,0
DA:555,0
DA:558,0
DA:563,0
DA:564,0
DA:565,0
DA:566,0
DA:567,0
DA:569,0
DA:570,0
DA:574,0
DA:575,0
DA:578,0
DA:580,0
DA:581,0
DA:583,0
DA:584,0
DA:588,0
DA:589,0
DA:592,0
DA:595,0
DA:600,0
DA:601,0
DA:602,0
DA:606,0
DA:618,0
DA:619,0
DA:620,0
DA:621,0
DA:622,0
DA:624,0
DA:625,0
DA:628,0
DA:629,0
DA:630,0
DA:631,0
DA:632,0
DA:635,0
DA:637,0
DA:639,0
DA:640,0
DA:641,0
DA:642,0
DA:643,0
DA:645,0
DA:647,0
DA:648,0
DA:650,0
DA:660,0
DA:668,0
DA:671,0
DA:673,0
DA:683,0
DA:695,0
DA:696,0
DA:698,0
DA:699,0
DA:701,0
DA:702,0
DA:712,0
DA:714,0
DA:715,0
DA:716,0
DA:720,0
DA:721,0
DA:722,0
DA:726,0
DA:727,0
DA:728,0
DA:732,0
DA:735,0
DA:743,0
DA:748,0
DA:754,0
DA:769,0
DA:770,0
DA:771,0
DA:773,0
DA:776,0
DA:784,0
DA:785,0
DA:786,0
DA:791,0
DA:792,0
DA:806,0
DA:807,0
DA:808,0
DA:811,0
DA:817,0
DA:830,0
DA:831,0
DA:832,0
DA:835,0
DA:837,0
DA:839,0
DA:859,0
DA:860,0
DA:861,0
DA:863,0
DA:868,0
DA:871,0
DA:872,0
DA:874,0
DA:875,0
DA:878,0
LF:295
LH:0
BRDA:6,0,0,0
BRDA:6,0,1,0
BRDA:8,1,0,0
BRDA:8,1,1,0
BRDA:18,2,0,0
BRDA:18,2,1,0
BRDA:23,3,0,0
BRDA:23,3,1,0
BRDA:32,4,0,0
BRDA:32,4,1,0
BRDA:38,5,0,0
BRDA:38,5,1,0
BRDA:51,6,0,0
BRDA:51,6,1,0
BRDA:59,7,0,0
BRDA:59,7,1,0
BRDA:65,8,0,0
BRDA:65,8,1,0
BRDA:65,9,0,0
BRDA:65,9,1,0
BRDA:65,9,2,0
BRDA:66,10,0,0
BRDA:66,10,1,0
BRDA:79,11,0,0
BRDA:79,11,1,0
BRDA:79,12,0,0
BRDA:79,12,1,0
BRDA:79,12,2,0
BRDA:80,13,0,0
BRDA:80,13,1,0
BRDA:84,14,0,0
BRDA:84,14,1,0
BRDA:93,15,0,0
BRDA:93,15,1,0
BRDA:93,16,0,0
BRDA:93,16,1,0
BRDA:95,17,0,0
BRDA:95,17,1,0
BRDA:119,18,0,0
BRDA:119,18,1,0
BRDA:124,19,0,0
BRDA:124,19,1,0
BRDA:124,20,0,0
BRDA:124,20,1,0
BRDA:131,21,0,0
BRDA:131,21,1,0
BRDA:131,22,0,0
BRDA:131,22,1,0
BRDA:136,23,0,0
BRDA:136,23,1,0
BRDA:142,24,0,0
BRDA:142,24,1,0
BRDA:162,25,0,0
BRDA:162,25,1,0
BRDA:178,26,0,0
BRDA:178,26,1,0
BRDA:178,27,0,0
BRDA:178,27,1,0
BRDA:184,28,0,0
BRDA:184,28,1,0
BRDA:184,29,0,0
BRDA:184,29,1,0
BRDA:203,30,0,0
BRDA:203,30,1,0
BRDA:213,31,0,0
BRDA:213,31,1,0
BRDA:223,32,0,0
BRDA:223,32,1,0
BRDA:251,33,0,0
BRDA:251,33,1,0
BRDA:255,34,0,0
BRDA:255,34,1,0
BRDA:290,35,0,0
BRDA:290,35,1,0
BRDA:314,36,0,0
BRDA:314,36,1,0
BRDA:336,37,0,0
BRDA:336,37,1,0
BRDA:347,38,0,0
BRDA:347,38,1,0
BRDA:351,39,0,0
BRDA:351,39,1,0
BRDA:362,40,0,0
BRDA:362,40,1,0
BRDA:371,41,0,0
BRDA:371,41,1,0
BRDA:382,42,0,0
BRDA:382,42,1,0
BRDA:382,43,0,0
BRDA:382,43,1,0
BRDA:387,44,0,0
BRDA:387,44,1,0
BRDA:401,45,0,0
BRDA:401,45,1,0
BRDA:420,46,0,0
BRDA:420,46,1,0
BRDA:429,47,0,0
BRDA:429,47,1,0
BRDA:448,48,0,0
BRDA:448,48,1,0
BRDA:463,49,0,0
BRDA:463,49,1,0
BRDA:474,50,0,0
BRDA:474,50,1,0
BRDA:483,51,0,0
BRDA:483,51,1,0
BRDA:505,52,0,0
BRDA:505,52,1,0
BRDA:505,53,0,0
BRDA:505,53,1,0
BRDA:505,53,2,0
BRDA:505,53,3,0
BRDA:523,54,0,0
BRDA:523,54,1,0
BRDA:529,55,0,0
BRDA:529,55,1,0
BRDA:529,56,0,0
BRDA:529,56,1,0
BRDA:536,57,0,0
BRDA:536,57,1,0
BRDA:536,58,0,0
BRDA:536,58,1,0
BRDA:536,58,2,0
BRDA:541,59,0,0
BRDA:541,59,1,0
BRDA:548,60,0,0
BRDA:548,60,1,0
BRDA:548,61,0,0
BRDA:548,61,1,0
BRDA:554,62,0,0
BRDA:554,62,1,0
BRDA:554,63,0,0
BRDA:554,63,1,0
BRDA:564,64,0,0
BRDA:564,64,1,0
BRDA:565,65,0,0
BRDA:565,65,1,0
BRDA:566,66,0,0
BRDA:566,66,1,0
BRDA:566,66,2,0
BRDA:567,67,0,0
BRDA:567,67,1,0
BRDA:574,68,0,0
BRDA:574,68,1,0
BRDA:580,69,0,0
BRDA:580,69,1,0
BRDA:581,70,0,0
BRDA:581,70,1,0
BRDA:588,71,0,0
BRDA:588,71,1,0
BRDA:595,72,0,0
BRDA:595,72,1,0
BRDA:595,72,2,0
BRDA:600,73,0,0
BRDA:600,73,1,0
BRDA:601,74,0,0
BRDA:601,74,1,0
BRDA:602,75,0,0
BRDA:602,75,1,0
BRDA:619,76,0,0
BRDA:619,76,1,0
BRDA:619,77,0,0
BRDA:619,77,1,0
BRDA:619,77,2,0
BRDA:624,78,0,0
BRDA:624,78,1,0
BRDA:629,79,0,0
BRDA:629,79,1,0
BRDA:629,80,0,0
BRDA:629,80,1,0
BRDA:629,80,2,0
BRDA:631,81,0,0
BRDA:631,81,1,0
BRDA:635,82,0,0
BRDA:635,82,1,0
BRDA:671,83,0,0
BRDA:671,83,1,0
BRDA:677,84,0,0
BRDA:677,84,1,0
BRDA:678,85,0,0
BRDA:678,85,1,0
BRDA:679,86,0,0
BRDA:679,86,1,0
BRDA:696,87,0,0
BRDA:696,87,1,0
BRDA:699,88,0,0
BRDA:699,88,1,0
BRDA:712,89,0,0
BRDA:712,89,1,0
BRDA:715,90,0,0
BRDA:715,90,1,0
BRDA:720,91,0,0
BRDA:720,91,1,0
BRDA:721,92,0,0
BRDA:721,92,1,0
BRDA:726,93,0,0
BRDA:726,93,1,0
BRDA:727,94,0,0
BRDA:727,94,1,0
BRDA:732,95,0,0
BRDA:732,95,1,0
BRDA:763,96,0,0
BRDA:763,96,1,0
BRDA:770,97,0,0
BRDA:770,97,1,0
BRDA:784,98,0,0
BRDA:784,98,1,0
BRDA:791,99,0,0
BRDA:791,99,1,0
BRDA:800,100,0,0
BRDA:800,100,1,0
BRDA:830,101,0,0
BRDA:830,101,1,0
BRDA:846,102,0,0
BRDA:846,102,1,0
BRDA:850,103,0,0
BRDA:850,103,1,0
BRDA:871,104,0,0
BRDA:871,104,1,0
BRF:219
BRH:0
end_of_record
TN:
SF:lib\crypto-utils.js
FN:11,hashApiKey
FN:24,verifyApiKey
FN:40,getApiKeyPrefix
FN:51,encryptApiKey
FN:74,decryptApiKey
FNF:5
FNH:0
FNDA:0,hashApiKey
FNDA:0,verifyApiKey
FNDA:0,getApiKeyPrefix
FNDA:0,encryptApiKey
FNDA:0,decryptApiKey
DA:4,0
DA:12,0
DA:13,0
DA:15,0
DA:25,0
DA:26,0
DA:28,0
DA:29,0
DA:41,0
DA:42,0
DA:44,0
DA:52,0
DA:54,0
DA:55,0
DA:56,0
DA:58,0
DA:59,0
DA:60,0
DA:62,0
DA:64,0
DA:75,0
DA:77,0
DA:78,0
DA:79,0
DA:80,0
DA:81,0
DA:83,0
DA:84,0
DA:86,0
DA:87,0
DA:89,0
DA:91,0
DA:92,0
LF:33
LH:0
BRDA:4,0,0,0
BRDA:4,0,1,0
BRDA:4,0,2,0
BRDA:12,1,0,0
BRDA:12,1,1,0
BRDA:12,2,0,0
BRDA:12,2,1,0
BRDA:25,3,0,0
BRDA:25,3,1,0
BRDA:25,4,0,0
BRDA:25,4,1,0
BRDA:41,5,0,0
BRDA:41,5,1,0
BRDA:41,6,0,0
BRDA:41,6,1,0
BRDA:52,7,0,0
BRDA:52,7,1,0
BRDA:75,8,0,0
BRDA:75,8,1,0
BRDA:75,9,0,0
BRDA:75,9,1,0
BRF:21
BRH:0
end_of_record
TN:
SF:lib\customerIdGenerator.js
FN:27,getProductCode
FN:34,getCategoryCode
FN:53,generateCustomerId
FN:85,getNextCustomerSequence
FNF:4
FNH:0
FNDA:0,getProductCode
FNDA:0,getCategoryCode
FNDA:0,generateCustomerId
FNDA:0,getNextCustomerSequence
DA:15,0
DA:28,0
DA:29,0
DA:30,0
DA:35,0
DA:36,0
DA:37,0
DA:55,0
DA:56,0
DA:57,0
DA:58,0
DA:62,0
DA:63,0
DA:64,0
DA:67,0
DA:68,0
DA:71,0
DA:74,0
DA:86,0
DA:87,0
DA:88,0
DA:89,0
DA:90,0
DA:93,0
DA:105,0
DA:106,0
DA:110,0
DA:111,0
DA:112,0
LF:29
LH:0
BRDA:28,0,0,0
BRDA:28,0,1,0
BRDA:30,1,0,0
BRDA:30,1,1,0
BRDA:35,2,0,0
BRDA:35,2,1,0
BRDA:37,3,0,0
BRDA:37,3,1,0
BRDA:53,4,0,0
BRDA:53,5,0,0
BRDA:53,6,0,0
BRDA:55,7,0,0
BRDA:55,7,1,0
BRDA:55,8,0,0
BRDA:55,8,1,0
BRDA:57,9,0,0
BRDA:57,9,1,0
BRDA:85,10,0,0
BRDA:105,11,0,0
BRDA:105,11,1,0
BRDA:111,12,0,0
BRDA:111,12,1,0
BRF:22
BRH:0
end_of_record
TN:
SF:lib\permissions.js
FN:13,getUserPermissions
FN:52,hasPermission
FN:62,(anonymous_2)
FN:76,hasAnyPermission
FN:86,(anonymous_4)
FN:87,(anonymous_5)
FN:102,hasAllPermissions
FN:112,(anonymous_7)
FN:113,(anonymous_8)
FN:127,requirePermission
FN:128,(anonymous_10)
FN:180,checkPermissionOrFail
FN:229,getUserPermissionsMap
FN:240,(anonymous_13)
FNF:14
FNH:0
FNDA:0,getUserPermissions
FNDA:0,hasPermission
FNDA:0,(anonymous_2)
FNDA:0,hasAnyPermission
FNDA:0,(anonymous_4)
FNDA:0,(anonymous_5)
FNDA:0,hasAllPermissions
FNDA:0,(anonymous_7)
FNDA:0,(anonymous_8)
FNDA:0,requirePermission
FNDA:0,(anonymous_10)
FNDA:0,checkPermissionOrFail
FNDA:0,getUserPermissionsMap
FNDA:0,(anonymous_13)
DA:14,0
DA:16,0
DA:17,0
DA:18,0
DA:21,0
DA:32,0
DA:33,0
DA:36,0
DA:41,0
DA:42,0
DA:53,0
DA:54,0
DA:57,0
DA:58,0
DA:62,0
DA:63,0
DA:65,0
DA:66,0
DA:77,0
DA:78,0
DA:81,0
DA:82,0
DA:86,0
DA:87,0
DA:88,0
DA:91,0
DA:92,0
DA:103,0
DA:104,0
DA:107,0
DA:108,0
DA:112,0
DA:113,0
DA:114,0
DA:117,0
DA:118,0
DA:128,0
DA:129,0
DA:131,0
DA:133,0
DA:134,0
DA:140,0
DA:143,0
DA:144,0
DA:148,0
DA:152,0
DA:154,0
DA:155,0
DA:162,0
DA:164,0
DA:165,0
DA:181,0
DA:182,0
DA:183,0
DA:187,0
DA:190,0
DA:193,0
DA:194,0
DA:198,0
DA:202,0
DA:204,0
DA:205,0
DA:210,0
DA:213,0
DA:215,0
DA:216,0
DA:220,0
DA:230,0
DA:231,0
DA:234,0
DA:235,0
DA:239,0
DA:240,0
DA:241,0
DA:244,0
DA:251,0
DA:252,0
LF:77
LH:0
BRDA:17,0,0,0
BRDA:17,0,1,0
BRDA:32,1,0,0
BRDA:32,1,1,0
BRDA:32,2,0,0
BRDA:32,2,1,0
BRDA:38,3,0,0
BRDA:38,3,1,0
BRDA:57,4,0,0
BRDA:57,4,1,0
BRDA:63,5,0,0
BRDA:63,5,1,0
BRDA:81,6,0,0
BRDA:81,6,1,0
BRDA:88,7,0,0
BRDA:88,7,1,0
BRDA:107,8,0,0
BRDA:107,8,1,0
BRDA:114,9,0,0
BRDA:114,9,1,0
BRDA:131,10,0,0
BRDA:131,10,1,0
BRDA:133,11,0,0
BRDA:133,11,1,0
BRDA:143,12,0,0
BRDA:143,12,1,0
BRDA:144,13,0,0
BRDA:144,13,1,0
BRDA:148,14,0,0
BRDA:148,14,1,0
BRDA:154,15,0,0
BRDA:154,15,1,0
BRDA:162,16,0,0
BRDA:162,16,1,0
BRDA:182,17,0,0
BRDA:182,17,1,0
BRDA:193,18,0,0
BRDA:193,18,1,0
BRDA:198,19,0,0
BRDA:198,19,1,0
BRDA:204,20,0,0
BRDA:204,20,1,0
BRDA:234,21,0,0
BRDA:234,21,1,0
BRF:44
BRH:0
end_of_record
TN:
SF:lib\prisma.js
FN:10,(anonymous_0)
FN:29,ensurePrismaConnected
FN:56,getPrismaClient
FN:63,disconnectPrisma
FN:71,(anonymous_4)
FNF:5
FNH:0
FNDA:0,(anonymous_0)
FNDA:0,ensurePrismaConnected
FNDA:0,getPrismaClient
FNDA:0,disconnectPrisma
FNDA:0,(anonymous_4)
DA:4,0
DA:5,0
DA:10,0
DA:11,0
DA:16,0
DA:18,0
DA:20,0
DA:21,0
DA:30,0
DA:32,0
DA:35,0
DA:36,0
DA:37,0
DA:38,0
DA:41,0
DA:42,0
DA:43,0
DA:47,0
DA:57,0
DA:64,0
DA:65,0
DA:70,0
DA:71,0
DA:72,0
LF:24
LH:0
BRDA:4,0,0,0
BRDA:4,0,1,0
BRDA:12,1,0,0
BRDA:12,1,1,0
BRDA:18,2,0,0
BRDA:18,2,1,0
BRDA:20,3,0,0
BRDA:20,3,1,0
BRDA:35,4,0,0
BRDA:35,4,1,0
BRDA:35,5,0,0
BRDA:35,5,1,0
BRDA:41,6,0,0
BRDA:41,6,1,0
BRDA:64,7,0,0
BRDA:64,7,1,0
BRDA:70,8,0,0
BRDA:70,8,1,0
BRF:18
BRH:0
end_of_record
TN:
SF:lib\productIdGenerator.js
FN:16,generateSlug
FN:34,getCategoryCode
FN:43,getSmartAbbrev
FN:48,(anonymous_3)
FN:89,generateProductId
FN:135,generateProductIdSimple
FNF:6
FNH:0
FNDA:0,generateSlug
FNDA:0,getCategoryCode
FNDA:0,getSmartAbbrev
FNDA:0,(anonymous_3)
FNDA:0,generateProductId
FNDA:0,generateProductIdSimple
DA:17,0
DA:19,0
DA:35,0
DA:36,0
DA:37,0
DA:44,0
DA:47,0
DA:48,0
DA:50,0
DA:53,0
DA:54,0
DA:59,0
DA:60,0
DA:61,0
DA:65,0
DA:66,0
DA:67,0
DA:71,0
DA:72,0
DA:75,0
DA:90,0
DA:91,0
DA:95,0
DA:98,0
DA:101,0
DA:104,0
DA:105,0
DA:106,0
DA:108,0
DA:109,0
DA:113,0
DA:114,0
DA:117,0
DA:118,0
DA:119,0
DA:124,0
DA:136,0
DA:137,0
DA:140,0
DA:141,0
DA:143,0
LF:41
LH:0
BRDA:17,0,0,0
BRDA:17,0,1,0
BRDA:35,1,0,0
BRDA:35,1,1,0
BRDA:37,2,0,0
BRDA:37,2,1,0
BRDA:43,3,0,0
BRDA:44,4,0,0
BRDA:44,4,1,0
BRDA:50,5,0,0
BRDA:50,5,1,0
BRDA:53,6,0,0
BRDA:53,6,1,0
BRDA:60,7,0,0
BRDA:60,7,1,0
BRDA:66,8,0,0
BRDA:66,8,1,0
BRDA:71,9,0,0
BRDA:71,9,1,0
BRDA:89,10,0,0
BRDA:90,11,0,0
BRDA:90,11,1,0
BRDA:104,12,0,0
BRDA:104,12,1,0
BRDA:108,13,0,0
BRDA:108,13,1,0
BRDA:113,14,0,0
BRDA:113,14,1,0
BRDA:136,15,0,0
BRDA:136,15,1,0
BRF:30
BRH:0
end_of_record
TN:
SF:lib\server-auth.js
FN:16,verifyTokenFromRequest
FN:46,getAuthenticatedUser
FN:89,requireAuth
FN:124,optionalAuth
FNF:4
FNH:0
FNDA:0,verifyTokenFromRequest
FNDA:0,getAuthenticatedUser
FNDA:0,requireAuth
FNDA:0,optionalAuth
DA:9,0
DA:17,0
DA:19,0
DA:22,0
DA:23,0
DA:26,0
DA:28,0
DA:30,0
DA:31,0
DA:34,0
DA:35,0
DA:37,0
DA:47,0
DA:48,0
DA:50,0
DA:51,0
DA:55,0
DA:69,0
DA:70,0
DA:73,0
DA:75,0
DA:76,0
DA:90,0
DA:92,0
DA:94,0
DA:95,0
DA:103,0
DA:125,0
DA:127,0
DA:129,0
LF:30
LH:0
BRDA:9,0,0,0
BRDA:9,0,1,0
BRDA:19,1,0,0
BRDA:19,1,1,0
BRDA:22,2,0,0
BRDA:22,2,1,0
BRDA:28,3,0,0
BRDA:28,3,1,0
BRDA:28,3,2,0
BRDA:30,4,0,0
BRDA:30,4,1,0
BRDA:50,5,0,0
BRDA:50,5,1,0
BRDA:50,6,0,0
BRDA:50,6,1,0
BRDA:69,7,0,0
BRDA:69,7,1,0
BRDA:69,8,0,0
BRDA:69,8,1,0
BRDA:94,9,0,0
BRDA:94,9,1,0
BRDA:131,10,0,0
BRDA:131,10,1,0
BRF:23
BRH:0
end_of_record
TN:
SF:lib\settings.js
FN:17,getBasicSettings
FN:29,(anonymous_1)
FN:48,getSetting
FN:68,getFileUploadSettings
FN:80,(anonymous_4)
FN:123,getTicketSettings
FN:132,(anonymous_6)
FN:172,getSecuritySettings
FN:181,(anonymous_8)
FN:221,getNotificationSettings
FN:230,(anonymous_10)
FN:283,getCaptchaSettings
FN:292,(anonymous_12)
FNF:13
FNH:0
FNDA:0,getBasicSettings
FNDA:0,(anonymous_1)
FNDA:0,getSetting
FNDA:0,getFileUploadSettings
FNDA:0,(anonymous_4)
FNDA:0,getTicketSettings
FNDA:0,(anonymous_6)
FNDA:0,getSecuritySettings
FNDA:0,(anonymous_8)
FNDA:0,getNotificationSettings
FNDA:0,(anonymous_10)
FNDA:0,getCaptchaSettings
FNDA:0,(anonymous_12)
DA:3,0
DA:8,0
DA:18,0
DA:20,0
DA:22,0
DA:28,0
DA:29,0
DA:30,0
DA:33,0
DA:38,0
DA:39,0
DA:41,0
DA:49,0
DA:51,0
DA:53,0
DA:56,0
DA:58,0
DA:59,0
DA:61,0
DA:69,0
DA:71,0
DA:73,0
DA:79,0
DA:80,0
DA:81,0
DA:85,0
DA:86,0
DA:87,0
DA:88,0
DA:91,0
DA:94,0
DA:108,0
DA:109,0
DA:116,0
DA:124,0
DA:125,0
DA:131,0
DA:132,0
DA:133,0
DA:136,0
DA:150,0
DA:151,0
DA:165,0
DA:173,0
DA:174,0
DA:180,0
DA:181,0
DA:182,0
DA:186,0
DA:187,0
DA:188,0
DA:189,0
DA:192,0
DA:195,0
DA:204,0
DA:205,0
DA:214,0
DA:222,0
DA:223,0
DA:229,0
DA:230,0
DA:231,0
DA:235,0
DA:236,0
DA:237,0
DA:238,0
DA:241,0
DA:244,0
DA:259,0
DA:260,0
DA:275,0
DA:284,0
DA:285,0
DA:291,0
DA:292,0
DA:293,0
DA:297,0
DA:303,0
DA:304,0
DA:305,0
DA:306,0
DA:308,0
DA:312,0
DA:318,0
DA:319,0
DA:329,0
LF:86
LH:0
BRDA:34,0,0,0
BRDA:34,0,1,0
BRDA:35,1,0,0
BRDA:35,1,1,0
BRDA:48,2,0,0
BRDA:56,3,0,0
BRDA:56,3,1,0
BRDA:87,4,0,0
BRDA:87,4,1,0
BRDA:95,5,0,0
BRDA:95,5,1,0
BRDA:96,6,0,0
BRDA:96,6,1,0
BRDA:104,7,0,0
BRDA:104,7,1,0
BRDA:105,8,0,0
BRDA:105,8,1,0
BRDA:137,9,0,0
BRDA:137,9,1,0
BRDA:138,10,0,0
BRDA:138,10,1,0
BRDA:139,11,0,0
BRDA:139,11,1,0
BRDA:140,12,0,0
BRDA:140,12,1,0
BRDA:141,13,0,0
BRDA:141,13,1,0
BRDA:142,14,0,0
BRDA:142,14,1,0
BRDA:143,15,0,0
BRDA:143,15,1,0
BRDA:144,16,0,0
BRDA:144,16,1,0
BRDA:145,17,0,0
BRDA:145,17,1,0
BRDA:146,18,0,0
BRDA:146,18,1,0
BRDA:147,19,0,0
BRDA:147,19,1,0
BRDA:188,20,0,0
BRDA:188,20,1,0
BRDA:196,21,0,0
BRDA:196,21,1,0
BRDA:197,22,0,0
BRDA:197,22,1,0
BRDA:198,23,0,0
BRDA:198,23,1,0
BRDA:199,24,0,0
BRDA:199,24,1,0
BRDA:200,25,0,0
BRDA:200,25,1,0
BRDA:201,26,0,0
BRDA:201,26,1,0
BRDA:237,27,0,0
BRDA:237,27,1,0
BRDA:245,28,0,0
BRDA:245,28,1,0
BRDA:246,29,0,0
BRDA:246,29,1,0
BRDA:304,30,0,0
BRDA:304,30,1,0
BRDA:313,31,0,0
BRDA:313,31,1,0
BRDA:314,32,0,0
BRDA:314,32,1,0
BRF:65
BRH:0
end_of_record
TN:
SF:lib\sla-service.js
FN:22,(anonymous_0)
FN:64,(anonymous_1)
FN:89,(anonymous_2)
FN:169,(anonymous_3)
FN:203,(anonymous_4)
FN:213,(anonymous_5)
FN:226,(anonymous_6)
FN:247,(anonymous_7)
FN:328,(anonymous_8)
FN:387,(anonymous_9)
FN:448,(anonymous_10)
FN:477,(anonymous_11)
FN:511,(anonymous_12)
FN:543,(anonymous_13)
FN:576,(anonymous_14)
FN:609,(anonymous_15)
FN:680,(anonymous_16)
FN:698,(anonymous_17)
FN:705,(anonymous_18)
FNF:19
FNH:0
FNDA:0,(anonymous_0)
FNDA:0,(anonymous_1)
FNDA:0,(anonymous_2)
FNDA:0,(anonymous_3)
FNDA:0,(anonymous_4)
FNDA:0,(anonymous_5)
FNDA:0,(anonymous_6)
FNDA:0,(anonymous_7)
FNDA:0,(anonymous_8)
FNDA:0,(anonymous_9)
FNDA:0,(anonymous_10)
FNDA:0,(anonymous_11)
FNDA:0,(anonymous_12)
FNDA:0,(anonymous_13)
FNDA:0,(anonymous_14)
FNDA:0,(anonymous_15)
FNDA:0,(anonymous_16)
FNDA:0,(anonymous_17)
FNDA:0,(anonymous_18)
DA:23,0
DA:25,0
DA:26,0
DA:30,0
DA:31,0
DA:32,0
DA:36,0
DA:37,0
DA:38,0
DA:39,0
DA:40,0
DA:41,0
DA:42,0
DA:46,0
DA:52,0
DA:58,0
DA:59,0
DA:60,0
DA:64,0
DA:65,0
DA:66,0
DA:70,0
DA:78,0
DA:80,0
DA:82,0
DA:90,0
DA:92,0
DA:94,0
DA:95,0
DA:96,0
DA:100,0
DA:101,0
DA:103,0
DA:104,0
DA:105,0
DA:109,0
DA:110,0
DA:111,0
DA:113,0
DA:114,0
DA:121,0
DA:122,0
DA:123,0
DA:124,0
DA:129,0
DA:144,0
DA:158,0
DA:159,0
DA:161,0
DA:162,0
DA:170,0
DA:172,0
DA:182,0
DA:184,0
DA:187,0
DA:192,0
DA:194,0
DA:197,0
DA:198,0
DA:203,0
DA:205,0
DA:206,0
DA:214,0
DA:220,0
DA:227,0
DA:233,0
DA:248,0
DA:250,0
DA:259,0
DA:261,0
DA:262,0
DA:263,0
DA:271,0
DA:272,0
DA:280,0
DA:281,0
DA:285,0
DA:286,0
DA:287,0
DA:289,0
DA:298,0
DA:301,0
DA:306,0
DA:307,0
DA:309,0
DA:314,0
DA:315,0
DA:319,0
DA:321,0
DA:329,0
DA:333,0
DA:334,0
DA:336,0
DA:337,0
DA:339,0
DA:340,0
DA:342,0
DA:343,0
DA:345,0
DA:348,0
DA:349,0
DA:350,0
DA:354,0
DA:355,0
DA:356,0
DA:363,0
DA:364,0
DA:365,0
DA:372,0
DA:380,0
DA:388,0
DA:390,0
DA:401,0
DA:410,0
DA:426,0
DA:429,0
DA:439,0
DA:441,0
DA:449,0
DA:450,0
DA:457,0
DA:458,0
DA:468,0
DA:470,0
DA:478,0
DA:479,0
DA:486,0
DA:487,0
DA:488,0
DA:489,0
DA:491,0
DA:502,0
DA:504,0
DA:512,0
DA:513,0
DA:518,0
DA:519,0
DA:522,0
DA:524,0
DA:525,0
DA:534,0
DA:536,0
DA:544,0
DA:546,0
DA:557,0
DA:558,0
DA:559,0
DA:560,0
DA:561,0
DA:563,0
DA:566,0
DA:567,0
DA:570,0
DA:576,0
DA:578,0
DA:582,0
DA:583,0
DA:600,0
DA:602,0
DA:610,0
DA:611,0
DA:621,0
DA:622,0
DA:623,0
DA:624,0
DA:626,0
DA:629,0
DA:630,0
DA:634,0
DA:642,0
DA:643,0
DA:644,0
DA:649,0
DA:650,0
DA:654,0
DA:655,0
DA:671,0
DA:673,0
DA:681,0
DA:683,0
DA:690,0
DA:693,0
DA:697,0
DA:698,0
DA:699,0
DA:700,0
DA:705,0
DA:706,0
DA:707,0
DA:711,0
LF:190
LH:0
BRDA:22,0,0,0
BRDA:22,1,0,0
BRDA:25,2,0,0
BRDA:25,2,1,0
BRDA:25,3,0,0
BRDA:25,3,1,0
BRDA:31,4,0,0
BRDA:31,4,1,0
BRDA:31,5,0,0
BRDA:31,5,1,0
BRDA:36,6,0,0
BRDA:36,6,1,0
BRDA:39,7,0,0
BRDA:39,7,1,0
BRDA:41,8,0,0
BRDA:41,8,1,0
BRDA:59,9,0,0
BRDA:59,9,1,0
BRDA:59,10,0,0
BRDA:59,10,1,0
BRDA:59,10,2,0
BRDA:65,11,0,0
BRDA:65,11,1,0
BRDA:65,12,0,0
BRDA:65,12,1,0
BRDA:78,13,0,0
BRDA:78,13,1,0
BRDA:89,14,0,0
BRDA:89,15,0,0
BRDA:94,16,0,0
BRDA:94,16,1,0
BRDA:103,17,0,0
BRDA:103,17,1,0
BRDA:103,18,0,0
BRDA:103,18,1,0
BRDA:113,19,0,0
BRDA:113,19,1,0
BRDA:113,20,0,0
BRDA:113,20,1,0
BRDA:121,21,0,0
BRDA:121,21,1,0
BRDA:138,22,0,0
BRDA:138,22,1,0
BRDA:153,23,0,0
BRDA:153,23,1,0
BRDA:184,24,0,0
BRDA:184,24,1,0
BRDA:187,25,0,0
BRDA:187,25,1,0
BRDA:192,26,0,0
BRDA:192,26,1,0
BRDA:192,26,2,0
BRDA:194,27,0,0
BRDA:194,27,1,0
BRDA:194,27,2,0
BRDA:197,28,0,0
BRDA:197,28,1,0
BRDA:197,29,0,0
BRDA:197,29,1,0
BRDA:203,30,0,0
BRDA:203,30,1,0
BRDA:220,31,0,0
BRDA:220,31,1,0
BRDA:233,32,0,0
BRDA:233,32,1,0
BRDA:261,33,0,0
BRDA:261,33,1,0
BRDA:261,34,0,0
BRDA:261,34,1,0
BRDA:271,35,0,0
BRDA:271,35,1,0
BRDA:271,36,0,0
BRDA:271,36,1,0
BRDA:285,37,0,0
BRDA:285,37,1,0
BRDA:285,38,0,0
BRDA:285,38,1,0
BRDA:285,38,2,0
BRDA:286,39,0,0
BRDA:286,39,1,0
BRDA:294,40,0,0
BRDA:294,40,1,0
BRDA:306,41,0,0
BRDA:306,41,1,0
BRDA:306,42,0,0
BRDA:306,42,1,0
BRDA:314,43,0,0
BRDA:314,43,1,0
BRDA:337,44,0,0
BRDA:337,44,1,0
BRDA:337,45,0,0
BRDA:337,45,1,0
BRDA:342,46,0,0
BRDA:342,46,1,0
BRDA:348,47,0,0
BRDA:348,47,1,0
BRDA:348,48,0,0
BRDA:348,48,1,0
BRDA:354,49,0,0
BRDA:354,49,1,0
BRDA:354,50,0,0
BRDA:354,50,1,0
BRDA:363,51,0,0
BRDA:363,51,1,0
BRDA:363,52,0,0
BRDA:363,52,1,0
BRDA:414,53,0,0
BRDA:414,53,1,0
BRDA:418,54,0,0
BRDA:418,54,1,0
BRDA:419,55,0,0
BRDA:419,55,1,0
BRDA:448,56,0,0
BRDA:511,57,0,0
BRDA:518,58,0,0
BRDA:518,58,1,0
BRDA:557,59,0,0
BRDA:557,59,1,0
BRDA:559,60,0,0
BRDA:559,60,1,0
BRDA:561,61,0,0
BRDA:561,61,1,0
BRDA:561,62,0,0
BRDA:561,62,1,0
BRDA:566,63,0,0
BRDA:566,63,1,0
BRDA:622,64,0,0
BRDA:622,64,1,0
BRDA:624,65,0,0
BRDA:624,65,1,0
BRDA:624,66,0,0
BRDA:624,66,1,0
BRDA:629,67,0,0
BRDA:629,67,1,0
BRDA:643,68,0,0
BRDA:643,68,1,0
BRDA:649,69,0,0
BRDA:649,69,1,0
BRDA:690,70,0,0
BRDA:690,70,1,0
BRDA:693,71,0,0
BRDA:693,71,1,0
BRDA:693,71,2,0
BRDA:693,71,3,0
BRDA:697,72,0,0
BRDA:697,72,1,0
BRDA:699,73,0,0
BRDA:699,73,1,0
BRDA:706,74,0,0
BRDA:706,74,1,0
BRF:150
BRH:0
end_of_record
TN:
SF:lib\ticketIdGenerator.js
FN:36,getCategoryCode
FN:43,getPriorityCode
FN:62,generateTicketId
FN:88,getNextTicketSequence
FN:112,(anonymous_4)
FNF:5
FNH:0
FNDA:0,getCategoryCode
FNDA:0,getPriorityCode
FNDA:0,generateTicketId
FNDA:0,getNextTicketSequence
FNDA:0,(anonymous_4)
DA:16,0
DA:28,0
DA:37,0
DA:38,0
DA:39,0
DA:44,0
DA:45,0
DA:46,0
DA:64,0
DA:65,0
DA:66,0
DA:67,0
DA:71,0
DA:72,0
DA:73,0
DA:76,0
DA:79,0
DA:89,0
DA:90,0
DA:91,0
DA:94,0
DA:105,0
DA:106,0
DA:111,0
DA:112,0
DA:113,0
DA:114,0
DA:115,0
DA:116,0
DA:117,0
DA:121,0
LF:31
LH:0
BRDA:37,0,0,0
BRDA:37,0,1,0
BRDA:39,1,0,0
BRDA:39,1,1,0
BRDA:44,2,0,0
BRDA:44,2,1,0
BRDA:46,3,0,0
BRDA:46,3,1,0
BRDA:62,4,0,0
BRDA:62,5,0,0
BRDA:62,6,0,0
BRDA:64,7,0,0
BRDA:64,7,1,0
BRDA:64,8,0,0
BRDA:64,8,1,0
BRDA:66,9,0,0
BRDA:66,9,1,0
BRDA:88,10,0,0
BRDA:105,11,0,0
BRDA:105,11,1,0
BRDA:115,12,0,0
BRDA:115,12,1,0
BRDA:116,13,0,0
BRDA:116,13,1,0
BRF:24
BRH:0
end_of_record
TN:
SF:lib\utils.js
FN:4,cn
FNF:1
FNH:0
FNDA:0,cn
DA:5,0
LF:1
LH:0
BRF:0
BRH:0
end_of_record
TN:
SF:lib\withAuth.js
FN:14,withAuth
FN:15,(anonymous_1)
FNF:2
FNH:0
FNDA:0,withAuth
FNDA:0,(anonymous_1)
DA:15,0
DA:16,0
DA:19,0
DA:21,0
DA:24,0
DA:27,0
DA:30,0
DA:31,0
DA:35,0
DA:36,0
DA:40,0
DA:42,0
DA:43,0
DA:44,0
DA:45,0
DA:47,0
DA:48,0
DA:51,0
DA:57,0
DA:58,0
DA:61,0
DA:62,0
DA:71,0
DA:72,0
DA:75,0
DA:76,0
DA:88,0
DA:92,0
LF:28
LH:0
BRDA:21,0,0,0
BRDA:21,0,1,0
BRDA:24,1,0,0
BRDA:24,1,1,0
BRDA:24,1,2,0
BRDA:27,2,0,0
BRDA:27,2,1,0
BRDA:31,3,0,0
BRDA:31,3,1,0
BRDA:35,4,0,0
BRDA:35,4,1,0
BRDA:35,5,0,0
BRDA:35,5,1,0
BRDA:40,6,0,0
BRDA:40,6,1,0
BRDA:43,7,0,0
BRDA:43,7,1,0
BRDA:47,8,0,0
BRDA:47,8,1,0
BRDA:57,9,0,0
BRDA:57,9,1,0
BRDA:71,10,0,0
BRDA:71,10,1,0
BRDA:75,11,0,0
BRDA:75,11,1,0
BRF:25
BRH:0
end_of_record
TN:
SF:lib\workflow-executor.js
FN:15,(anonymous_0)
FN:35,(anonymous_1)
FN:62,(anonymous_2)
FN:183,(anonymous_3)
FN:192,(anonymous_4)
FN:197,(anonymous_5)
FN:207,(anonymous_6)
FN:212,(anonymous_7)
FN:218,(anonymous_8)
FN:220,(anonymous_9)
FN:231,(anonymous_10)
FN:249,(anonymous_11)
FN:259,(anonymous_12)
FN:368,(anonymous_13)
FN:390,(anonymous_14)
FN:412,(anonymous_15)
FN:425,(anonymous_16)
FN:442,(anonymous_17)
FN:471,(anonymous_18)
FN:524,(anonymous_19)
FN:566,(anonymous_20)
FN:635,(anonymous_21)
FN:656,(anonymous_22)
FN:676,(anonymous_23)
FN:699,(anonymous_24)
FN:730,(anonymous_25)
FN:811,(anonymous_26)
FN:853,(anonymous_27)
FN:984,(anonymous_28)
FN:1024,(anonymous_29)
FN:1122,(anonymous_30)
FN:1134,(anonymous_31)
FN:1149,(anonymous_32)
FN:1159,(anonymous_33)
FN:1171,(anonymous_34)
FN:1177,(anonymous_35)
FN:1205,(anonymous_36)
FN:1208,(anonymous_37)
FNF:38
FNH:6
FNDA:0,(anonymous_0)
FNDA:0,(anonymous_1)
FNDA:0,(anonymous_2)
FNDA:0,(anonymous_3)
FNDA:0,(anonymous_4)
FNDA:0,(anonymous_5)
FNDA:0,(anonymous_6)
FNDA:0,(anonymous_7)
FNDA:0,(anonymous_8)
FNDA:0,(anonymous_9)
FNDA:0,(anonymous_10)
FNDA:0,(anonymous_11)
FNDA:0,(anonymous_12)
FNDA:0,(anonymous_13)
FNDA:0,(anonymous_14)
FNDA:0,(anonymous_15)
FNDA:0,(anonymous_16)
FNDA:0,(anonymous_17)
FNDA:0,(anonymous_18)
FNDA:0,(anonymous_19)
FNDA:6,(anonymous_20)
FNDA:5,(anonymous_21)
FNDA:1,(anonymous_22)
FNDA:0,(anonymous_23)
FNDA:0,(anonymous_24)
FNDA:0,(anonymous_25)
FNDA:0,(anonymous_26)
FNDA:0,(anonymous_27)
FNDA:6,(anonymous_28)
FNDA:7,(anonymous_29)
FNDA:0,(anonymous_30)
FNDA:0,(anonymous_31)
FNDA:3,(anonymous_32)
FNDA:0,(anonymous_33)
FNDA:0,(anonymous_34)
FNDA:0,(anonymous_35)
FNDA:0,(anonymous_36)
FNDA:0,(anonymous_37)
DA:16,0
DA:17,0
DA:20,0
DA:25,0
DA:26,0
DA:27,0
DA:31,0
DA:32,0
DA:35,0
DA:36,0
DA:43,0
DA:44,0
DA:45,0
DA:49,0
DA:51,0
DA:52,0
DA:54,0
DA:55,0
DA:63,0
DA:64,0
DA:68,0
DA:69,0
DA:71,0
DA:78,0
DA:79,0
DA:83,0
DA:84,0
DA:87,0
DA:88,0
DA:91,0
DA:92,0
DA:95,0
DA:96,0
DA:99,0
DA:100,0
DA:103,0
DA:104,0
DA:108,0
DA:109,0
DA:112,0
DA:113,0
DA:116,0
DA:117,0
DA:120,0
DA:121,0
DA:127,0
DA:128,0
DA:131,0
DA:132,0
DA:135,0
DA:136,0
DA:139,0
DA:140,0
DA:143,0
DA:144,0
DA:152,0
DA:153,0
DA:157,0
DA:158,0
DA:162,0
DA:163,0
DA:168,0
DA:169,0
DA:170,0
DA:173,0
DA:174,0
DA:178,0
DA:179,0
DA:183,0
DA:185,0
DA:186,0
DA:187,0
DA:191,0
DA:192,0
DA:193,0
DA:196,0
DA:197,0
DA:198,0
DA:199,0
DA:202,0
DA:206,0
DA:207,0
DA:208,0
DA:211,0
DA:212,0
DA:213,0
DA:214,0
DA:218,0
DA:219,0
DA:220,0
DA:221,0
DA:222,0
DA:225,0
DA:229,0
DA:230,0
DA:231,0
DA:232,0
DA:233,0
DA:234,0
DA:238,0
DA:240,0
DA:241,0
DA:252,0
DA:260,0
DA:261,0
DA:263,0
DA:264,0
DA:268,0
DA:272,0
DA:274,0
DA:276,0
DA:277,0
DA:279,0
DA:282,0
DA:284,0
DA:286,0
DA:290,0
DA:292,0
DA:293,0
DA:294,0
DA:296,0
DA:297,0
DA:299,0
DA:300,0
DA:303,0
DA:305,0
DA:311,0
DA:312,0
DA:313,0
DA:314,0
DA:318,0
DA:319,0
DA:325,0
DA:326,0
DA:327,0
DA:328,0
DA:333,0
DA:347,0
DA:360,0
DA:361,0
DA:363,0
DA:364,0
DA:369,0
DA:370,0
DA:372,0
DA:383,0
DA:384,0
DA:386,0
DA:391,0
DA:392,0
DA:394,0
DA:405,0
DA:406,0
DA:408,0
DA:413,0
DA:414,0
DA:416,0
DA:420,0
DA:421,0
DA:425,0
DA:434,0
DA:436,0
DA:438,0
DA:443,0
DA:444,0
DA:445,0
DA:447,0
DA:451,0
DA:452,0
DA:454,0
DA:456,0
DA:465,0
DA:467,0
DA:472,0
DA:473,0
DA:474,0
DA:477,0
DA:490,0
DA:500,0
DA:501,0
DA:509,0
DA:510,0
DA:513,0
DA:514,0
DA:516,0
DA:525,0
DA:526,0
DA:529,0
DA:531,0
DA:533,0
DA:535,0
DA:536,0
DA:538,0
DA:539,0
DA:541,0
DA:542,0
DA:544,0
DA:545,0
DA:547,0
DA:548,0
DA:550,0
DA:551,0
DA:553,0
DA:554,0
DA:556,0
DA:559,0
DA:560,0
DA:562,0
DA:567,6
DA:568,6
DA:570,6
DA:571,1
DA:572,1
DA:576,5
DA:579,5
DA:580,0
DA:581,0
DA:585,0
DA:587,0
DA:592,5
DA:594,5
DA:595,5
DA:596,7
DA:598,7
DA:600,7
DA:602,4
DA:603,4
DA:605,1
DA:606,1
DA:608,1
DA:609,1
DA:611,1
DA:612,1
DA:614,0
DA:615,0
DA:617,0
DA:620,7
DA:621,4
DA:622,4
DA:627,5
DA:628,5
DA:630,0
DA:631,0
DA:636,5
DA:637,5
DA:639,5
DA:642,1
DA:643,1
DA:647,4
DA:648,1
DA:649,1
DA:652,3
DA:654,3
DA:655,1
DA:656,1
DA:657,1
DA:658,2
DA:661,2
DA:662,2
DA:665,0
DA:667,0
DA:668,0
DA:677,0
DA:678,0
DA:679,0
DA:682,0
DA:684,0
DA:692,0
DA:693,0
DA:695,0
DA:700,0
DA:701,0
DA:702,0
DA:705,0
DA:707,0
DA:708,0
DA:709,0
DA:710,0
DA:711,0
DA:712,0
DA:715,0
DA:716,0
DA:721,0
DA:724,0
DA:726,0
DA:731,0
DA:732,0
DA:733,0
DA:735,0
DA:736,0
DA:739,0
DA:741,0
DA:742,0
DA:745,0
DA:746,0
DA:751,0
DA:752,0
DA:753,0
DA:756,0
DA:757,0
DA:758,0
DA:760,0
DA:774,0
DA:775,0
DA:776,0
DA:777,0
DA:781,0
DA:782,0
DA:788,0
DA:799,0
DA:801,0
DA:804,0
DA:806,0
DA:807,0
DA:812,0
DA:813,0
DA:814,0
DA:816,0
DA:817,0
DA:818,0
DA:821,0
DA:824,0
DA:825,0
DA:835,0
DA:845,0
DA:846,0
DA:848,0
DA:849,0
DA:854,0
DA:855,0
DA:858,0
DA:860,0
DA:862,0
DA:864,0
DA:865,0
DA:867,0
DA:868,0
DA:870,0
DA:871,0
DA:874,0
DA:875,0
DA:877,0
DA:880,0
DA:883,0
DA:886,0
DA:898,0
DA:909,0
DA:911,0
DA:912,0
DA:929,0
DA:936,0
DA:937,0
DA:955,0
DA:956,0
DA:957,0
DA:961,0
DA:965,0
DA:966,0
DA:972,0
DA:973,0
DA:975,0
DA:976,0
DA:985,6
DA:986,6
DA:989,6
DA:993,6
DA:994,1
DA:995,1
DA:998,5
DA:1000,1
DA:1003,4
DA:1004,4
DA:1011,3
DA:1012,3
DA:1014,1
DA:1016,1
DA:1025,7
DA:1026,7
DA:1027,7
DA:1029,7
DA:1030,1
DA:1031,1
DA:1035,6
DA:1036,6
DA:1038,1
DA:1042,5
DA:1058,5
DA:1059,2
DA:1060,2
DA:1063,2
DA:1065,0
DA:1070,5
DA:1075,5
DA:1076,1
DA:1077,1
DA:1080,1
DA:1082,0
DA:1087,5
DA:1094,4
DA:1096,4
DA:1097,1
DA:1098,1
DA:1105,3
DA:1106,3
DA:1113,1
DA:1114,1
DA:1123,0
DA:1129,0
DA:1131,0
DA:1134,0
DA:1135,0
DA:1138,0
DA:1140,0
DA:1141,0
DA:1150,3
DA:1151,3
DA:1152,1
DA:1153,2
DA:1154,0
DA:1155,0
DA:1160,0
DA:1162,0
DA:1163,0
DA:1164,0
DA:1165,0
DA:1166,0
DA:1168,0
DA:1173,0
DA:1178,0
DA:1180,0
DA:1188,0
DA:1189,0
DA:1190,0
DA:1194,0
DA:1204,0
DA:1205,0
DA:1207,0
DA:1208,0
DA:1209,0
DA:1210,0
DA:1211,0
DA:1215,0
DA:1217,0
DA:1218,0
LF:444
LH:88
BRDA:25,0,0,0
BRDA:25,0,1,0
BRDA:25,1,0,0
BRDA:25,1,1,0
BRDA:36,2,0,0
BRDA:36,2,1,0
BRDA:36,2,2,0
BRDA:36,2,3,0
BRDA:36,2,4,0
BRDA:43,3,0,0
BRDA:43,3,1,0
BRDA:69,4,0,0
BRDA:69,4,1,0
BRDA:71,5,0,0
BRDA:71,5,1,0
BRDA:71,5,2,0
BRDA:71,5,3,0
BRDA:71,5,4,0
BRDA:71,5,5,0
BRDA:71,5,6,0
BRDA:71,5,7,0
BRDA:71,5,8,0
BRDA:71,5,9,0
BRDA:71,5,10,0
BRDA:71,5,11,0
BRDA:71,5,12,0
BRDA:71,5,13,0
BRDA:71,5,14,0
BRDA:71,5,15,0
BRDA:71,5,16,0
BRDA:71,5,17,0
BRDA:71,5,18,0
BRDA:71,5,19,0
BRDA:71,5,20,0
BRDA:71,5,21,0
BRDA:71,5,22,0
BRDA:71,5,23,0
BRDA:71,5,24,0
BRDA:71,5,25,0
BRDA:71,5,26,0
BRDA:71,5,27,0
BRDA:71,5,28,0
BRDA:71,5,29,0
BRDA:71,5,30,0
BRDA:178,6,0,0
BRDA:178,6,1,0
BRDA:178,7,0,0
BRDA:178,7,1,0
BRDA:185,8,0,0
BRDA:185,8,1,0
BRDA:191,9,0,0
BRDA:191,9,1,0
BRDA:191,10,0,0
BRDA:191,10,1,0
BRDA:191,10,2,0
BRDA:193,11,0,0
BRDA:193,11,1,0
BRDA:196,12,0,0
BRDA:196,12,1,0
BRDA:198,13,0,0
BRDA:198,13,1,0
BRDA:206,14,0,0
BRDA:206,14,1,0
BRDA:206,15,0,0
BRDA:206,15,1,0
BRDA:208,16,0,0
BRDA:208,16,1,0
BRDA:211,17,0,0
BRDA:211,17,1,0
BRDA:213,18,0,0
BRDA:213,18,1,0
BRDA:219,19,0,0
BRDA:219,19,1,0
BRDA:221,20,0,0
BRDA:221,20,1,0
BRDA:232,21,0,0
BRDA:232,21,1,0
BRDA:263,22,0,0
BRDA:263,22,1,0
BRDA:268,23,0,0
BRDA:268,23,1,0
BRDA:268,23,2,0
BRDA:274,24,0,0
BRDA:274,24,1,0
BRDA:279,25,0,0
BRDA:279,25,1,0
BRDA:279,25,2,0
BRDA:282,26,0,0
BRDA:282,26,1,0
BRDA:282,26,2,0
BRDA:284,27,0,0
BRDA:284,27,1,0
BRDA:290,28,0,0
BRDA:290,28,1,0
BRDA:296,29,0,0
BRDA:296,29,1,0
BRDA:296,30,0,0
BRDA:296,30,1,0
BRDA:299,31,0,0
BRDA:299,31,1,0
BRDA:300,32,0,0
BRDA:300,32,1,0
BRDA:311,33,0,0
BRDA:311,33,1,0
BRDA:325,34,0,0
BRDA:325,34,1,0
BRDA:420,35,0,0
BRDA:420,35,1,0
BRDA:454,36,0,0
BRDA:454,36,1,0
BRDA:460,37,0,0
BRDA:460,37,1,0
BRDA:474,38,0,0
BRDA:474,38,1,0
BRDA:493,39,0,0
BRDA:493,39,1,0
BRDA:500,40,0,0
BRDA:500,40,1,0
BRDA:509,41,0,0
BRDA:509,41,1,0
BRDA:529,42,0,0
BRDA:529,42,1,0
BRDA:533,43,0,0
BRDA:533,43,1,0
BRDA:533,43,2,0
BRDA:533,43,3,0
BRDA:533,43,4,0
BRDA:533,43,5,0
BRDA:533,43,6,0
BRDA:533,43,7,0
BRDA:570,44,0,1
BRDA:570,44,1,5
BRDA:576,45,0,5
BRDA:576,45,1,1
BRDA:579,46,0,0
BRDA:579,46,1,5
BRDA:579,47,0,5
BRDA:579,47,1,0
BRDA:594,48,0,5
BRDA:594,48,1,0
BRDA:594,49,0,5
BRDA:594,49,1,5
BRDA:596,50,0,0
BRDA:600,51,0,4
BRDA:600,51,1,1
BRDA:600,51,2,1
BRDA:600,51,3,1
BRDA:600,51,4,0
BRDA:600,51,5,0
BRDA:620,52,0,4
BRDA:620,52,1,3
BRDA:621,53,0,4
BRDA:621,53,1,0
BRDA:621,53,2,0
BRDA:639,54,0,1
BRDA:639,54,1,4
BRDA:642,55,0,1
BRDA:642,55,1,0
BRDA:647,56,0,1
BRDA:647,56,1,3
BRDA:647,57,0,4
BRDA:647,57,1,3
BRDA:654,58,0,1
BRDA:654,58,1,2
BRDA:654,59,0,3
BRDA:654,59,1,3
BRDA:658,60,0,2
BRDA:658,60,1,0
BRDA:707,61,0,0
BRDA:707,61,1,0
BRDA:709,62,0,0
BRDA:709,62,1,0
BRDA:711,63,0,0
BRDA:711,63,1,0
BRDA:715,64,0,0
BRDA:715,64,1,0
BRDA:735,65,0,0
BRDA:735,65,1,0
BRDA:741,66,0,0
BRDA:741,66,1,0
BRDA:741,67,0,0
BRDA:741,67,1,0
BRDA:742,68,0,0
BRDA:742,68,1,0
BRDA:745,69,0,0
BRDA:745,69,1,0
BRDA:751,70,0,0
BRDA:751,70,1,0
BRDA:751,71,0,0
BRDA:751,71,1,0
BRDA:756,72,0,0
BRDA:756,72,1,0
BRDA:758,73,0,0
BRDA:758,73,1,0
BRDA:758,74,0,0
BRDA:758,74,1,0
BRDA:774,75,0,0
BRDA:774,75,1,0
BRDA:776,76,0,0
BRDA:776,76,1,0
BRDA:781,77,0,0
BRDA:781,77,1,0
BRDA:816,78,0,0
BRDA:816,78,1,0
BRDA:816,79,0,0
BRDA:816,79,1,0
BRDA:824,80,0,0
BRDA:824,80,1,0
BRDA:860,81,0,0
BRDA:860,81,1,0
BRDA:862,82,0,0
BRDA:862,82,1,0
BRDA:862,82,2,0
BRDA:862,82,3,0
BRDA:862,82,4,0
BRDA:862,82,5,0
BRDA:874,83,0,0
BRDA:874,83,1,0
BRDA:883,84,0,0
BRDA:883,84,1,0
BRDA:889,85,0,0
BRDA:889,85,1,0
BRDA:892,86,0,0
BRDA:892,86,1,0
BRDA:909,87,0,0
BRDA:909,87,1,0
BRDA:909,88,0,0
BRDA:909,88,1,0
BRDA:911,89,0,0
BRDA:911,89,1,0
BRDA:955,90,0,0
BRDA:955,90,1,0
BRDA:956,91,0,0
BRDA:956,91,1,0
BRDA:956,92,0,0
BRDA:956,92,1,0
BRDA:965,93,0,0
BRDA:965,93,1,0
BRDA:965,94,0,0
BRDA:965,94,1,0
BRDA:989,95,0,6
BRDA:989,95,1,2
BRDA:990,96,0,2
BRDA:990,96,1,0
BRDA:993,97,0,1
BRDA:993,97,1,5
BRDA:998,98,0,1
BRDA:998,98,1,4
BRDA:1011,99,0,2
BRDA:1011,99,1,1
BRDA:1027,100,0,0
BRDA:1029,101,0,1
BRDA:1029,101,1,6
BRDA:1043,102,0,5
BRDA:1043,102,1,4
BRDA:1058,103,0,2
BRDA:1058,103,1,3
BRDA:1060,104,0,2
BRDA:1060,104,1,0
BRDA:1075,105,0,1
BRDA:1075,105,1,4
BRDA:1077,106,0,1
BRDA:1077,106,1,0
BRDA:1096,107,0,1
BRDA:1096,107,1,3
BRDA:1129,108,0,0
BRDA:1129,108,1,0
BRDA:1135,109,0,0
BRDA:1135,109,1,0
BRDA:1150,110,0,3
BRDA:1150,110,1,0
BRDA:1151,111,0,1
BRDA:1151,111,1,2
BRDA:1151,111,2,0
BRDA:1151,111,3,0
BRDA:1160,112,0,0
BRDA:1160,112,1,0
BRDA:1163,113,0,0
BRDA:1163,113,1,0
BRDA:1164,114,0,0
BRDA:1164,114,1,0
BRDA:1165,115,0,0
BRDA:1165,115,1,0
BRDA:1166,116,0,0
BRDA:1166,116,1,0
BRDA:1188,117,0,0
BRDA:1188,117,1,0
BRDA:1205,118,0,0
BRDA:1205,118,1,0
BRDA:1208,119,0,0
BRDA:1208,119,1,0
BRDA:1209,120,0,0
BRDA:1209,120,1,0
BRF:293
BRH:52
end_of_record
TN:
SF:lib\workflow-triggers.js
FN:13,(anonymous_0)
FN:31,(anonymous_1)
FN:59,(anonymous_2)
FN:62,(anonymous_3)
FN:81,(anonymous_4)
FN:99,(anonymous_5)
FN:107,(anonymous_6)
FN:133,(anonymous_7)
FN:136,(anonymous_8)
FN:155,(anonymous_9)
FN:177,(anonymous_10)
FN:195,(anonymous_11)
FN:223,(anonymous_12)
FN:226,(anonymous_13)
FN:245,(anonymous_14)
FN:263,(anonymous_15)
FN:305,(anonymous_16)
FN:308,(anonymous_17)
FN:327,(anonymous_18)
FN:361,(anonymous_19)
FN:393,(anonymous_20)
FNF:21
FNH:0
FNDA:0,(anonymous_0)
FNDA:0,(anonymous_1)
FNDA:0,(anonymous_2)
FNDA:0,(anonymous_3)
FNDA:0,(anonymous_4)
FNDA:0,(anonymous_5)
FNDA:0,(anonymous_6)
FNDA:0,(anonymous_7)
FNDA:0,(anonymous_8)
FNDA:0,(anonymous_9)
FNDA:0,(anonymous_10)
FNDA:0,(anonymous_11)
FNDA:0,(anonymous_12)
FNDA:0,(anonymous_13)
FNDA:0,(anonymous_14)
FNDA:0,(anonymous_15)
FNDA:0,(anonymous_16)
FNDA:0,(anonymous_17)
FNDA:0,(anonymous_18)
FNDA:0,(anonymous_19)
FNDA:0,(anonymous_20)
DA:14,0
DA:15,0
DA:18,0
DA:25,0
DA:26,0
DA:27,0
DA:28,0
DA:31,0
DA:33,0
DA:36,0
DA:38,0
DA:39,0
DA:40,0
DA:44,0
DA:57,0
DA:58,0
DA:60,0
DA:63,0
DA:67,0
DA:71,0
DA:73,0
DA:74,0
DA:82,0
DA:83,0
DA:86,0
DA:93,0
DA:94,0
DA:95,0
DA:96,0
DA:99,0
DA:101,0
DA:104,0
DA:105,0
DA:107,0
DA:108,0
DA:111,0
DA:112,0
DA:113,0
DA:117,0
DA:131,0
DA:132,0
DA:134,0
DA:137,0
DA:141,0
DA:145,0
DA:147,0
DA:148,0
DA:157,0
DA:158,0
DA:162,0
DA:163,0
DA:167,0
DA:168,0
DA:171,0
DA:178,0
DA:179,0
DA:182,0
DA:189,0
DA:190,0
DA:191,0
DA:192,0
DA:195,0
DA:197,0
DA:200,0
DA:202,0
DA:203,0
DA:204,0
DA:208,0
DA:221,0
DA:222,0
DA:224,0
DA:227,0
DA:231,0
DA:235,0
DA:237,0
DA:238,0
DA:246,0
DA:247,0
DA:250,0
DA:257,0
DA:258,0
DA:259,0
DA:260,0
DA:263,0
DA:265,0
DA:268,0
DA:271,0
DA:277,0
DA:278,0
DA:279,0
DA:283,0
DA:303,0
DA:304,0
DA:306,0
DA:309,0
DA:313,0
DA:317,0
DA:319,0
DA:320,0
DA:329,0
DA:330,0
DA:334,0
DA:335,0
DA:339,0
DA:340,0
DA:344,0
DA:345,0
DA:346,0
DA:351,0
DA:352,0
DA:355,0
DA:362,0
DA:363,0
DA:366,0
DA:375,0
DA:377,0
DA:380,0
DA:387,0
DA:388,0
DA:389,0
DA:390,0
DA:393,0
DA:395,0
DA:398,0
DA:410,0
DA:413,0
DA:421,0
DA:423,0
DA:424,0
LF:129
LH:0
BRDA:33,0,0,0
BRDA:33,0,1,0
BRDA:36,1,0,0
BRDA:36,1,1,0
BRDA:38,2,0,0
BRDA:38,2,1,0
BRDA:48,3,0,0
BRDA:48,3,1,0
BRDA:50,4,0,0
BRDA:50,4,1,0
BRDA:50,4,2,0
BRDA:101,5,0,0
BRDA:101,5,1,0
BRDA:104,6,0,0
BRDA:104,6,1,0
BRDA:105,7,0,0
BRDA:105,7,1,0
BRDA:111,8,0,0
BRDA:111,8,1,0
BRDA:111,9,0,0
BRDA:111,9,1,0
BRDA:157,10,0,0
BRDA:157,10,1,0
BRDA:157,11,0,0
BRDA:157,11,1,0
BRDA:157,11,2,0
BRDA:162,12,0,0
BRDA:162,12,1,0
BRDA:162,13,0,0
BRDA:162,13,1,0
BRDA:162,13,2,0
BRDA:167,14,0,0
BRDA:167,14,1,0
BRDA:167,15,0,0
BRDA:167,15,1,0
BRDA:167,15,2,0
BRDA:197,16,0,0
BRDA:197,16,1,0
BRDA:200,17,0,0
BRDA:200,17,1,0
BRDA:202,18,0,0
BRDA:202,18,1,0
BRDA:212,19,0,0
BRDA:212,19,1,0
BRDA:265,20,0,0
BRDA:265,20,1,0
BRDA:268,21,0,0
BRDA:268,21,1,0
BRDA:277,22,0,0
BRDA:277,22,1,0
BRDA:287,23,0,0
BRDA:287,23,1,0
BRDA:329,24,0,0
BRDA:329,24,1,0
BRDA:329,25,0,0
BRDA:329,25,1,0
BRDA:334,26,0,0
BRDA:334,26,1,0
BRDA:334,27,0,0
BRDA:334,27,1,0
BRDA:334,27,2,0
BRDA:339,28,0,0
BRDA:339,28,1,0
BRDA:339,29,0,0
BRDA:339,29,1,0
BRDA:339,29,2,0
BRDA:339,29,3,0
BRDA:344,30,0,0
BRDA:344,30,1,0
BRDA:344,31,0,0
BRDA:344,31,1,0
BRDA:345,32,0,0
BRDA:345,32,1,0
BRDA:345,33,0,0
BRDA:345,33,1,0
BRDA:351,34,0,0
BRDA:351,34,1,0
BRDA:351,35,0,0
BRDA:351,35,1,0
BRDA:351,35,2,0
BRDA:351,35,3,0
BRDA:395,36,0,0
BRDA:395,36,1,0
BRF:83
BRH:0
end_of_record
TN:
SF:lib\email\config.js
FN:11,getPrismaClient
FN:42,getEmailConfig
FN:132,clearEmailConfigCache
FNF:3
FNH:0
FNDA:0,getPrismaClient
FNDA:0,getEmailConfig
FNDA:0,clearEmailConfigCache
DA:12,0
DA:13,0
DA:16,0
DA:17,0
DA:19,0
DA:20,0
DA:22,0
DA:23,0
DA:25,0
DA:29,0
DA:33,0
DA:35,0
DA:36,0
DA:37,0
DA:44,0
DA:45,0
DA:46,0
DA:49,0
DA:50,0
DA:51,0
DA:52,0
DA:56,0
DA:60,0
DA:61,0
DA:63,0
DA:65,0
DA:81,0
DA:87,0
DA:89,0
DA:106,0
DA:107,0
DA:109,0
DA:111,0
DA:133,0
DA:134,0
LF:35
LH:0
BRDA:12,0,0,0
BRDA:12,0,1,0
BRDA:16,1,0,0
BRDA:16,1,1,0
BRDA:19,2,0,0
BRDA:19,2,1,0
BRDA:19,3,0,0
BRDA:19,3,1,0
BRDA:22,4,0,0
BRDA:22,4,1,0
BRDA:22,5,0,0
BRDA:22,5,1,0
BRDA:45,6,0,0
BRDA:45,6,1,0
BRDA:45,7,0,0
BRDA:45,7,1,0
BRDA:51,8,0,0
BRDA:51,8,1,0
BRDA:60,9,0,0
BRDA:60,9,1,0
BRDA:60,10,0,0
BRDA:60,10,1,0
BRDA:66,11,0,0
BRDA:66,11,1,0
BRDA:66,11,2,0
BRDA:67,12,0,0
BRDA:67,12,1,0
BRDA:67,13,0,0
BRDA:67,13,1,0
BRDA:68,14,0,0
BRDA:68,14,1,0
BRDA:68,14,2,0
BRDA:70,15,0,0
BRDA:70,15,1,0
BRDA:70,15,2,0
BRDA:71,16,0,0
BRDA:71,16,1,0
BRDA:71,16,2,0
BRDA:74,17,0,0
BRDA:74,17,1,0
BRDA:74,17,2,0
BRDA:75,18,0,0
BRDA:75,18,1,0
BRDA:75,18,2,0
BRDA:77,19,0,0
BRDA:77,19,1,0
BRDA:77,19,2,0
BRDA:78,20,0,0
BRDA:78,20,1,0
BRDA:78,20,2,0
BRDA:87,21,0,0
BRDA:87,21,1,0
BRDA:90,22,0,0
BRDA:90,22,1,0
BRDA:91,23,0,0
BRDA:91,23,1,0
BRDA:92,24,0,0
BRDA:92,24,1,0
BRDA:94,25,0,0
BRDA:94,25,1,0
BRDA:95,26,0,0
BRDA:95,26,1,0
BRDA:98,27,0,0
BRDA:98,27,1,0
BRDA:99,28,0,0
BRDA:99,28,1,0
BRDA:101,29,0,0
BRDA:101,29,1,0
BRDA:102,30,0,0
BRDA:102,30,1,0
BRDA:112,31,0,0
BRDA:112,31,1,0
BRDA:113,32,0,0
BRDA:113,32,1,0
BRDA:114,33,0,0
BRDA:114,33,1,0
BRDA:116,34,0,0
BRDA:116,34,1,0
BRDA:117,35,0,0
BRDA:117,35,1,0
BRDA:120,36,0,0
BRDA:120,36,1,0
BRDA:121,37,0,0
BRDA:121,37,1,0
BRDA:123,38,0,0
BRDA:123,38,1,0
BRDA:124,39,0,0
BRDA:124,39,1,0
BRF:88
BRH:0
end_of_record
TN:
SF:lib\email\service.js
FN:12,getTransporter
FN:41,sendEmail
FN:86,verifyEmailConnection
FNF:3
FNH:0
FNDA:0,getTransporter
FNDA:0,sendEmail
FNDA:0,verifyEmailConnection
DA:9,0
DA:10,0
DA:13,0
DA:16,0
DA:17,0
DA:24,0
DA:27,0
DA:42,0
DA:44,0
DA:45,0
DA:49,0
DA:50,0
DA:53,0
DA:65,0
DA:67,0
DA:73,0
DA:74,0
DA:87,0
DA:88,0
DA:89,0
DA:90,0
DA:92,0
DA:93,0
LF:23
LH:0
BRDA:16,0,0,0
BRDA:16,0,1,0
BRDA:16,1,0,0
BRDA:16,1,1,0
BRDA:44,2,0,0
BRDA:44,2,1,0
BRDA:44,3,0,0
BRDA:44,3,1,0
BRDA:44,3,2,0
BRDA:56,4,0,0
BRDA:56,4,1,0
BRDA:59,5,0,0
BRDA:59,5,1,0
BRDA:60,6,0,0
BRDA:60,6,1,0
BRDA:60,7,0,0
BRDA:60,7,1,0
BRDA:61,8,0,0
BRDA:61,8,1,0
BRDA:61,9,0,0
BRDA:61,9,1,0
BRF:21
BRH:0
end_of_record
TN:
SF:lib\email\templates.js
FN:10,baseTemplate
FN:328,ticketAssignmentTemplate
FN:383,ticketStatusChangeTemplate
FN:450,mentionTemplate
FN:503,slaRiskTemplate
FN:578,ticketCreatedTemplate
FN:644,customerMessageTemplate
FN:702,ticketCreatedCustomerTemplate
FN:769,ticketResolvedCustomerTemplate
FN:839,ticketAssignedCustomerTemplate
FN:889,priorityChangeCustomerTemplate
FN:966,firstResponseCustomerTemplate
FN:1029,agentWelcomeTemplate
FN:1116,customerMessageAgentTemplate
FNF:14
FNH:0
FNDA:0,baseTemplate
FNDA:0,ticketAssignmentTemplate
FNDA:0,ticketStatusChangeTemplate
FNDA:0,mentionTemplate
FNDA:0,slaRiskTemplate
FNDA:0,ticketCreatedTemplate
FNDA:0,customerMessageTemplate
FNDA:0,ticketCreatedCustomerTemplate
FNDA:0,ticketResolvedCustomerTemplate
FNDA:0,ticketAssignedCustomerTemplate
FNDA:0,priorityChangeCustomerTemplate
FNDA:0,firstResponseCustomerTemplate
FNDA:0,agentWelcomeTemplate
FNDA:0,customerMessageAgentTemplate
DA:12,0
DA:13,0
DA:14,0
DA:15,0
DA:18,0
DA:19,0
DA:329,0
DA:377,0
DA:384,0
DA:391,0
DA:392,0
DA:394,0
DA:444,0
DA:451,0
DA:497,0
DA:504,0
DA:505,0
DA:506,0
DA:508,0
DA:509,0
DA:511,0
DA:572,0
DA:579,0
DA:585,0
DA:587,0
DA:637,0
DA:645,0
DA:696,0
DA:703,0
DA:709,0
DA:711,0
DA:763,0
DA:770,0
DA:771,0
DA:773,0
DA:833,0
DA:840,0
DA:883,0
DA:890,0
DA:896,0
DA:897,0
DA:898,0
DA:900,0
DA:960,0
DA:967,0
DA:1018,0
DA:1030,0
DA:1113,0
DA:1117,0
DA:1169,0
LF:50
LH:0
BRDA:10,0,0,0
BRDA:10,1,0,0
BRDA:10,2,0,0
BRDA:10,3,0,0
BRDA:12,4,0,0
BRDA:12,4,1,0
BRDA:12,5,0,0
BRDA:12,5,1,0
BRDA:14,6,0,0
BRDA:14,6,1,0
BRDA:14,6,2,0
BRDA:15,7,0,0
BRDA:15,7,1,0
BRDA:15,7,2,0
BRDA:18,8,0,0
BRDA:18,8,1,0
BRDA:349,9,0,0
BRDA:349,9,1,0
BRDA:367,10,0,0
BRDA:367,10,1,0
BRDA:391,11,0,0
BRDA:391,11,1,0
BRDA:392,12,0,0
BRDA:392,12,1,0
BRDA:414,13,0,0
BRDA:414,13,1,0
BRDA:438,14,0,0
BRDA:438,14,1,0
BRDA:471,15,0,0
BRDA:471,15,1,0
BRDA:487,16,0,0
BRDA:487,16,1,0
BRDA:506,17,0,0
BRDA:506,17,1,0
BRDA:506,18,0,0
BRDA:506,18,1,0
BRDA:506,19,0,0
BRDA:506,19,1,0
BRDA:506,20,0,0
BRDA:506,20,1,0
BRDA:508,21,0,0
BRDA:508,21,1,0
BRDA:509,22,0,0
BRDA:509,22,1,0
BRDA:509,23,0,0
BRDA:509,23,1,0
BRDA:536,24,0,0
BRDA:536,24,1,0
BRDA:562,25,0,0
BRDA:562,25,1,0
BRDA:585,26,0,0
BRDA:585,26,1,0
BRDA:607,27,0,0
BRDA:607,27,1,0
BRDA:613,28,0,0
BRDA:613,28,1,0
BRDA:627,29,0,0
BRDA:627,29,1,0
BRDA:665,30,0,0
BRDA:665,30,1,0
BRDA:686,31,0,0
BRDA:686,31,1,0
BRDA:709,32,0,0
BRDA:709,32,1,0
BRDA:731,33,0,0
BRDA:731,33,1,0
BRDA:742,34,0,0
BRDA:742,34,1,0
BRDA:753,35,0,0
BRDA:753,35,1,0
BRDA:770,36,0,0
BRDA:770,36,1,0
BRDA:771,37,0,0
BRDA:771,37,1,0
BRDA:793,38,0,0
BRDA:793,38,1,0
BRDA:799,39,0,0
BRDA:799,39,1,0
BRDA:804,40,0,0
BRDA:804,40,1,0
BRDA:815,41,0,0
BRDA:815,41,1,0
BRDA:821,42,0,0
BRDA:821,42,1,0
BRDA:860,43,0,0
BRDA:860,43,1,0
BRDA:867,44,0,0
BRDA:867,44,1,0
BRDA:873,45,0,0
BRDA:873,45,1,0
BRDA:896,46,0,0
BRDA:896,46,1,0
BRDA:897,47,0,0
BRDA:897,47,1,0
BRDA:898,48,0,0
BRDA:898,48,1,0
BRDA:902,49,0,0
BRDA:902,49,1,0
BRDA:910,50,0,0
BRDA:910,50,1,0
BRDA:928,51,0,0
BRDA:928,51,1,0
BRDA:950,52,0,0
BRDA:950,52,1,0
BRDA:957,53,0,0
BRDA:957,53,1,0
BRDA:987,54,0,0
BRDA:987,54,1,0
BRDA:1008,55,0,0
BRDA:1008,55,1,0
BRDA:1053,56,0,0
BRDA:1053,56,1,0
BRDA:1061,57,0,0
BRDA:1061,57,1,0
BRDA:1069,58,0,0
BRDA:1069,58,1,0
BRDA:1080,59,0,0
BRDA:1080,59,1,0
BRDA:1097,60,0,0
BRDA:1097,60,1,0
BRDA:1098,61,0,0
BRDA:1098,61,1,0
BRDA:1099,62,0,0
BRDA:1099,62,1,0
BRDA:1100,63,0,0
BRDA:1100,63,1,0
BRDA:1106,64,0,0
BRDA:1106,64,1,0
BRDA:1137,65,0,0
BRDA:1137,65,1,0
BRDA:1144,66,0,0
BRDA:1144,66,1,0
BRDA:1159,67,0,0
BRDA:1159,67,1,0
BRF:134
BRH:0
end_of_record
TN:
SF:lib\services\leave-service.js
FN:14,setAgentOnLeave
FN:27,(anonymous_1)
FN:128,setAgentActive
FN:141,(anonymous_3)
FN:196,getAgentLeaveStatus
FNF:5
FNH:0
FNDA:0,setAgentOnLeave
FNDA:0,(anonymous_1)
FNDA:0,setAgentActive
FNDA:0,(anonymous_3)
FNDA:0,getAgentLeaveStatus
DA:15,0
DA:17,0
DA:22,0
DA:23,0
DA:27,0
DA:29,0
DA:39,0
DA:49,0
DA:63,0
DA:64,0
DA:66,0
DA:68,0
DA:79,0
DA:89,0
DA:93,0
DA:94,0
DA:99,0
DA:102,0
DA:104,0
DA:115,0
DA:116,0
DA:129,0
DA:131,0
DA:136,0
DA:137,0
DA:141,0
DA:143,0
DA:153,0
DA:154,0
DA:166,0
DA:169,0
DA:171,0
DA:173,0
DA:183,0
DA:184,0
DA:197,0
DA:198,0
DA:208,0
DA:209,0
DA:212,0
DA:219,0
DA:220,0
LF:42
LH:0
BRDA:14,0,0,0
BRDA:22,1,0,0
BRDA:22,1,1,0
BRDA:33,2,0,0
BRDA:33,2,1,0
BRDA:34,3,0,0
BRDA:34,3,1,0
BRDA:42,4,0,0
BRDA:42,4,1,0
BRDA:43,5,0,0
BRDA:43,5,1,0
BRDA:93,6,0,0
BRDA:93,6,1,0
BRDA:118,7,0,0
BRDA:118,7,1,0
BRDA:136,8,0,0
BRDA:136,8,1,0
BRDA:186,9,0,0
BRDA:186,9,1,0
BRDA:208,10,0,0
BRDA:208,10,1,0
BRDA:214,11,0,0
BRDA:214,11,1,0
BRDA:222,12,0,0
BRDA:222,12,1,0
BRF:25
BRH:0
end_of_record
TN:
SF:lib\utils\agent-auth.js
FN:15,getCurrentAgentId
FN:79,getCurrentAgent
FN:125,requireAgentAuth
FNF:3
FNH:0
FNDA:0,getCurrentAgentId
FNDA:0,getCurrentAgent
FNDA:0,requireAgentAuth
DA:4,0
DA:6,0
DA:7,0
DA:16,0
DA:18,0
DA:19,0
DA:23,0
DA:24,0
DA:28,0
DA:29,0
DA:33,0
DA:34,0
DA:38,0
DA:39,0
DA:43,0
DA:44,0
DA:45,0
DA:46,0
DA:49,0
DA:50,0
DA:53,0
DA:58,0
DA:61,0
DA:65,0
DA:66,0
DA:68,0
DA:70,0
DA:80,0
DA:81,0
DA:83,0
DA:84,0
DA:87,0
DA:88,0
DA:89,0
DA:92,0
DA:93,0
DA:96,0
DA:112,0
DA:114,0
DA:115,0
DA:126,0
DA:128,0
DA:129,0
DA:130,0
DA:131,0
DA:134,0
LF:46
LH:0
BRDA:6,0,0,0
BRDA:6,0,1,0
BRDA:18,1,0,0
BRDA:18,1,1,0
BRDA:19,2,0,0
BRDA:19,2,1,0
BRDA:19,2,2,0
BRDA:23,3,0,0
BRDA:23,3,1,0
BRDA:28,4,0,0
BRDA:28,4,1,0
BRDA:33,5,0,0
BRDA:33,5,1,0
BRDA:33,6,0,0
BRDA:33,6,1,0
BRDA:38,7,0,0
BRDA:38,7,1,0
BRDA:43,8,0,0
BRDA:43,8,1,0
BRDA:49,9,0,0
BRDA:49,9,1,0
BRDA:58,10,0,0
BRDA:58,10,1,0
BRDA:65,11,0,0
BRDA:65,11,1,0
BRDA:65,12,0,0
BRDA:65,12,1,0
BRDA:83,13,0,0
BRDA:83,13,1,0
BRDA:92,14,0,0
BRDA:92,14,1,0
BRDA:128,15,0,0
BRDA:128,15,1,0
BRF:33
BRH:0
end_of_record
TN:
SF:lib\utils\agent-fetch.js
FN:6,agentFetch
FN:25,(anonymous_1)
FNF:2
FNH:0
FNDA:0,agentFetch
FNDA:0,(anonymous_1)
DA:7,0
DA:9,0
DA:14,0
DA:15,0
DA:18,0
DA:24,0
DA:25,0
DA:27,0
DA:28,0
DA:29,0
DA:30,0
DA:32,0
DA:33,0
DA:38,0
LF:14
LH:0
BRDA:6,0,0,0
BRDA:7,1,0,0
BRDA:7,1,1,0
BRDA:14,2,0,0
BRDA:14,2,1,0
BRDA:24,3,0,0
BRDA:24,3,1,0
BRDA:24,4,0,0
BRDA:24,4,1,0
BRDA:27,5,0,0
BRDA:27,5,1,0
BRDA:27,6,0,0
BRDA:27,6,1,0
BRDA:32,7,0,0
BRDA:32,7,1,0
BRF:15
BRH:0
end_of_record
TN:
SF:lib\utils\mentions.js
FN:11,parseMentions
FN:51,findUserByMention
FN:128,renderMentions
FNF:3
FNH:0
FNDA:0,parseMentions
FNDA:0,findUserByMention
FNDA:0,renderMentions
DA:12,0
DA:16,0
DA:17,0
DA:20,0
DA:21,0
DA:22,0
DA:24,0
DA:32,0
DA:33,0
DA:34,0
DA:35,0
DA:36,0
DA:37,0
DA:38,0
DA:42,0
DA:52,0
DA:54,0
DA:56,0
DA:58,0
DA:60,0
DA:62,0
DA:69,0
DA:70,0
DA:74,0
DA:81,0
DA:82,0
DA:87,0
DA:98,0
DA:99,0
DA:103,0
DA:111,0
DA:112,0
DA:116,0
DA:118,0
DA:119,0
DA:129,0
DA:131,0
DA:132,0
DA:135,0
DA:136,0
DA:137,0
DA:138,0
DA:141,0
LF:43
LH:0
BRDA:12,0,0,0
BRDA:12,0,1,0
BRDA:12,1,0,0
BRDA:12,1,1,0
BRDA:36,2,0,0
BRDA:36,2,1,0
BRDA:52,3,0,0
BRDA:52,3,1,0
BRDA:60,4,0,0
BRDA:60,4,1,0
BRDA:69,5,0,0
BRDA:69,5,1,0
BRDA:81,6,0,0
BRDA:81,6,1,0
BRDA:98,7,0,0
BRDA:98,7,1,0
BRDA:111,8,0,0
BRDA:111,8,1,0
BRDA:129,9,0,0
BRDA:129,9,1,0
BRDA:129,10,0,0
BRDA:129,10,1,0
BRF:22
BRH:0
end_of_record
TN:
SF:lib\utils\notifications.js
FN:25,getUserEmail
FN:53,getAllAdminEmails
FN:61,(anonymous_2)
FN:71,createNotification
FN:130,(anonymous_4)
FN:150,notifyTicketAssignment
FN:191,notifyStatusChange
FN:242,notifySLARisk
FN:288,notifyMention
FN:333,notifyCustomerMessage
FN:399,notifyTicketCreated
FN:436,notifyTicketCreatedCustomer
FN:494,notifyTicketResolvedCustomer
FN:547,notifyTicketAssignedCustomer
FN:598,notifyPriorityChangeCustomer
FN:656,notifyFirstResponseCustomer
FN:708,notifyCustomerMessageAgent
FN:760,markNotificationRead
FN:778,markAllNotificationsRead
FNF:19
FNH:0
FNDA:0,getUserEmail
FNDA:0,getAllAdminEmails
FNDA:0,(anonymous_2)
FNDA:0,createNotification
FNDA:0,(anonymous_4)
FNDA:0,notifyTicketAssignment
FNDA:0,notifyStatusChange
FNDA:0,notifySLARisk
FNDA:0,notifyMention
FNDA:0,notifyCustomerMessage
FNDA:0,notifyTicketCreated
FNDA:0,notifyTicketCreatedCustomer
FNDA:0,notifyTicketResolvedCustomer
FNDA:0,notifyTicketAssignedCustomer
FNDA:0,notifyPriorityChangeCustomer
FNDA:0,notifyFirstResponseCustomer
FNDA:0,notifyCustomerMessageAgent
FNDA:0,markNotificationRead
FNDA:0,markAllNotificationsRead
DA:26,0
DA:28,0
DA:30,0
DA:34,0
DA:37,0
DA:41,0
DA:43,0
DA:45,0
DA:46,0
DA:54,0
DA:55,0
DA:61,0
DA:63,0
DA:64,0
DA:83,0
DA:85,0
DA:88,0
DA:89,0
DA:90,0
DA:94,0
DA:95,0
DA:96,0
DA:99,0
DA:111,0
DA:112,0
DA:113,0
DA:115,0
DA:117,0
DA:118,0
DA:121,0
DA:124,0
DA:126,0
DA:131,0
DA:135,0
DA:140,0
DA:142,0
DA:143,0
DA:158,0
DA:159,0
DA:161,0
DA:169,0
DA:200,0
DA:201,0
DA:203,0
DA:213,0
DA:214,0
DA:215,0
DA:216,0
DA:217,0
DA:220,0
DA:251,0
DA:252,0
DA:254,0
DA:255,0
DA:257,0
DA:266,0
DA:299,0
DA:300,0
DA:302,0
DA:310,0
DA:344,0
DA:347,0
DA:348,0
DA:349,0
DA:353,0
DA:354,0
DA:355,0
DA:358,0
DA:359,0
DA:360,0
DA:363,0
DA:372,0
DA:373,0
DA:374,0
DA:381,0
DA:387,0
DA:388,0
DA:407,0
DA:415,0
DA:445,0
DA:446,0
DA:447,0
DA:451,0
DA:458,0
DA:467,0
DA:468,0
DA:469,0
DA:476,0
DA:482,0
DA:483,0
DA:505,0
DA:506,0
DA:507,0
DA:510,0
DA:520,0
DA:521,0
DA:522,0
DA:529,0
DA:535,0
DA:536,0
DA:557,0
DA:558,0
DA:559,0
DA:562,0
DA:571,0
DA:572,0
DA:573,0
DA:580,0
DA:586,0
DA:587,0
DA:608,0
DA:609,0
DA:610,0
DA:614,0
DA:616,0
DA:617,0
DA:620,0
DA:629,0
DA:630,0
DA:631,0
DA:638,0
DA:644,0
DA:645,0
DA:666,0
DA:667,0
DA:668,0
DA:671,0
DA:680,0
DA:681,0
DA:682,0
DA:689,0
DA:695,0
DA:696,0
DA:719,0
DA:720,0
DA:721,0
DA:724,0
DA:733,0
DA:734,0
DA:735,0
DA:742,0
DA:748,0
DA:749,0
DA:761,0
DA:762,0
DA:770,0
DA:771,0
DA:779,0
DA:780,0
DA:791,0
DA:792,0
LF:151
LH:0
BRDA:26,0,0,0
BRDA:26,0,1,0
BRDA:34,1,0,0
BRDA:34,1,1,0
BRDA:41,2,0,0
BRDA:41,2,1,0
BRDA:41,3,0,0
BRDA:41,3,1,0
BRDA:72,4,0,0
BRDA:76,5,0,0
BRDA:77,6,0,0
BRDA:78,7,0,0
BRDA:79,8,0,0
BRDA:80,9,0,0
BRDA:81,10,0,0
BRDA:88,11,0,0
BRDA:88,11,1,0
BRDA:94,12,0,0
BRDA:94,12,1,0
BRDA:94,13,0,0
BRDA:94,13,1,0
BRDA:106,14,0,0
BRDA:106,14,1,0
BRDA:111,15,0,0
BRDA:111,15,1,0
BRDA:111,16,0,0
BRDA:111,16,1,0
BRDA:111,16,2,0
BRDA:115,17,0,0
BRDA:115,17,1,0
BRDA:118,18,0,0
BRDA:118,18,1,0
BRDA:124,19,0,0
BRDA:124,19,1,0
BRDA:155,20,0,0
BRDA:156,21,0,0
BRDA:158,22,0,0
BRDA:158,22,1,0
BRDA:163,23,0,0
BRDA:163,23,1,0
BRDA:164,24,0,0
BRDA:164,24,1,0
BRDA:173,25,0,0
BRDA:173,25,1,0
BRDA:196,26,0,0
BRDA:197,27,0,0
BRDA:198,28,0,0
BRDA:200,29,0,0
BRDA:200,29,1,0
BRDA:205,30,0,0
BRDA:205,30,1,0
BRDA:214,31,0,0
BRDA:214,31,1,0
BRDA:216,32,0,0
BRDA:216,32,1,0
BRDA:224,33,0,0
BRDA:224,33,1,0
BRDA:248,34,0,0
BRDA:249,35,0,0
BRDA:254,36,0,0
BRDA:254,36,1,0
BRDA:259,37,0,0
BRDA:259,37,1,0
BRDA:270,38,0,0
BRDA:270,38,1,0
BRDA:297,39,0,0
BRDA:299,40,0,0
BRDA:299,40,1,0
BRDA:304,41,0,0
BRDA:304,41,1,0
BRDA:306,42,0,0
BRDA:306,42,1,0
BRDA:306,42,2,0
BRDA:314,43,0,0
BRDA:314,43,1,0
BRDA:314,44,0,0
BRDA:314,44,1,0
BRDA:341,45,0,0
BRDA:347,46,0,0
BRDA:347,46,1,0
BRDA:353,47,0,0
BRDA:353,47,1,0
BRDA:358,48,0,0
BRDA:358,48,1,0
BRDA:365,49,0,0
BRDA:365,49,1,0
BRDA:366,50,0,0
BRDA:366,50,1,0
BRDA:367,51,0,0
BRDA:367,51,1,0
BRDA:368,52,0,0
BRDA:368,52,1,0
BRDA:373,53,0,0
BRDA:373,53,1,0
BRDA:403,54,0,0
BRDA:405,55,0,0
BRDA:409,56,0,0
BRDA:409,56,1,0
BRDA:410,57,0,0
BRDA:410,57,1,0
BRDA:419,58,0,0
BRDA:419,58,1,0
BRDA:419,59,0,0
BRDA:419,59,1,0
BRDA:441,60,0,0
BRDA:443,61,0,0
BRDA:445,62,0,0
BRDA:445,62,1,0
BRDA:451,63,0,0
BRDA:451,63,1,0
BRDA:460,64,0,0
BRDA:460,64,1,0
BRDA:461,65,0,0
BRDA:461,65,1,0
BRDA:468,66,0,0
BRDA:468,66,1,0
BRDA:503,67,0,0
BRDA:505,68,0,0
BRDA:505,68,1,0
BRDA:512,69,0,0
BRDA:512,69,1,0
BRDA:513,70,0,0
BRDA:513,70,1,0
BRDA:515,71,0,0
BRDA:515,71,1,0
BRDA:521,72,0,0
BRDA:521,72,1,0
BRDA:524,73,0,0
BRDA:524,73,1,0
BRDA:555,74,0,0
BRDA:557,75,0,0
BRDA:557,75,1,0
BRDA:564,76,0,0
BRDA:564,76,1,0
BRDA:565,77,0,0
BRDA:565,77,1,0
BRDA:566,78,0,0
BRDA:566,78,1,0
BRDA:572,79,0,0
BRDA:572,79,1,0
BRDA:606,80,0,0
BRDA:608,81,0,0
BRDA:608,81,1,0
BRDA:614,82,0,0
BRDA:614,82,1,0
BRDA:616,83,0,0
BRDA:616,83,1,0
BRDA:622,84,0,0
BRDA:622,84,1,0
BRDA:623,85,0,0
BRDA:623,85,1,0
BRDA:630,86,0,0
BRDA:630,86,1,0
BRDA:664,87,0,0
BRDA:666,88,0,0
BRDA:666,88,1,0
BRDA:673,89,0,0
BRDA:673,89,1,0
BRDA:674,90,0,0
BRDA:674,90,1,0
BRDA:675,91,0,0
BRDA:675,91,1,0
BRDA:676,92,0,0
BRDA:676,92,1,0
BRDA:681,93,0,0
BRDA:681,93,1,0
BRDA:717,94,0,0
BRDA:719,95,0,0
BRDA:719,95,1,0
BRDA:726,96,0,0
BRDA:726,96,1,0
BRDA:727,97,0,0
BRDA:727,97,1,0
BRDA:729,98,0,0
BRDA:729,98,1,0
BRDA:734,99,0,0
BRDA:734,99,1,0
BRDA:778,100,0,0
BRDA:782,101,0,0
BRDA:782,101,1,0
BRF:180
BRH:0
end_of_record
TN:
SF:lib\utils\password-reset.js
FN:7,generatePasswordResetToken
FN:18,setPasswordResetToken
FN:40,verifyPasswordResetToken
FN:72,clearPasswordResetToken
FNF:4
FNH:0
FNDA:0,generatePasswordResetToken
FNDA:0,setPasswordResetToken
FNDA:0,verifyPasswordResetToken
FNDA:0,clearPasswordResetToken
DA:8,0
DA:19,0
DA:20,0
DA:21,0
DA:23,0
DA:31,0
DA:41,0
DA:42,0
DA:45,0
DA:64,0
DA:73,0
LF:11
LH:0
BRDA:18,0,0,0
BRDA:41,1,0,0
BRDA:41,1,1,0
BRF:3
BRH:0
end_of_record
TN:
SF:lib\utils\sla-monitor.js
FN:13,monitorSLARisks
FN:182,checkTicketSLARisk
FNF:2
FNH:0
FNDA:0,monitorSLARisks
FNDA:0,checkTicketSLARisk
DA:14,0
DA:16,0
DA:17,0
DA:24,0
DA:25,0
DA:28,0
DA:52,0
DA:53,0
DA:55,0
DA:57,0
DA:58,0
DA:60,0
DA:61,0
DA:62,0
DA:63,0
DA:64,0
DA:66,0
DA:67,0
DA:68,0
DA:69,0
DA:73,0
DA:77,0
DA:80,0
DA:81,0
DA:82,0
DA:84,0
DA:86,0
DA:101,0
DA:103,0
DA:113,0
DA:114,0
DA:121,0
DA:122,0
DA:124,0
DA:126,0
DA:141,0
DA:143,0
DA:153,0
DA:154,0
DA:160,0
DA:166,0
DA:167,0
DA:174,0
DA:183,0
DA:184,0
DA:204,0
DA:205,0
DA:209,0
DA:210,0
DA:216,0
DA:217,0
DA:219,0
DA:220,0
DA:222,0
DA:223,0
DA:224,0
DA:225,0
DA:226,0
DA:228,0
DA:229,0
DA:230,0
DA:231,0
DA:235,0
DA:239,0
DA:240,0
DA:241,0
DA:244,0
DA:245,0
DA:246,0
DA:248,0
DA:250,0
DA:265,0
DA:266,0
DA:275,0
DA:281,0
DA:282,0
DA:284,0
DA:286,0
DA:301,0
DA:302,0
DA:311,0
DA:315,0
DA:317,0
DA:318,0
LF:84
LH:0
BRDA:58,0,0,0
BRDA:58,0,1,0
BRDA:58,1,0,0
BRDA:58,1,1,0
BRDA:60,2,0,0
BRDA:60,2,1,0
BRDA:63,3,0,0
BRDA:63,3,1,0
BRDA:66,4,0,0
BRDA:66,4,1,0
BRDA:67,5,0,0
BRDA:67,5,1,0
BRDA:68,6,0,0
BRDA:68,6,1,0
BRDA:80,7,0,0
BRDA:80,7,1,0
BRDA:80,8,0,0
BRDA:80,8,1,0
BRDA:84,9,0,0
BRDA:84,9,1,0
BRDA:84,10,0,0
BRDA:84,10,1,0
BRDA:101,11,0,0
BRDA:101,11,1,0
BRDA:105,12,0,0
BRDA:105,12,1,0
BRDA:109,13,0,0
BRDA:109,13,1,0
BRDA:113,14,0,0
BRDA:113,14,1,0
BRDA:124,15,0,0
BRDA:124,15,1,0
BRDA:124,16,0,0
BRDA:124,16,1,0
BRDA:141,17,0,0
BRDA:141,17,1,0
BRDA:145,18,0,0
BRDA:145,18,1,0
BRDA:149,19,0,0
BRDA:149,19,1,0
BRDA:153,20,0,0
BRDA:153,20,1,0
BRDA:204,21,0,0
BRDA:204,21,1,0
BRDA:204,22,0,0
BRDA:204,22,1,0
BRDA:204,22,2,0
BRDA:220,23,0,0
BRDA:220,23,1,0
BRDA:220,24,0,0
BRDA:220,24,1,0
BRDA:222,25,0,0
BRDA:222,25,1,0
BRDA:225,26,0,0
BRDA:225,26,1,0
BRDA:228,27,0,0
BRDA:228,27,1,0
BRDA:229,28,0,0
BRDA:229,28,1,0
BRDA:230,29,0,0
BRDA:230,29,1,0
BRDA:244,30,0,0
BRDA:244,30,1,0
BRDA:244,31,0,0
BRDA:244,31,1,0
BRDA:248,32,0,0
BRDA:248,32,1,0
BRDA:248,33,0,0
BRDA:248,33,1,0
BRDA:265,34,0,0
BRDA:265,34,1,0
BRDA:268,35,0,0
BRDA:268,35,1,0
BRDA:272,36,0,0
BRDA:272,36,1,0
BRDA:275,37,0,0
BRDA:275,37,1,0
BRDA:284,38,0,0
BRDA:284,38,1,0
BRDA:284,39,0,0
BRDA:284,39,1,0
BRDA:301,40,0,0
BRDA:301,40,1,0
BRDA:304,41,0,0
BRDA:304,41,1,0
BRDA:308,42,0,0
BRDA:308,42,1,0
BRDA:311,43,0,0
BRDA:311,43,1,0
BRF:89
BRH:0
end_of_record
TN:
SF:lib\utils\slug.js
FN:6,generateSlug
FN:31,generateUniqueSlug
FNF:2
FNH:0
FNDA:0,generateSlug
FNDA:0,generateUniqueSlug
DA:7,0
DA:9,0
DA:32,0
DA:33,0
DA:35,0
DA:36,0
DA:37,0
DA:40,0
LF:8
LH:0
BRDA:7,0,0,0
BRDA:7,0,1,0
BRF:2
BRH:0
end_of_record
TN:
SF:lib\utils\tat.js
FN:5,calculateAgentTAT
FN:19,(anonymous_1)
FN:49,calculateFirstResponseTime
FN:86,calculateResolutionTime
FN:132,updateTATMetrics
FN:165,formatTAT
FNF:6
FNH:0
FNDA:0,calculateAgentTAT
FNDA:0,(anonymous_1)
FNDA:0,calculateFirstResponseTime
FNDA:0,calculateResolutionTime
FNDA:0,updateTATMetrics
FNDA:0,formatTAT
DA:6,0
DA:7,0
DA:17,0
DA:19,0
DA:20,0
DA:22,0
DA:23,0
DA:25,0
DA:28,0
DA:31,0
DA:34,0
DA:38,0
DA:40,0
DA:41,0
DA:50,0
DA:51,0
DA:66,0
DA:67,0
DA:70,0
DA:71,0
DA:75,0
DA:77,0
DA:78,0
DA:87,0
DA:88,0
DA:97,0
DA:98,0
DA:102,0
DA:103,0
DA:107,0
DA:117,0
DA:118,0
DA:122,0
DA:124,0
DA:125,0
DA:133,0
DA:134,0
DA:140,0
DA:150,0
DA:157,0
DA:158,0
DA:166,0
DA:168,0
DA:169,0
DA:170,0
DA:171,0
DA:173,0
DA:174,0
DA:175,0
DA:176,0
DA:177,0
DA:178,0
DA:180,0
LF:53
LH:0
BRDA:20,0,0,0
BRDA:20,0,1,0
BRDA:23,1,0,0
BRDA:23,1,1,0
BRDA:66,2,0,0
BRDA:66,2,1,0
BRDA:66,3,0,0
BRDA:66,3,1,0
BRDA:97,4,0,0
BRDA:97,4,1,0
BRDA:102,5,0,0
BRDA:102,5,1,0
BRDA:102,6,0,0
BRDA:102,6,1,0
BRDA:117,7,0,0
BRDA:117,7,1,0
BRDA:143,8,0,0
BRDA:143,8,1,0
BRDA:166,9,0,0
BRDA:166,9,1,0
BRDA:166,10,0,0
BRDA:166,10,1,0
BRDA:173,11,0,0
BRDA:173,11,1,0
BRDA:175,12,0,0
BRDA:175,12,1,0
BRDA:177,13,0,0
BRDA:177,13,1,0
BRF:28
BRH:0
end_of_record
TN:
SF:lib\utils\webhooks.js
FN:9,triggerWebhook
FN:62,sendWebhookWithRetry
FN:79,(anonymous_2)
FN:85,(anonymous_3)
FN:104,sendWebhook
FNF:5
FNH:0
FNDA:0,triggerWebhook
FNDA:0,sendWebhookWithRetry
FNDA:0,(anonymous_2)
FNDA:0,(anonymous_3)
FNDA:0,sendWebhook
DA:10,0
DA:12,0
DA:18,0
DA:19,0
DA:22,0
DA:23,0
DA:26,0
DA:27,0
DA:28,0
DA:31,0
DA:32,0
DA:36,0
DA:38,0
DA:39,0
DA:41,0
DA:44,0
DA:45,0
DA:49,0
DA:51,0
DA:52,0
DA:63,0
DA:64,0
DA:66,0
DA:67,0
DA:68,0
DA:70,0
DA:71,0
DA:74,0
DA:77,0
DA:78,0
DA:79,0
DA:82,0
DA:83,0
DA:84,0
DA:85,0
DA:90,0
DA:105,0
DA:108,0
DA:115,0
DA:116,0
DA:117,0
DA:120,0
DA:121,0
DA:125,0
DA:128,0
DA:129,0
DA:136,0
DA:137,0
DA:139,0
DA:142,0
DA:156,0
DA:162,0
DA:165,0
DA:179,0
LF:54
LH:0
BRDA:18,0,0,0
BRDA:18,0,1,0
BRDA:31,1,0,0
BRDA:31,1,1,0
BRDA:31,2,0,0
BRDA:31,2,1,0
BRDA:38,3,0,0
BRDA:38,3,1,0
BRDA:63,4,0,0
BRDA:63,4,1,0
BRDA:70,5,0,0
BRDA:70,5,1,0
BRDA:77,6,0,0
BRDA:77,6,1,0
BRDA:83,7,0,0
BRDA:83,7,1,0
BRDA:92,8,0,0
BRDA:92,8,1,0
BRDA:104,9,0,0
BRDA:115,10,0,0
BRDA:115,10,1,0
BRDA:120,11,0,0
BRDA:120,11,1,0
BRDA:130,12,0,0
BRDA:130,12,1,0
BRDA:133,13,0,0
BRDA:133,13,1,0
BRDA:150,14,0,0
BRDA:150,14,1,0
BRF:29
BRH:0
end_of_record
